0.3235 5.16 0.2102
0.4358 4.44 0.4424
0.3370 4.39 0.3333
0.3273 5.38 0.4232
0.4475 3.60 0.3881
0.3674 7.86 0.1883
0.2023 7.77 0.1428
0.3323 5.12 0.3577
0.3039 13.13 0.2448
0.4436 4.32 0.5481
0.3432 5.70 0.1692
0.3471 7.86 0.1560
0.4162 4.41 0.6643
0.3140 8.61 0.1609
0.4225 3.73 0.3997
0.1515 15.68 0.0563
0.2825 9.59 0.0833
0.2425 10.61 0.0792
0.2890 9.30 0.4853
0.2689 8.74 0.1801
0.2566 10.21 0.1300
0.3937 6.44 0.1495
0.4466 3.65 0.3992
0.3745 5.27 0.1641
0.4231 4.97 0.2327
0.2543 12.48 0.3396
0.1468 20.82 0.0688
0.4121 2.85 0.5487
0.1758 9.91 0.2146
0.3153 5.53 0.2267
0.3903 3.87 1.1526
0.3554 4.28 0.3232
0.2666 12.69 0.1280
0.2776 9.09 0.1152
0.4102 4.44 0.4341
0.4346 4.60 0.4381
0.3053 6.24 0.1909
0.1348 19.88 0.0860
0.4277 4.38 0.3960
0.2038 9.31 0.2719
0.3332 7.75 0.1075
0.2618 7.29 0.3599
0.1394 20.62 0.0538
0.4405 2.90 0.8455
0.3830 3.36 0.5121
0.4294 3.44 0.8243
0.2094 10.53 0.1992
0.1920 18.34 0.0585
0.1334 18.85 0.0522
0.2360 11.50 0.1236
0.1649 10.46 0.1075
0.2455 9.88 0.1076
0.3232 5.81 0.1659
0.4284 7.24 0.1981
0.3886 3.15 0.9169
0.2746 10.54 0.0718
0.1637 17.60 0.0841
0.2410 10.36 0.0764
0.4249 4.86 0.3679
0.4183 6.42 0.2767
0.2299 9.02 0.1236
0.3557 7.27 0.1827
0.3227 5.23 0.1952
0.4196 3.64 0.6648
0.4103 4.22 0.2811
0.4428 2.66 0.8499
0.3773 4.60 0.3938
0.4304 2.96 0.6825
0.4307 5.28 0.2855
0.4251 4.88 0.3448
0.3696 5.65 0.2441
0.2843 4.59 0.7720
0.3446 4.12 0.3085
0.2891 11.59 0.1016
0.3397 3.42 0.2664
0.2548 8.76 0.2592
0.4364 5.07 0.3190
0.3632 5.59 0.2456
0.3588 4.28 0.3904
0.4275 4.52 0.4940
0.4452 3.74 0.3673
0.2390 6.04 0.1924
0.1466 17.52 0.0995
0.1883 11.40 0.0493
0.4016 4.01 0.4764
0.3869 4.23 0.4930
0.3150 6.47 0.1393
0.2016 5.71 0.1366
0.3057 6.96 0.2752
0.3402 6.45 0.1652
0.2752 4.45 0.3616
0.1467 19.51 0.0551
0.4262 6.24 0.4856
0.1328 14.94 0.1134
0.3344 5.72 0.1663
0.3674 4.22 0.4388
0.3476 4.75 0.1960
0.2691 8.17 0.1186
0.3518 5.72 0.2241
0.3269 6.22 0.2605
0.3563 5.71 0.1744
0.3430 5.19 0.2514
0.2934 12.46 0.0729
0.3300 4.16 0.2208
0.2727 8.99 0.1598
0.3201 4.72 0.3093
0.4250 4.09 0.3936
0.4263 4.48 0.1839
0.2701 6.38 0.1294
0.1690 16.63 0.0838
0.3974 4.14 0.4022
0.3532 4.87 0.2381
0.4077 7.82 0.2469
0.4055 4.95 0.3169
0.2042 11.27 0.2160
0.3354 6.62 0.1901
0.3976 3.04 0.4830
0.2770 6.28 0.2036
0.4230 5.37 0.1754
0.4038 4.17 0.2885
0.3408 5.43 0.2741
0.0379 25.76 0.0897
0.0811 24.88 0.0555
0.3791 3.61 0.5248
0.2762 7.41 0.1601
0.3745 3.94 0.7213
0.4028 4.48 0.3454
0.2172 7.42 0.3686
0.3941 3.37 0.6411
0.3193 7.09 0.1165
0.3777 3.52 1.1388
0.3703 10.28 0.1419
0.2279 11.65 0.0643
0.4324 2.70 1.7204
0.4030 5.28 0.1983
0.3992 5.89 0.1295
0.2515 11.52 0.1060
0.3339 6.56 0.3901
0.4465 3.50 0.3109
0.1961 17.81 0.0536
0.2587 8.75 0.0794
0.3452 6.73 0.3053
0.3778 4.23 0.4800
0.3000 5.26 0.2888
0.2374 13.53 0.0557
0.3932 3.37 0.7250
0.1681 15.22 0.0955
0.3490 5.18 0.3409
0.4424 4.01 0.3195
0.2832 9.63 0.1390
0.4394 6.67 0.3071
0.3890 4.63 0.5803
0.3646 5.04 0.1918
0.3787 5.35 0.1914
0.0669 25.04 0.0848
0.2216 8.34 0.1260
0.3687 3.41 0.3398
0.3669 5.22 0.3811
0.4001 3.80 0.4705
0.2855 6.01 0.5305
0.4120 4.00 0.5938
0.2050 12.97 0.0637
0.3649 6.91 0.1211
0.3847 4.08 0.2277
0.2867 5.44 0.4317
0.1906 13.43 0.0598
0.3768 3.87 0.4960
0.3685 5.42 0.1651
0.4022 4.04 0.3984
0.4390 2.64 0.4952
0.3212 6.72 0.1780
0.3650 2.90 0.9302
0.0487 26.06 0.0721
0.3894 5.07 0.5504
0.2107 10.33 0.1527
0.3799 4.99 0.4548
0.3398 7.71 0.2528
0.3529 6.43 0.2353
0.4014 6.38 0.1423
0.3857 4.39 12.1823
0.2246 7.03 0.1559
0.3680 4.15 0.2347
0.3782 5.80 0.2579
0.4197 4.05 0.5149
0.2871 6.15 0.1395
0.2737 6.05 0.2111
0.3230 6.95 0.1659
0.3324 4.75 0.2164
0.3847 6.33 0.1786
0.2638 9.06 0.0779
0.3820 5.64 0.3185
0.2349 10.61 0.1662
0.2284 10.69 0.1072
0.3334 7.42 0.1403
0.3634 4.73 0.5268
0.3425 6.96 0.1451
0.1879 8.18 0.1002
0.4310 4.43 0.2746
0.3568 4.65 0.4948
0.4399 3.97 0.3221
0.2414 9.27 0.0987
0.1897 13.77 0.0698
0.3372 6.55 0.1757
0.3279 7.31 0.2452
0.2633 6.11 0.3880
0.4010 3.23 0.4971
0.2061 8.52 0.1119
0.4062 4.61 0.2433
0.2086 7.15 0.3543
0.4071 3.75 0.4595
0.3703 3.93 0.7093
0.2512 7.88 0.2286
0.3910 4.26 0.5530
0.3315 5.36 0.2626
0.3432 9.59 0.0870
0.4236 4.80 0.0946
0.3120 7.82 0.1736
0.4050 5.64 0.1440
0.3996 5.41 0.2077
0.3368 7.52 0.1576
0.4375 3.97 0.3060
0.3665 5.72 0.1901
0.2669 7.56 0.1532
0.2429 6.03 0.2057
0.4367 4.54 0.2961
0.3059 5.59 0.1764
0.2415 15.18 0.0716
0.4190 5.23 0.1807
0.3869 4.36 0.3452
0.3241 4.54 0.3144
0.1537 20.68 0.0582
0.4314 5.49 0.2109
0.4219 4.29 0.4171
0.4391 3.55 0.3774
0.4184 5.07 0.2466
0.4049 4.85 0.2188
0.1588 17.39 0.0555
0.4228 4.67 0.2811
0.4337 4.09 0.2222
0.2584 11.99 0.0955
0.1853 12.46 0.0977
0.4461 3.72 0.7590
0.2217 9.97 0.0759
0.1766 12.36 0.0634
0.3815 3.87 0.2181
0.3212 4.27 0.9641
0.4067 6.97 0.1582
0.3898 3.24 0.6496
0.2575 10.93 0.1316
0.2960 5.75 0.1380
0.3505 4.50 0.7731
0.4348 4.46 0.3481
0.1488 14.08 0.0807
0.4043 4.14 0.7224
0.2441 12.64 0.1096
0.3003 9.41 0.0816
0.3018 7.14 0.2058
0.4043 4.50 0.7690
0.3262 4.45 0.1552
0.1767 19.32 0.0479
0.3661 6.21 0.1459
0.4467 3.17 0.4572
0.3775 5.38 0.2055
0.4434 3.51 0.9520
0.3442 8.52 0.1827
0.4140 4.65 0.4512
0.1283 22.84 0.0478
0.3311 9.08 0.1490
0.4283 4.15 0.5021
0.1678 14.71 0.0928
0.3302 7.82 0.2002
0.3279 3.71 0.3851
0.2298 10.86 0.1073
0.4031 6.63 0.2753
0.3241 7.76 0.1738
0.3119 7.16 0.2338
0.2703 9.46 0.1920
0.4250 5.19 0.2998
0.3634 4.02 0.3109
0.3861 4.47 0.1993
0.3768 4.85 0.4369
0.4161 4.81 0.3105
0.2758 12.21 0.0895
0.3671 5.53 0.2453
0.4132 5.18 0.2418
0.4098 3.40 0.6542
0.1598 12.60 0.0849
0.1506 16.37 0.0746
0.2129 12.21 0.1013
0.3033 4.84 0.2714
0.1110 22.70 0.0513
0.3431 6.25 0.4948
0.4263 6.56 0.1188
0.3121 8.16 0.0996
0.3153 4.13 0.5807
0.2939 4.64 0.5968
0.2639 8.36 0.1038
0.4275 5.22 0.7287
0.2998 5.22 0.2999
0.4352 4.79 0.3631
0.3208 5.68 0.1718
0.4017 4.25 0.1845
0.3886 6.30 0.1474
0.3017 11.39 0.0983
0.2898 4.09 0.3842
0.2027 9.26 0.5052
0.3665 5.86 0.1850
0.3575 4.33 0.3257
0.3570 3.83 0.2007
0.1691 17.41 0.0782
0.4136 5.84 0.2445
0.3945 3.14 0.4624
0.4256 2.84 0.9895
0.4175 5.37 0.1553
0.3318 9.10 0.3827
0.2772 5.38 0.7822
0.2382 7.15 0.1998
0.3357 4.54 0.7744
0.2343 13.43 0.0501
0.4340 4.57 0.2684
0.4366 4.49 0.2622
0.3902 2.73 1.6612
0.4022 6.52 0.1386
0.3355 12.71 0.0947
0.4045 3.82 0.3515
0.4146 2.53 1.0510
0.2604 8.26 0.0893
0.1662 16.46 0.0445
0.1775 10.74 0.3539
0.4321 3.70 0.7185
0.1516 18.62 0.1379
0.3515 6.29 0.1284
0.1974 9.63 0.0715
0.1846 11.98 0.1144
0.1556 21.88 0.0978
0.3666 5.73 0.1614
0.4312 3.13 0.4992
0.4208 4.67 0.2187
0.3153 4.49 0.3769
0.3781 4.44 0.6221
0.2117 8.43 0.3019
0.4185 3.92 0.4459
0.3011 7.40 0.4873
0.4302 3.87 0.5186
0.3768 5.17 0.2075
0.2751 6.94 0.1537
0.3019 5.62 0.5235
0.3454 4.20 0.5300
0.3590 4.65 0.2691
0.2114 15.93 0.0720
0.3855 6.04 0.1420
0.3048 6.09 0.1421
0.1845 10.30 0.1578
0.3853 3.92 0.3352
0.2187 8.71 0.1381
0.2853 4.85 0.3189
0.3210 6.20 0.1070
0.2354 7.34 0.2042
0.3780 4.86 0.2340
0.3515 3.63 0.7881
0.4228 3.65 0.4554
0.4220 4.23 0.2638
0.4411 5.61 0.2603
0.2015 10.70 0.0980
0.3506 3.91 0.6110
0.2770 8.07 0.0586
0.1901 16.19 0.0715
0.4111 3.24 0.6198
0.3536 7.39 0.2896
0.4353 2.97 0.5950
0.3219 8.90 0.1837
0.2845 6.03 0.1168
0.3466 3.29 0.5819
0.3673 5.74 0.1387
0.3944 4.77 0.5176
0.3205 4.04 0.3445
0.3870 4.20 0.6183
0.4252 6.85 0.2501
0.3977 5.48 0.2964
0.3838 4.73 0.2530
0.1742 14.09 0.1445
0.3789 4.73 0.2190
0.3230 5.18 0.0467
0.2159 15.64 0.0561
0.3398 5.36 0.1535
0.2863 8.51 0.3081
0.1477 14.09 0.1065
0.3370 4.23 0.1979
0.4465 2.81 0.8725
0.4371 4.87 0.2331
0.4054 4.47 0.2376
0.1633 9.16 0.1345
0.3954 5.92 0.2248
0.2425 5.69 0.4330
0.3961 4.46 0.6482
0.4395 5.12 0.3873
0.4400 3.58 0.3626
0.4053 5.25 0.4634
0.3013 6.97 0.1438
0.3773 4.95 0.4843
0.2768 7.99 0.1195
0.3455 5.16 0.2145
0.3974 5.30 0.1698
0.4078 5.08 0.2167
0.1801 15.37 0.0749
0.4093 3.64 0.3153
0.1574 17.56 0.0616
0.2582 9.58 0.1037
0.2804 8.42 0.2836
0.3861 5.61 0.2410
0.3130 10.11 0.1140
0.3827 3.74 0.3705
0.1580 17.98 0.0540
0.3303 4.57 0.3696
0.3060 7.43 0.1631
0.3295 6.96 0.2090
0.3887 7.26 0.0935
0.2671 7.19 0.0864
0.4177 3.89 0.6177
0.3917 2.89 0.4898
0.3703 5.58 0.2557
0.2911 7.03 0.1308
0.1103 18.84 0.0910
0.3817 5.27 0.4306
0.1780 15.87 0.0507
0.3538 5.54 0.1994
0.4094 3.42 0.8785
0.4236 3.51 0.5338
0.4048 3.62 0.6123
0.2727 4.65 0.2639
0.4318 4.08 0.7030
0.3723 4.05 0.2846
0.1146 21.76 0.0478
0.2297 12.64 0.0911
0.2733 6.27 0.1456
0.4302 3.28 0.4657
0.4217 3.11 0.5986
0.3913 5.19 0.3232
0.1187 22.29 0.0538
0.3675 8.04 0.1605
0.3833 3.63 0.4571
0.3282 8.12 0.3174
0.4165 7.93 0.1827
0.3393 6.77 0.1643
0.4443 3.07 1.3181
0.4199 4.04 0.7302
0.3624 3.92 0.4141
0.2462 8.56 0.1067
0.2434 6.19 0.1641
0.4116 6.53 0.1732
0.4030 6.27 0.2076
0.3701 5.20 0.3118
0.0323 26.38 0.1918
0.2328 10.03 0.1078
0.3019 8.04 0.0982
0.3284 4.74 0.3097
0.3146 5.92 0.8646
0.4043 3.25 0.7842
0.4106 3.70 0.2583
0.3290 6.44 0.1591
0.4413 3.30 1.6143
0.3676 4.98 0.2053
0.3415 5.38 0.7700
0.3869 6.88 0.1757
0.1840 9.39 0.1328
0.2823 9.70 0.0895
0.4330 3.43 0.4153
0.3374 4.54 0.2900
0.2632 11.36 0.1660
0.2667 10.89 0.1030
0.4027 2.99 1.3280
0.3960 3.62 0.3339
0.3107 7.55 0.1750
0.4464 3.09 0.4781
0.4358 5.21 0.3402
0.3807 6.61 0.0872
0.2364 9.49 0.1061
0.1741 7.22 0.1442
0.3863 5.69 0.3327
0.3128 5.95 0.1657
0.3213 4.92 0.3704
0.3461 7.06 0.1379
0.2721 8.04 0.1432
0.4067 4.78 0.4879
0.2143 10.91 0.0979
0.2510 10.48 0.1108
0.3110 5.66 0.3390
0.3481 4.52 0.2002
0.4137 4.97 0.2790
0.2820 5.79 0.1493
0.3553 4.95 0.1925
0.3999 3.62 0.6533
0.3383 3.87 0.7974
0.4391 5.89 0.2316
0.2586 11.63 0.1277
0.3869 5.06 0.6931
0.1852 8.49 0.1472
0.1908 15.17 0.0597
0.4006 5.74 0.2726
0.3604 4.90 0.3905
0.2959 8.44 0.0892
0.1445 17.38 0.0625
0.2632 9.36 0.1371
0.2248 16.92 0.0552
0.2954 5.06 0.4823
0.4363 4.68 0.3110
0.3255 5.41 0.1711
0.3968 5.91 0.8772
0.4127 4.62 0.5206
0.3296 4.30 0.3260
0.3062 8.18 0.3364
0.2037 13.04 0.0876
0.4372 5.37 0.2284
0.1461 16.80 0.0860
0.1118 21.60 0.0518
0.2150 8.87 0.1315
0.4336 4.15 0.4150
0.2259 13.42 0.0851
0.1954 16.56 0.0883
0.4482 3.66 0.5503
0.3329 5.21 0.2146
0.3966 5.78 0.2497
0.3841 4.53 0.2358
0.1417 20.62 0.0460
0.2326 8.94 0.1434
0.3236 7.04 0.1714
0.2828 7.13 0.4670
0.2826 10.77 0.1259
0.4264 3.68 0.3499
0.2127 7.67 0.1443
0.2309 11.17 0.2207
0.4066 4.34 0.2545
0.3851 5.44 0.3386
0.4347 4.22 0.2106
0.4212 3.95 0.4501
0.3994 4.77 0.1912
0.4287 4.29 0.5543
0.3441 8.17 0.1446
0.4316 3.48 0.6378
0.3822 4.28 0.4546
0.2429 8.32 0.4574
0.2628 11.67 0.1178
0.2727 15.89 0.0624
0.0978 23.57 0.0677
0.2408 10.79 0.2385
0.4402 3.80 0.2474
0.1880 11.32 0.1010
0.4187 4.88 0.2777
0.3352 4.00 0.8263
0.1964 17.44 0.1190
0.4333 4.53 0.3988
0.4185 3.75 0.5760
0.3740 4.94 0.1647
0.4392 3.91 0.5352
0.3144 3.88 0.2183
0.3504 4.80 0.5117
0.2519 10.67 0.0844
0.4083 3.29 0.5312
0.3428 5.18 0.2362
0.3939 3.74 0.3396
0.3866 3.99 0.5402
0.3463 9.55 0.1210
0.4427 4.83 0.3125
0.3204 6.44 0.1507
0.3703 3.22 0.5730
0.1103 22.34 0.0486
0.4206 4.28 0.3808
0.1970 16.57 0.1112
0.3602 8.44 0.4492
0.3433 5.86 0.1497
0.3671 7.69 0.2552
0.3874 3.12 0.4218
0.2561 8.69 0.1219
0.4163 3.02 0.4250
0.2657 15.19 0.0661
0.4229 4.34 0.4132
0.2373 9.60 0.1378
0.2964 7.68 0.0978
0.4283 4.13 0.7103
0.4329 4.01 0.2862
0.2931 5.14 0.2488
0.2613 5.75 0.4979
0.3840 4.27 0.3093
0.2935 7.71 0.1209
0.2914 6.14 0.2293
0.3702 4.49 0.2176
0.2177 14.07 0.0647
0.4307 3.63 0.6024
0.4293 3.90 0.3024
0.4240 3.41 0.5525
0.0847 22.54 0.0894
0.3985 3.18 0.7930
0.1295 21.95 0.0631
0.1933 14.17 0.0662
0.2665 8.42 0.1371
0.1640 16.43 0.0559
0.3715 3.93 0.3300
0.3842 4.01 1.0960
0.3606 7.26 0.2162
0.3181 3.91 0.4202
0.4376 4.70 0.2303
0.3706 4.92 0.2385
0.3883 3.85 0.4792
0.4320 4.01 0.3740
0.4336 4.94 0.3999
0.1743 17.63 0.0721
0.2022 9.15 0.1030
0.3617 5.27 0.4325
0.1967 9.53 0.0800
0.3974 3.58 0.4044
0.3091 6.09 0.1098
0.3235 5.28 0.4008
0.4146 3.57 0.5333
0.3430 5.19 0.3063
0.2118 10.09 0.1390
0.3485 7.27 0.1007
0.2931 4.80 0.3213
0.4077 4.83 0.2371
0.3356 6.24 0.2184
0.3316 4.55 0.2899
0.2848 8.50 0.1430
0.2429 8.99 0.3414
0.4424 4.14 0.2210
0.2234 13.28 0.0844
0.3086 3.46 0.6578
0.4134 4.40 0.4870
0.3938 3.90 0.3330
0.3050 5.90 0.1456
0.4294 4.25 0.5820
0.2066 14.90 0.0643
0.4180 4.56 0.4429
0.4458 3.79 0.3113
0.3073 4.06 1.0174
0.3937 4.32 0.2901
0.2955 4.09 0.3569
0.4193 4.04 1.0284
0.2810 10.72 0.1042
0.2803 8.99 0.3768
0.1960 10.21 0.0825
0.2851 5.87 0.1905
0.3794 3.65 0.5877
0.4152 3.90 0.5379
0.2063 13.41 0.0912
0.2370 8.31 0.1040
0.4240 4.28 0.3762
0.3817 6.68 0.3561
0.3621 5.67 0.6193
0.1689 11.37 0.0995
0.4098 3.51 0.4540
0.3112 4.75 0.4559
0.4481 3.44 0.3175
0.1013 23.30 0.0535
0.3924 6.59 0.2597
0.3765 5.19 0.1718
0.3197 2.89 0.7572
0.2912 5.89 0.1401
0.3937 4.01 0.6797
0.1993 14.85 0.0828
0.2736 7.42 0.1814
0.3223 7.06 0.1714
0.4182 3.93 0.5600
0.3050 7.63 0.1095
0.3218 4.24 0.5550
0.4419 2.45 1.1853
0.2179 12.83 0.0956
0.3928 4.03 0.4294
0.2169 8.84 0.0961
0.2439 13.84 0.0607
0.3236 5.79 0.2652
0.4302 4.63 0.2791
0.2299 11.02 0.0660
0.4024 3.50 0.4917
0.2914 6.20 0.2334
0.4077 6.41 0.1361
0.1372 19.23 0.0538
0.4261 5.61 0.1818
0.3436 4.80 0.1894
0.4348 4.37 0.8061
0.3795 4.91 0.8843
0.2338 6.06 0.1044
0.4224 4.74 0.6331
0.4157 6.37 0.2257
0.3945 5.98 0.2090
0.1740 18.70 0.0559
0.4063 3.85 0.3057
0.3748 4.28 0.3021
0.3526 3.25 0.8693
0.4475 3.72 0.4093
0.2695 5.20 0.1956
0.3961 3.31 0.8738
0.4245 3.99 0.5955
0.4374 3.76 0.5502
0.2092 8.81 0.1435
0.3121 9.55 0.2151
0.3759 3.85 0.4751
0.4309 4.76 0.3538
0.3709 4.24 0.3976
0.2308 12.58 0.0810
0.3225 8.00 0.3346
0.2233 9.83 0.1373
0.3314 4.16 0.3923
0.3047 6.13 0.2146
0.2795 6.26 0.1598
0.3613 4.12 0.2872
0.3016 6.19 0.2587
0.3908 6.33 0.1475
0.2493 9.32 0.1092
0.3659 8.58 0.1450
0.2621 8.50 0.2675
0.3697 4.23 0.2594
0.1944 9.52 0.0847
0.3363 7.32 0.0860
0.3401 4.38 0.4659
0.3834 5.11 0.2784
0.3853 4.97 0.5268
0.1032 23.72 0.0486
0.3883 6.43 0.2932
0.2324 16.55 0.0589
0.3683 4.24 0.4906
0.1940 12.42 0.0783
0.3050 6.62 0.1100
0.2872 11.91 0.0909
0.3978 4.88 0.3349
0.4300 3.16 0.8471
0.3038 6.33 0.1212
0.1827 13.70 0.0743
0.3882 5.73 0.2858
0.3023 5.40 0.2398
0.3751 4.46 0.3203
0.3806 3.53 0.3914
0.3856 5.10 0.5427
0.2390 10.84 0.0678
0.4118 6.51 0.2275
0.3161 10.76 0.1182
0.3289 8.72 0.1623
0.4310 5.67 0.1154
0.2546 9.08 0.0850
0.1579 11.62 0.2374
0.3280 5.87 0.1863
0.2175 13.86 0.1208
0.3637 6.24 0.2381
0.3161 7.31 0.2589
0.3904 4.22 0.3506
0.1542 13.29 0.1092
0.1632 13.63 0.0787
0.1678 17.07 0.1399
0.4183 5.36 0.1763
0.2892 5.87 0.1862
0.1847 15.18 0.0685
0.2428 7.82 0.1110
0.2276 14.12 0.0588
0.3568 3.98 0.2926
0.3698 4.06 0.2017
0.2237 9.54 0.1195
0.3079 4.82 0.2649
0.2461 5.23 0.2177
0.4218 4.96 0.2528
0.2470 7.25 0.6434
0.4011 4.17 0.1156
0.4052 3.62 0.3740
0.3431 4.67 0.3288
0.0789 24.59 0.1364
0.3240 6.51 0.0928
0.3420 6.91 0.1528
0.3234 7.83 0.4213
0.4451 4.35 0.4378
0.3477 5.50 0.3018
0.2583 7.23 0.2363
0.4233 4.11 0.4534
0.4165 4.92 0.4013
0.3743 4.41 0.2395
0.4116 4.27 0.2449
0.2978 7.82 0.1480
0.2257 9.70 0.0931
0.3761 5.79 0.4350
0.1992 9.72 0.1000
0.1991 16.27 0.0505
0.2814 10.53 0.1277
0.2316 8.39 0.0912
0.3597 4.93 0.2592
0.3973 4.42 0.3307
0.4336 4.39 0.3860
0.3131 5.43 0.1738
0.4118 5.15 0.2835
0.4439 5.43 0.3743
0.3397 5.40 0.1806
0.3240 5.23 0.1922
0.3913 4.05 0.2781
0.3997 6.03 0.4331
0.1171 24.29 0.0612
0.0902 24.21 0.0532
0.3831 4.26 0.3227
0.3323 7.03 0.1189
0.3371 5.00 0.3722
0.1770 11.00 0.1110
0.3145 6.81 0.1352
0.3599 7.24 0.1703
0.2892 6.20 0.1482
0.2470 15.29 0.2057
0.1149 22.17 0.1012
0.3450 4.79 0.1421
0.3747 6.97 0.1263
0.1481 20.78 0.0386
0.3021 5.88 0.1286
0.1822 14.24 0.0540
0.3777 3.09 0.6765
0.3873 3.72 0.3748
0.4080 4.83 0.3302
0.4389 4.40 0.4643
0.0724 23.49 0.1064
0.3440 6.39 0.1719
0.3452 3.74 0.5348
0.1447 18.47 0.2035
0.3865 4.72 0.4874
0.2543 6.77 0.2755
0.2806 8.06 0.1594
0.3864 4.46 0.3219
0.2728 7.30 0.1465
0.4221 5.38 0.2012
0.3512 4.37 0.2162
0.3461 5.09 0.5694
0.3134 6.46 0.1983
0.4411 3.91 0.2824
0.3606 4.93 0.4167
0.3870 4.26 0.4888
0.2214 13.08 0.0755
0.4296 4.58 0.2303
0.2909 4.62 0.3585
0.1370 21.78 0.0465
0.3344 5.56 0.2430
0.4160 4.93 0.2799
0.2378 10.20 0.0716
0.2756 10.35 0.2939
0.1476 17.23 0.0516
0.4177 3.96 0.3630
0.3795 4.62 0.2209
0.4093 2.82 0.8235
0.4357 3.56 0.3920
0.2714 9.12 0.1024
0.2000 17.16 0.0913
0.2971 6.26 0.1683
0.3334 5.83 0.2190
0.4077 4.57 0.2650
0.2359 9.10 0.2037
0.3691 5.09 0.1275
0.3286 4.43 0.3463
0.1495 22.36 0.0684
0.4024 3.78 0.2810
0.2338 11.14 0.1007
0.2670 6.06 0.5167
0.2549 4.04 0.3341
0.1933 15.31 0.2066
0.3682 2.78 0.4729
0.4329 6.60 0.1715
0.2706 9.74 0.2436
0.3259 9.52 0.1434
0.4120 4.35 0.3157
0.3841 3.20 0.6050
0.3554 5.03 0.3330
0.2454 6.54 0.1422
0.3870 4.69 0.2583
0.3664 5.17 0.2319
0.3171 5.93 0.1398
0.3459 5.97 0.1434
0.4408 5.11 0.7451
0.1965 12.65 0.1957
0.1625 10.70 0.1258
0.3705 3.30 0.7492
0.4373 4.92 0.2895
0.3443 6.22 0.1822
0.3164 6.31 0.2768
0.3986 5.75 0.1631
0.2490 11.05 0.0990
0.3009 7.75 0.1595
0.2823 6.85 0.3644
0.4474 2.77 0.6557
0.4261 4.69 0.6997
0.3762 5.64 0.2460
0.2400 5.25 0.3438
0.2536 7.70 0.2606
0.2066 17.75 0.0641
0.3359 6.57 0.1177
0.2039 16.89 0.0637
0.4283 3.29 0.6654
0.3909 3.93 0.6193
0.3732 3.86 0.5768
0.2405 12.96 0.0931
0.1305 18.06 0.1529
0.4363 4.29 0.2739
0.2766 5.75 0.2822
0.3946 4.17 0.3398
0.2824 5.27 0.1937
0.4318 3.92 0.4272
0.3552 6.30 0.4811
0.3184 4.10 0.4734
0.4396 4.30 0.2767
0.0945 23.92 0.0899
0.1433 17.89 0.0601
0.3646 4.48 0.2637
0.1961 11.04 0.0910
0.2434 8.26 0.1328
0.4009 6.00 0.1986
0.4191 4.30 0.4706
0.2615 8.12 0.1235
0.3677 4.82 0.3919
0.2693 6.37 0.1920
0.1011 22.35 0.1075
0.3920 4.60 0.2151
0.2941 6.00 0.2234
0.4046 5.07 0.2516
0.4363 3.07 1.0826
0.1332 20.92 0.0457
0.2280 11.03 0.0734
0.3505 4.69 0.2074
0.4355 4.67 0.5715
0.3130 6.36 0.1126
0.2055 10.99 0.0725
0.2699 7.68 0.1661
0.1590 16.12 0.0576
0.2213 10.75 0.1608
0.4406 4.63 0.1202
0.3094 5.59 0.2557
0.3179 7.88 0.2151
0.4324 6.08 0.2470
0.3505 5.10 0.3515
0.2992 8.32 0.1861
0.2939 5.42 0.2606
0.3861 4.87 0.3011
0.4343 3.59 0.4048
0.4027 5.38 0.2201
0.4380 4.19 0.8259
0.3918 5.47 0.2215
0.3963 4.53 0.3626
0.3259 6.80 0.4076
0.0908 23.59 0.0507
0.2004 9.13 0.1958
0.4224 3.62 0.7348
0.2187 12.59 0.1297
0.4087 7.24 0.1329
0.4404 2.39 1.7481
0.4232 3.73 0.4792
0.3063 4.06 0.6179
0.3638 6.22 0.1570
0.4394 3.35 0.4009
0.3031 5.39 0.1515
0.1947 13.10 0.3952
0.3736 4.48 0.5113
0.3263 6.21 0.2421
0.3265 8.59 0.1017
0.4269 5.77 0.2268
0.3546 5.88 0.1480
0.2427 6.11 0.3412
0.2897 9.46 0.1548
0.3740 4.20 1.1934
0.4365 3.67 0.6002
0.3445 4.89 0.3948
0.4011 7.47 0.1075
0.3278 4.84 0.2465
0.2668 7.86 0.1340
0.0396 26.46 0.0787
0.4105 5.61 0.1653
0.2253 13.92 0.0723
0.4065 5.75 0.2293
0.2855 9.21 0.0827
0.2441 13.49 0.0985
0.3291 7.80 0.1273
0.3697 6.55 0.1383
0.4176 3.38 0.8863
0.2591 10.98 0.1119
0.4468 5.45 0.2573
0.2911 6.71 0.3358
0.3726 5.94 0.1493
0.3947 3.47 0.8042
0.4001 2.79 0.5248
0.1169 22.17 0.1648
0.4292 2.67 1.1754
0.3502 7.20 0.2234
0.2534 8.31 0.1943
0.3997 4.60 0.2765
0.3980 4.94 0.2706
0.3426 3.73 0.3241
0.3290 6.42 0.1487
0.4314 3.68 0.2909
0.4116 4.28 0.3282
0.3742 4.04 0.2678
0.2843 5.07 0.1574
0.3250 10.04 0.0930
0.4089 3.63 1.4090
0.2811 10.90 0.0842
0.4346 4.78 0.3818
0.3540 5.31 0.1382
0.3082 6.41 0.1055
0.3560 4.22 0.3871
0.3939 3.06 0.3213
0.4031 4.24 0.6079
0.3177 4.92 0.2421
0.3785 3.85 0.5303
0.3868 5.80 0.1788
0.3291 5.04 0.1294
0.3398 6.36 0.1310
0.3361 5.34 0.2063
0.3781 4.05 0.4190
0.2308 16.12 0.0722
0.3045 11.15 0.5410
0.3622 4.87 0.2563
0.4107 4.94 0.2681
0.2600 9.71 0.4999
0.3874 6.34 0.1651
0.3678 5.55 0.4520
0.1600 15.65 0.1188
0.4136 4.32 0.2804
0.3681 4.89 0.1652
0.2529 7.13 0.1535
0.2758 11.69 0.0395
0.3856 5.71 0.3713
0.2820 6.50 0.1385
0.3724 5.05 0.2595
0.4090 4.74 0.6299
0.3694 3.49 0.3058
0.3923 8.89 0.1431
0.3415 5.25 0.2099
0.2966 4.83 0.8034
0.2365 14.43 0.0793
0.3997 4.45 0.5124
0.3409 9.00 0.1350
0.4118 3.33 0.3937
0.3359 6.21 0.1657
0.1615 12.88 0.0750
0.3751 5.05 0.2411
0.2373 13.65 0.2321
0.3797 7.87 0.1515
0.2609 8.21 0.1551
0.2418 11.77 0.0890
0.1519 13.03 0.1501
0.3657 4.38 0.2217
0.3596 3.81 0.3235
0.3314 5.00 0.1935
0.1994 4.92 0.6048
0.4202 3.66 0.3792
0.2610 7.09 0.1068
0.2859 6.54 0.1023
0.3687 4.61 0.1283
0.3889 4.00 0.2406
0.2960 9.64 0.1290
0.3309 4.30 0.2303
0.4407 4.16 0.4165
0.3251 4.74 0.5951
0.4359 5.01 0.3681
0.4260 1.98 2.7110
0.3802 4.35 0.2534
0.3506 5.64 0.1749
0.3238 4.44 0.9312
0.2486 12.50 0.0987
0.3292 4.77 0.4543
0.1573 22.92 0.0462
0.3305 5.63 0.5567
0.2405 8.99 0.1220
0.2804 6.38 0.2358
0.3873 4.29 0.4416
0.3087 4.48 0.8276
0.3551 6.22 0.3111
0.1643 14.93 0.0994
0.2841 8.77 0.1565
0.2472 14.16 0.0877
0.3026 6.37 0.2662
0.3476 5.08 0.3407
0.2652 7.96 0.1401
0.3626 4.02 0.3874
0.3723 5.71 0.1366
0.2955 10.17 0.1208
0.3250 6.21 0.8446
0.4214 3.87 1.9002
0.4293 4.27 0.5733
0.2677 5.31 0.2573
0.4328 3.05 1.2292
0.2993 5.69 0.2153
0.3168 6.78 0.5005
0.3324 6.43 0.1726
0.4361 5.72 0.1528
0.3004 7.39 0.2398
0.3274 6.97 0.2741
0.3349 5.38 0.5151
0.4351 4.05 1.4021
0.3105 7.24 0.1701
0.4002 5.19 0.2318
0.3128 7.16 0.1677
0.3037 5.85 0.0872
0.2554 6.05 0.1499
0.3284 4.52 0.1898
0.3239 5.70 0.1994
0.4303 2.75 0.7423
0.2455 7.07 0.1001
0.1551 15.70 0.1065
0.4134 4.91 0.5589
0.3114 5.35 0.2733
0.3827 3.96 0.4205
0.1380 17.60 0.0524
0.3433 7.57 0.4313
0.1630 17.15 0.1206
0.4262 3.79 0.3426
0.3656 9.25 0.0833
0.3508 4.44 0.2379
0.4158 5.06 0.2337
0.2574 9.31 0.0857
0.1079 23.66 0.0470
0.2111 10.71 0.1170
0.4258 4.10 0.7449
0.3590 5.74 0.1746
0.3469 8.90 0.1217
0.1811 12.66 0.2333
0.3758 7.87 0.2037
0.3837 5.19 0.2394
0.3697 6.47 0.2204
0.3933 3.92 0.3695
0.0988 24.57 0.0680
0.3750 6.57 0.2324
0.2276 8.13 0.1631
0.2619 4.25 0.3917
0.2420 9.49 0.1443
0.2745 6.14 0.2639
0.2217 9.53 0.0644
0.3630 3.94 0.4910
0.3124 5.72 0.4917
0.2656 9.71 0.0669
0.4442 3.53 0.5991
0.2655 7.38 0.3395
0.2835 5.61 0.1688
0.2310 15.86 0.1717
0.1541 12.64 0.0821
0.2387 7.26 0.1285
0.3258 6.41 0.1650
0.2432 9.74 0.1346
0.1211 16.94 0.0979
0.2974 7.25 0.1122
0.4065 2.86 0.3633
0.3190 4.54 0.2790
0.2149 10.66 0.0674
0.1165 17.35 0.0876
0.2308 10.07 0.1424
0.2443 8.50 0.1347
0.3483 5.08 0.2874
0.1837 13.86 0.0710
0.2444 11.88 0.1158
0.2020 9.66 0.1632
0.1549 13.76 0.1075
0.4284 6.03 0.1594
0.4152 3.74 0.3541
0.3019 6.59 0.1145
0.3033 7.11 0.1093
0.3770 6.51 0.1914
0.3111 6.21 0.1976
0.3108 4.33 0.3261
0.4120 5.10 0.2218
0.2951 6.24 0.1501
0.1978 11.76 0.2426
0.3211 7.83 0.1219
0.3620 4.70 0.2660
0.1104 19.61 0.0678
0.3911 3.63 0.3767
0.3277 4.94 0.1609
0.3488 6.09 0.1496
0.3584 4.70 0.5850
0.2965 6.83 0.1242
0.3636 9.35 0.1290
0.3489 4.53 0.2826
0.3759 3.60 0.5662
0.3521 6.89 0.1878
0.2149 7.41 0.1735
0.2650 15.00 0.0737
0.4438 3.53 0.3737
0.3958 3.91 0.4731
0.2940 7.08 0.2365
0.1092 17.53 0.0739
0.4265 4.36 0.3310
0.1238 20.21 0.0874
0.4149 4.32 0.3453
0.2833 8.05 0.1653
0.3931 4.68 0.5250
0.1517 11.58 0.1822
0.3370 3.95 0.4832
0.2962 10.87 0.2417
0.3614 6.01 0.2619
0.3721 7.01 0.1223
0.4221 4.80 0.2883
0.1289 21.91 0.0463
0.3195 6.69 0.1151
0.2892 4.95 0.3159
0.3608 6.06 0.1183
0.4474 4.33 0.3306
0.3428 7.08 0.2674
0.2791 8.89 0.0885
0.3614 5.76 0.1329
0.3774 4.21 0.2223
0.4473 4.14 0.3231
0.3855 5.77 0.1338
0.4394 4.58 0.3561
0.4209 5.52 0.1910
0.4354 4.56 0.4267
0.3851 5.69 0.1263
0.3833 5.12 0.2095
0.1558 17.24 0.0635
0.2730 7.49 0.0805
0.2266 13.91 0.0854
0.4481 4.52 0.4656
0.3096 4.09 2.1150
0.4372 6.52 0.3160
0.3572 5.04 0.6831
0.4001 3.79 0.4032
0.3852 7.60 0.1115
0.4168 4.56 0.4175
0.1933 14.65 0.1113
0.4074 5.16 0.2720
0.3063 7.31 0.0827
0.3659 3.84 0.2517
0.3307 9.61 0.1659
0.3106 3.77 0.5480
0.3374 5.52 0.1948
0.2479 8.30 0.0979
0.3570 4.93 0.2510
0.2055 12.33 0.1110
0.1937 12.75 0.1067
0.4288 5.11 0.3459
0.3949 3.53 0.5417
0.3035 8.31 0.2385
0.3639 5.33 0.1788
0.4142 5.58 0.3085
0.3119 5.02 0.2281
0.3621 3.66 0.6087
0.3127 5.14 0.1381
0.3164 8.62 0.1066
0.2212 12.72 0.0840
0.3208 5.60 0.0961
0.3151 4.41 0.3144
0.2151 12.89 0.0562
0.2348 8.71 0.1539
0.3774 5.15 0.2634
0.1524 13.21 0.4564
0.4021 3.42 0.4025
0.3934 4.11 0.3069
0.3983 3.13 1.0635
0.3349 7.13 0.2022
0.3456 6.51 0.1252
0.4421 3.18 0.4926
0.0805 24.45 0.0502
0.2798 8.31 0.4125
0.3504 4.75 0.2135
0.0982 25.57 0.0443
0.3803 3.59 0.4490
0.3168 7.08 0.1808
0.2309 8.01 0.1073
0.2676 5.30 0.3825
0.4453 5.43 0.2600
0.1014 25.19 0.0953
0.2141 16.00 0.0946
0.3898 4.07 0.3303
0.2537 6.58 0.1791
0.2147 13.31 0.0836
0.4260 3.39 1.3829
0.3833 5.31 0.2628
0.4212 3.58 0.5502
0.3548 4.75 0.4574
0.4025 4.04 0.6976
0.3066 4.95 0.0874
0.1425 16.90 0.0795
0.3080 7.74 0.1755
0.3685 3.25 0.5908
0.2978 7.12 0.1098
0.4209 4.53 0.3509
0.4137 4.61 0.2635
0.3422 8.36 0.2106
0.2229 14.66 0.0666
0.4131 2.95 0.4020
0.4247 4.68 0.2120
0.3465 3.94 0.3743
0.4277 4.96 0.5836
0.4157 4.20 0.5220
0.3438 9.56 0.0949
0.2394 8.75 0.1134
0.4198 3.10 0.8910
0.4171 5.49 0.6163
0.4256 5.59 0.2977
0.2285 7.26 0.1891
0.1816 16.30 0.0679
0.2994 9.60 0.0950
0.1783 14.23 0.0860
0.4274 5.94 0.2458
0.3838 4.96 0.3058
0.3468 7.43 0.1216
0.2034 13.16 0.0712
0.1320 17.58 0.0881
0.3931 3.96 0.6947
0.3924 5.88 0.1645
0.0759 23.77 0.0563
0.3737 4.69 0.2177
0.3273 7.38 0.1822
0.1657 14.67 0.2005
0.3565 5.75 0.1192
0.3283 4.69 0.3811
0.3143 3.94 0.6577
0.3704 7.06 0.1295
0.3449 4.41 0.2975
0.4266 3.60 0.8431
0.3624 5.88 0.2232
0.2081 12.57 0.1155
0.1963 6.70 0.1698
0.3296 6.23 0.5524
0.0801 23.99 0.0502
0.2059 10.48 0.1253
0.3220 6.60 0.1808
0.4250 3.57 0.4129
0.4140 3.46 0.4667
0.4236 4.91 0.2154
0.2523 7.74 0.1387
0.3152 7.00 0.1220
0.3743 4.87 0.2898
0.2609 11.73 0.0746
0.3599 6.99 0.1383
0.3713 3.27 1.3063
0.3484 6.17 0.1947
0.2381 14.53 0.0627
0.2455 8.72 0.1700
0.2638 9.86 0.1430
0.4366 3.99 0.7785
0.3711 4.37 0.1659
0.2996 5.45 0.5820
0.3830 4.47 0.2252
0.4083 3.91 0.4190
0.2132 12.12 0.0632
0.1691 16.03 0.2011
0.3359 5.13 0.3282
0.1401 20.68 0.0523
0.2888 7.10 0.1744
0.4244 2.59 0.3026
0.3836 4.01 0.3421
0.2694 5.46 0.2151
0.4159 2.92 0.4945
0.4380 5.31 0.2706
0.2658 7.01 0.3964
0.2886 6.52 0.1682
0.4434 5.44 0.2928
0.4260 4.35 0.6114
0.4288 4.57 0.4527
0.1929 9.73 0.0931
0.4004 4.94 0.4261
0.3227 7.16 0.1588
0.3938 5.37 0.3855
0.3622 5.68 0.2598
0.3754 5.87 0.1583
0.4025 4.45 0.3935
0.3965 4.47 0.2659
0.3569 8.52 0.0905
0.2627 9.28 0.1105
0.4308 3.24 0.9085
0.1611 13.72 0.1215
0.2811 9.03 0.1182
0.0627 24.71 0.0790
0.3645 4.74 0.3043
0.4440 3.75 0.7255
0.4118 5.00 0.2509
0.2738 9.88 0.3429
0.2238 7.75 0.1422
0.3716 6.30 0.1656
0.2943 6.39 0.9923
0.3955 5.32 0.3389
0.4072 5.13 0.4124
0.3135 4.47 0.2686
0.3383 6.78 0.4463
0.1748 11.27 0.2863
0.2400 11.06 0.1226
0.4336 5.09 0.3526
0.3935 4.56 0.3120
0.3804 4.41 0.5389
0.3201 4.46 0.3039
0.4321 3.74 0.7871
0.3377 4.36 0.4102
0.2630 7.85 0.0895
0.2779 8.85 0.0979
0.2223 10.04 0.2190
0.3574 5.41 0.1933
0.4057 5.25 0.2002
0.2352 7.05 0.1632
0.1308 22.37 0.0439
0.3073 4.98 0.2128
0.3863 5.20 0.4085
0.4427 5.94 0.1417
0.4160 4.87 0.2770
0.4244 5.98 0.1453
0.4305 5.49 0.3407
0.0559 25.06 0.1379
0.1797 8.41 0.1208
0.2944 11.32 0.1331
0.4482 5.86 0.3243
0.2613 6.36 0.1735
0.1990 14.13 0.1942
0.2044 10.46 0.1001
0.2963 6.45 0.1119
0.2278 9.45 0.1825
0.2684 5.51 0.2871
0.2471 10.16 0.1455
0.3433 5.96 0.1655
0.4083 4.78 0.3328
0.2030 16.34 0.0662
0.3141 8.18 0.1170
0.2834 7.58 0.1331
0.3307 5.19 0.2211
0.3250 8.51 0.2492
0.3734 5.09 0.1672
0.3980 4.43 0.4044
0.4337 4.94 0.6195
0.4128 5.23 0.2855
0.4314 4.68 0.1857
0.2913 9.12 0.0872
0.3152 6.12 0.3256
0.2363 10.65 0.1880
0.2447 13.10 0.2060
0.1817 9.96 0.1768
0.1732 12.73 0.0735
0.2322 10.14 0.2297
0.3225 4.89 0.3580
0.3234 6.37 0.1379
0.3271 5.03 0.1816
0.3919 4.45 0.2988
0.3812 3.03 0.9395
0.1785 19.16 0.0599
0.3297 4.05 0.7718
0.3098 8.80 0.1051
0.4253 3.42 0.5829
0.3555 5.44 0.1532
0.3208 5.74 0.2580
0.4243 6.55 0.2342
0.2885 8.70 0.0866
0.1951 14.81 0.0817
0.2132 13.39 0.0885
0.1556 16.41 0.2710
0.2525 9.31 0.1360
0.4227 6.54 0.1678
0.1999 9.86 0.1208
0.3095 9.37 0.1888
0.2095 16.22 0.1702
0.3566 5.20 0.2958
0.3804 4.37 0.3236
0.2650 6.17 0.1548
0.3940 6.26 0.1807
0.1135 18.98 0.0513
0.2669 5.85 0.2169
0.3650 3.95 0.9355
0.3283 4.51 0.4541
0.2593 5.51 0.1725
0.3672 6.30 0.3700
0.3137 4.32 0.4038
0.3876 4.13 0.2534
0.3562 5.22 0.4327
0.2795 5.56 0.1746
0.2627 6.30 0.1865
0.4256 3.82 0.3750
0.2427 7.68 0.2454
0.3794 5.41 0.1616
0.3381 5.54 0.1829
0.2197 7.22 0.4601
0.2222 10.16 0.0808
0.2374 9.38 0.1506
0.2784 11.22 0.0639
0.3729 6.71 0.1796
0.2429 8.59 0.2307
0.2248 8.02 0.1415
0.1702 15.67 0.0666
0.4091 3.06 0.7617
0.4226 4.15 0.2264
0.0203 26.52 0.1696
0.2583 7.28 0.1156
0.4316 5.09 0.5115
0.1185 22.34 0.0437
0.3843 5.14 0.2453
0.3772 4.65 0.2754
0.3035 9.33 0.1089
0.4175 3.77 0.3311
0.3497 6.71 0.1199
0.1440 14.64 0.0617
0.3765 4.53 0.3073
0.3286 9.70 0.1342
0.2387 9.50 0.1335
0.3714 3.58 0.3542
0.3932 5.06 0.2032
0.3107 5.08 0.6050
0.4395 3.27 0.6763
0.3422 7.71 0.1574
0.1854 13.40 0.0773
0.4090 4.83 0.7769
0.3198 6.23 1.0981
0.1814 16.86 0.0541
0.1939 13.90 0.0778
0.3239 5.87 0.1665
0.3782 3.55 0.4178
0.3799 3.30 0.4368
0.3686 6.29 0.1997
0.3281 4.94 0.1533
0.3257 7.03 0.1284
0.4293 5.78 0.5878
0.2557 8.99 0.0768
0.3016 6.19 0.1587
0.1105 20.28 0.0775
0.3798 6.80 0.1588
0.2000 11.99 0.1013
0.2585 8.26 0.1154
0.3769 4.46 0.2553
0.3981 5.67 0.1629
0.3206 6.93 0.1701
0.1710 12.92 0.1058
0.0861 24.38 0.0564
0.3662 2.51 1.0506
0.2351 11.34 0.0672
0.3618 4.49 0.3155
0.3866 4.99 0.4260
0.3775 5.21 0.3634
0.2986 7.50 0.1208
0.3629 5.89 0.1890
0.3955 3.70 0.3003
0.2996 9.39 0.0955
0.3862 5.95 0.2575
0.1420 16.00 0.0866
0.3386 4.69 0.3634
0.4143 6.58 0.1830
0.4080 3.84 0.2834
0.4257 4.14 0.3574
0.3997 3.47 0.2438
0.3152 8.06 0.0905
0.1544 15.92 0.0580
0.2451 7.39 0.0847
0.4117 5.33 0.2038
0.4383 5.01 0.2615
0.4116 3.57 0.8717
0.3363 8.73 0.1457
0.2522 16.56 0.1076
0.4100 4.54 0.2467
0.4234 5.96 0.2567
0.3085 6.77 0.1853
0.3868 7.35 0.1878
0.3973 6.38 0.1807
0.4420 3.68 0.3547
0.2323 11.86 0.3298
0.3542 6.59 0.2135
0.2279 9.83 0.1021
0.3756 5.41 0.2209
0.4318 3.76 0.2580
0.1335 20.48 0.1868
0.4309 5.52 0.1518
0.2457 13.82 0.0738
0.2940 6.58 0.1293
0.2108 12.98 0.0936
0.3085 12.72 0.0859
0.2696 6.83 0.9876
0.3948 3.85 0.4995
0.4386 4.80 0.2051
0.2782 5.85 0.1543
0.3700 5.40 0.2125
0.3230 4.19 0.2478
0.3539 6.38 0.1512
0.3491 4.70 0.4405
0.3899 5.37 0.2007
0.4019 6.42 0.1143
0.2961 6.52 1.1690
0.4393 5.70 0.2577
0.3765 7.37 0.1314
0.2385 6.04 0.1839
0.2390 10.84 0.1092
0.1720 13.03 0.2132
0.2848 9.01 0.1134
0.2564 7.99 0.1145
0.3163 4.59 0.3142
0.3973 4.93 0.2952
0.2765 4.97 0.4065
0.4155 4.33 0.2934
0.4260 3.47 0.6305
0.4135 4.99 0.6568
0.1293 20.06 0.0485
0.4240 3.93 0.4030
0.4229 3.34 0.7339
0.1464 18.66 0.0550
0.2611 8.02 0.0826
0.4177 3.66 0.8460
0.2771 6.99 0.1527
0.2544 6.86 0.1756
0.4423 2.25 1.2009
0.3309 5.01 0.4411
0.4174 8.99 0.1111
0.1813 17.68 0.1294
0.3654 4.96 0.2021
0.3850 3.52 0.3819
0.3330 7.38 0.1169
0.4401 5.82 0.3049
0.3593 3.48 0.3162
0.2736 6.58 0.1307
0.4437 5.14 0.2016
0.1584 17.69 0.0647
0.3779 4.35 0.3787
0.3098 8.87 0.0837
0.4404 2.91 0.4248
0.2910 6.72 0.1088
0.3426 2.95 1.0405
0.2418 10.55 0.1377
0.3080 5.29 0.3155
0.2591 13.26 0.0899
0.4401 4.10 0.3986
0.4275 3.61 0.9045
0.3592 4.41 0.2337
0.3450 6.42 0.2108
0.3713 3.76 0.3547
0.2322 7.38 0.2863
0.3933 4.88 0.2787
0.4023 3.88 0.4451
0.3614 6.81 0.1551
0.2565 10.46 0.0934
0.2172 13.68 0.1288
0.3473 4.94 0.1138
0.4037 4.79 0.3594
0.3208 5.77 0.1146
0.3274 5.33 0.1679
0.3510 6.10 0.1679
0.2997 8.39 0.1389
0.2578 15.94 0.2286
0.3053 6.13 0.1955
0.3808 4.51 0.2223
0.2675 9.48 0.0991
0.2719 7.89 0.1166
0.3252 5.60 0.2881
0.4360 5.53 0.3105
0.2496 7.21 0.2368
0.4113 4.57 0.6510
0.4157 5.43 0.2574
0.2097 11.04 0.1169
0.2378 10.24 0.0901
0.3416 5.49 0.2042
0.3464 5.53 0.1449
0.2175 14.14 0.0677
0.2545 7.05 0.4952
0.3808 6.63 0.1926
0.4472 4.43 0.2410
0.2507 9.37 0.3157
0.3773 3.97 0.4066
0.2978 5.42 0.1755
0.3409 5.48 0.1649
0.4473 3.08 6.6559
0.2900 6.02 0.2146
0.2154 7.79 0.2868
0.1453 12.64 0.1956
0.2641 8.03 0.0775
0.2738 11.76 0.0675
0.4066 5.84 0.2791
0.3510 3.55 0.2105
0.3083 4.64 0.3143
0.3931 4.85 0.4797
0.1853 15.61 0.1619
0.3421 6.32 0.1832
0.2536 11.11 0.1316
0.3584 5.04 0.2337
0.4124 4.63 0.2427
0.3626 6.34 0.1908
0.2716 8.33 0.1739
0.3324 5.51 0.2020
0.3393 7.51 0.3461
0.2379 7.30 0.1229
0.2333 15.14 0.1226
0.3606 4.33 0.2126
0.3301 4.63 0.2414
0.3309 5.15 0.2036
0.2854 5.35 0.1936
0.2787 5.94 0.1854
0.3626 5.97 0.0860
0.1431 16.20 0.0758
0.0830 24.71 0.0610
0.1831 17.19 0.0436
0.4104 3.70 0.4821
0.2972 6.51 0.2218
0.4026 5.51 0.3250
0.4360 3.90 0.3265
0.4416 4.58 0.3862
0.4083 5.83 0.3928
0.3428 4.34 0.3082
0.4295 4.89 0.2424
0.3008 9.13 0.1316
0.3468 5.12 0.2026
0.3202 7.54 0.1319
0.4394 4.88 0.2569
0.3851 3.41 0.5378
0.3845 5.07 0.1662
0.2715 6.54 0.1745
0.4121 6.61 0.2736
0.3871 5.04 0.2933
0.3901 6.23 0.2003
0.2075 8.13 0.1205
0.3118 8.87 0.1288
0.2205 12.93 0.0658
0.2647 8.13 0.1072
0.3217 9.64 0.0781
0.2371 9.45 0.2518
0.2608 7.43 0.1377
0.3861 4.02 0.4422
0.3867 3.10 0.4354
0.1884 18.28 0.1358
0.3480 6.50 0.1010
0.2878 4.22 1.0095
0.3410 6.69 0.1493
0.1181 19.97 0.0618
0.2006 12.99 0.1314
0.4458 5.58 0.4657
0.4421 3.37 0.5500
0.3493 4.50 0.7571
0.2754 5.03 0.3060
0.1477 19.74 0.0510
0.2153 6.02 0.1794
0.4242 4.87 0.3775
0.2033 20.46 0.0530
0.1663 15.02 0.0650
0.2671 8.52 0.1781
0.4196 4.87 0.1673
0.2040 13.86 0.0613
0.2632 8.62 0.1712
0.3228 4.64 0.3178
0.1140 22.62 0.1049
0.4411 5.21 0.1619
0.2293 8.68 0.4038
0.2363 10.19 0.1178
0.2716 6.81 0.1167
0.2258 10.39 0.1616
0.3929 3.99 0.5762
0.4456 3.63 0.5049
0.2735 9.78 0.1381
0.1369 15.87 0.0704
0.2837 7.95 0.3896
0.2807 6.28 0.4839
0.1283 21.63 0.0520
0.2677 9.93 0.1587
0.3994 4.19 0.3709
0.0978 23.30 0.0502
0.3222 5.11 0.2302
0.2002 13.67 0.0800
0.1905 12.05 0.1122
0.3080 9.71 0.3331
0.3551 6.01 0.2656
0.3653 4.02 0.2890
0.3149 6.82 0.1543
0.1393 23.16 0.0478
0.3609 4.15 0.3439
0.3734 4.67 0.3622
0.4063 4.57 0.4121
0.3012 5.97 0.1369
0.1642 14.86 0.0878
0.3837 5.19 0.1934
0.3776 4.37 0.2927
0.3730 7.04 0.1090
0.1120 17.15 0.2275
0.3489 4.19 0.3804
0.2683 10.84 0.1561
0.2822 6.15 0.1521
0.2097 12.68 0.0689
0.3121 5.11 0.4873
0.1810 11.36 0.0574
0.4035 4.08 0.2761
0.2150 8.10 0.1414
0.3723 4.86 0.2136
0.3724 4.27 0.2849
0.3280 10.22 0.1335
0.3894 6.49 0.3100
0.2796 4.47 0.3488
0.3974 7.31 0.1201
0.4401 4.15 0.6939
0.3396 5.86 0.2064
0.4413 4.58 0.2471
0.2825 12.53 0.2058
0.1851 9.03 0.1766
0.2650 7.54 0.1161
0.3238 5.78 0.3140
0.3045 7.81 0.3142
0.3222 4.91 0.2108
0.4309 5.17 0.4573
0.3485 7.19 0.0609
0.2680 9.30 0.1019
0.3329 3.18 0.7581
0.2026 8.66 0.1963
0.2184 13.64 0.0566
0.3970 3.55 0.4612
0.4327 2.47 1.0739
0.2261 11.08 0.1455
0.3996 2.78 0.6373
0.3668 5.84 0.1757
0.4481 4.85 0.3776
0.3041 7.46 0.2088
0.4157 3.64 0.5993
0.3844 6.46 0.2302
0.2402 9.28 0.1348
0.4360 7.41 0.1742
0.3450 4.27 0.4986
0.4469 5.44 0.2968
0.4088 2.73 0.6883
0.4454 3.99 0.2888
0.3265 3.68 0.2843
0.3943 6.29 0.1619
0.0373 26.23 0.1674
0.3621 4.32 0.3565
0.2564 7.14 0.4447
0.3236 5.38 0.2195
0.3110 5.25 0.1907
0.3978 7.86 0.1329
0.2669 10.98 0.1092
0.3960 4.76 0.3504
0.3821 3.38 0.3793
0.4132 4.44 0.5387
0.3998 4.85 0.4871
0.3572 4.17 0.2091
0.3479 4.31 0.2736
0.2632 7.05 0.1642
0.4173 4.29 0.3007
0.2957 6.09 0.2656
0.3645 8.07 0.2081
0.4326 3.01 1.4356
0.2340 9.49 0.1526
0.1121 20.20 0.0682
0.3961 3.12 0.5076
0.4436 3.45 0.6925
0.2715 9.49 0.1000
0.2025 15.79 0.1366
0.4403 3.56 0.2467
0.3020 8.58 0.3997
0.4339 5.32 0.3098
0.1655 8.41 0.1367
0.3520 5.40 0.1620
0.4262 5.21 0.5501
0.3817 4.84 0.2587
0.4004 4.33 1.0956
0.3369 5.84 0.1893
0.3076 4.96 0.1950
0.3642 7.34 0.1907
0.3495 6.48 0.2921
0.3352 6.65 0.1157
0.3381 4.55 0.2272
0.3107 7.70 0.1196
0.2389 9.72 0.1333
0.4366 4.99 0.1934
0.2726 6.62 0.1605
0.2209 11.37 0.0579
0.2761 4.82 0.3373
0.2377 13.00 0.0821
0.3776 7.46 0.1602
0.4202 4.63 0.2743
0.3730 4.22 0.4081
0.4121 6.12 0.1405
0.3255 6.11 0.1889
0.4158 4.85 0.3316
0.1626 18.96 0.0769
0.4367 4.35 0.3179
0.3625 4.46 0.6551
0.3385 4.50 0.4372
0.4464 4.10 0.2512
0.2415 5.80 0.2343
0.3635 3.96 0.4584
0.2153 8.83 0.1119
0.3860 2.98 0.4491
0.1799 6.72 0.4517
0.3809 9.13 0.1171
0.2819 7.14 0.1563
0.4357 4.80 0.5558
0.3232 6.18 0.2239
0.3195 8.16 0.1191
0.1150 20.50 0.0675
0.2749 7.29 0.1568
0.3170 4.64 0.2385
0.3584 4.55 0.4147
0.3258 7.24 0.1989
0.2554 8.70 0.1072
0.2657 6.37 0.1615
0.2894 9.10 0.1760
0.3242 6.00 0.4732
0.2872 6.20 0.1938
0.1325 22.53 0.0506
0.1473 14.40 0.0803
0.2974 5.87 0.1477
0.1346 20.70 0.0850
0.3204 8.15 0.0907
0.3119 6.67 0.1825
0.3655 3.53 0.3934
0.2727 7.58 0.1305
0.4177 4.23 0.6859
0.3473 3.87 0.4074
0.3870 4.40 0.3971
0.2525 10.40 0.1076
0.3838 4.58 0.3634
0.3936 3.12 0.5579
0.3176 5.52 0.1967
0.4311 3.83 0.7217
0.3816 4.55 0.2568
0.2530 10.57 0.0883
0.3068 6.19 0.1829
0.3265 3.77 0.5186
0.4389 5.66 0.1669
0.2443 10.25 0.1349
0.3585 4.62 0.8678
0.4264 4.40 0.5193
0.2285 7.67 0.1955
0.3492 4.79 0.2529
0.3117 5.35 0.1802
0.2655 8.37 0.2920
0.4179 4.28 0.3894
0.3315 5.37 0.2261
0.2404 13.85 0.0959
0.3533 6.19 0.1620
0.1260 19.47 0.0566
0.4104 3.73 0.5248
0.3863 5.24 0.2504
0.2279 6.26 0.1951
0.4445 3.57 0.9774
0.4282 4.61 0.3496
0.2861 6.28 0.1295
0.4041 3.76 0.5328
0.2520 9.03 0.3013
0.1301 21.25 0.0402
0.3532 6.29 0.1811
0.3167 4.79 0.3075
0.3771 3.55 0.8702
0.1851 15.48 0.0611
0.2792 6.73 0.1728
0.3058 8.40 0.0919
0.3102 5.41 0.1900
0.4039 5.34 0.4129
0.2679 7.44 0.1109
0.3550 4.15 0.2550
0.2455 10.48 0.1050
0.4302 2.66 0.7196
0.2842 5.29 0.6549
0.4337 7.01 0.2234
0.4231 4.05 0.3939
0.3621 3.78 0.2722
0.2559 6.46 0.3367
0.3465 5.62 0.1643
0.4110 5.05 0.4286
0.3969 3.93 0.2021
0.4159 3.12 0.6038
0.3999 3.93 0.4869
0.4109 5.20 0.1905
0.2496 12.02 0.0730
0.3344 4.57 0.3466
0.2905 7.78 0.1623
0.3003 5.49 0.1464
0.4456 4.46 0.3486
0.1835 14.44 0.0682
0.4333 5.41 0.4640
0.3443 9.78 0.1135
0.3534 6.33 0.2354
0.2502 11.21 0.0634
0.4320 6.80 0.2306
0.3226 7.21 0.4116
0.4042 5.87 0.2120
0.1400 18.50 0.1408
0.4027 4.87 0.4167
0.1561 19.00 0.0625
0.1210 20.60 0.0431
0.3911 5.93 0.1397
0.3863 3.79 0.5325
0.3796 4.73 0.2675
0.3989 4.42 0.2390
0.4111 4.44 0.5379
0.4160 6.16 0.1238
0.2604 8.65 0.1703
0.4317 3.81 0.3250
0.2575 6.91 0.4292
0.4137 5.72 0.2979
0.4377 5.14 0.2344
0.1260 13.47 0.1155
0.2923 8.30 0.1831
0.3968 6.40 0.3197
0.3580 4.59 0.3119
0.1887 10.78 0.1942
0.3037 4.99 0.1738
0.2742 11.41 0.1143
0.3627 6.83 0.3591
0.4468 2.96 0.3666
0.2173 9.55 0.0854
0.3009 5.92 0.1660
0.2947 6.72 0.2152
0.2286 11.92 0.1087
0.1279 24.62 0.0472
0.1783 13.90 0.0540
0.4259 5.12 0.4784
0.4302 4.80 0.3127
0.2422 11.21 0.0882
0.4056 5.47 0.3534
0.3857 4.18 0.6582
0.4055 6.17 0.1477
0.2463 16.48 0.0669
0.3284 5.32 0.1780
0.4276 3.47 0.4605
0.2949 8.43 0.1384
0.4282 4.34 0.3922
0.2263 8.21 0.0945
0.4155 6.79 0.1743
0.2766 6.34 0.3687
0.1840 18.12 0.0888
0.4174 3.43 0.8062
0.4478 4.67 0.3180
0.2913 7.55 0.1772
0.3731 3.06 0.5928
0.0581 25.11 0.0630
0.4096 5.83 0.2893
0.1711 11.03 0.3066
0.3826 3.55 0.4103
0.3765 7.19 0.1702
0.3660 3.61 0.4748
0.2813 4.42 0.3197
0.2804 8.45 0.2570
0.3450 5.52 0.1669
0.2745 6.68 0.1301
0.4216 4.31 0.2725
0.3427 6.64 0.1527
0.2150 11.20 0.1014
0.3915 5.63 0.2300
0.2905 5.81 0.3504
0.3443 7.34 0.1170
0.3261 6.12 0.2368
0.3829 3.95 0.4986
0.3091 6.69 0.2275
0.2344 8.01 0.1199
0.3974 3.66 0.7526
0.2692 6.47 0.1418
0.3620 5.02 0.3139
0.4122 5.41 0.3500
0.4180 3.64 0.5384
0.3156 4.02 0.3984
0.2537 7.87 0.3402
0.3304 4.49 0.2908
0.1694 16.62 0.0484
0.2037 9.68 0.0851
0.2814 6.11 0.1552
0.3895 2.81 0.9939
0.2215 13.37 0.0686
0.2095 10.69 0.0778
0.3974 4.60 0.3192
0.3359 5.70 0.1694
0.3633 4.69 0.2619
0.3085 4.25 0.1535
0.3818 5.13 0.3469
0.2693 8.83 0.1051
0.3802 4.01 0.2209
0.4360 6.51 0.1488
0.2430 8.03 0.1789
0.3222 5.77 0.2034
0.3319 7.90 0.1675
0.4070 5.05 0.2738
0.1191 23.98 0.0586
0.3035 5.32 0.2890
0.4265 4.33 0.3426
0.3595 8.71 0.1566
0.4046 3.28 0.5724
0.3878 3.70 0.3464
0.2562 8.14 0.1422
0.2737 5.79 0.2690
0.3198 6.43 0.2612
0.3030 6.22 0.2396
0.2584 8.98 0.1414
0.3655 5.12 0.2805
0.1670 16.90 0.0694
0.2909 6.11 0.1720
0.3961 4.16 0.3079
0.3507 4.35 0.2181
0.3117 5.16 0.1865
0.4157 6.09 0.2627
0.3778 7.62 0.1628
0.4021 4.48 0.3460
0.2601 12.02 0.0732
0.2432 13.30 0.0914
0.1993 17.60 0.0677
0.2907 8.85 0.0827
0.1496 22.15 0.0490
0.3623 7.32 0.1678
0.2642 5.68 0.1730
0.4041 4.21 0.5136
0.3707 4.65 0.4339
0.3235 4.01 0.2298
0.4172 4.13 0.3111
0.4344 3.60 0.5049
0.4308 3.80 0.4136
0.2165 10.87 0.0955
0.3947 3.83 0.6606
0.3692 4.06 0.2136
0.3529 6.09 0.1977
0.2268 13.85 0.0716
0.2387 7.52 0.2276
0.4249 3.30 0.5870
0.3862 4.29 0.3965
0.3666 5.46 0.2636
0.3184 4.08 0.1615
0.1708 13.85 0.0526
0.3776 4.26 0.3106
0.3601 4.27 0.4274
0.4051 2.77 0.7065
0.4319 6.07 0.2693
0.2260 15.59 0.0662
0.4335 4.06 0.3203
0.4073 5.48 0.1845
0.2412 7.47 0.9595
0.2543 13.14 0.0731
0.0723 24.91 0.0993
0.3922 3.04 0.3522
0.3117 5.37 0.2269
0.1628 17.05 0.1318
0.2886 6.54 0.1611
0.0506 25.68 0.0654
0.2846 5.42 0.2820
0.3430 4.81 0.2110
0.2950 6.16 0.2163
0.4227 3.88 0.3980
0.2344 13.83 0.0802
0.3234 7.36 0.2482
0.4105 6.55 0.2405
0.3833 3.31 0.4855
0.2186 11.43 0.1072
0.3516 5.84 0.1609
0.1793 18.53 0.0630
0.3840 3.80 0.5801
0.2596 7.93 0.0978
0.3518 3.54 0.3934
0.3165 3.64 0.1461
0.1635 15.76 0.0692
0.4471 4.07 0.4381
0.3570 5.21 0.3000
0.2426 15.44 0.0505
0.4357 3.79 0.5226
0.3724 3.99 0.4195
0.2376 9.68 0.0995
0.2144 12.41 0.0994
0.2912 6.46 0.1665
0.2852 9.30 0.1212
0.2187 13.98 0.0671
0.1010 23.88 0.0433
0.2723 8.50 0.1112
0.1037 24.62 0.0712
0.3738 4.54 0.3092
0.3575 4.29 0.2036
0.3813 5.11 0.1385
0.1417 16.09 0.0714
0.2908 7.17 0.1057
0.4069 4.56 0.2098
0.3220 6.51 0.2483
0.2481 9.84 0.0748
0.2723 7.13 0.1359
0.4272 5.42 0.1673
0.4048 4.20 0.6673
0.3984 3.67 0.3200
0.2299 9.12 0.1020
0.1064 24.04 0.0522
0.4314 4.19 0.6144
0.3138 6.42 0.5818
0.1875 19.86 0.0507
0.3849 5.05 0.9132
0.3388 6.33 0.3348
0.4316 3.58 0.5846
0.4147 4.23 0.2403
0.3338 3.86 0.1190
0.2483 10.61 0.1001
0.3979 4.18 0.7365
0.3260 5.98 0.1279
0.4046 4.03 0.6943
0.2252 10.51 0.1090
0.2944 5.18 0.2251
0.4325 4.50 0.6975
0.2901 11.99 0.1684
0.3593 7.35 0.2000
0.3215 5.43 0.1306
0.1457 19.72 0.0677
0.3486 4.11 0.2327
0.2728 4.30 0.3019
0.4070 7.37 0.2013
0.4316 4.21 0.5081
0.3631 8.06 0.1351
0.3199 7.38 0.3216
0.1422 18.08 0.0679
0.4359 4.82 0.2136
0.3111 9.10 0.3167
0.3869 6.72 0.1485
0.2843 7.96 0.3015
0.3642 5.43 0.2785
0.4120 4.86 0.2125
0.3516 3.47 0.4553
0.4364 3.63 1.2699
0.0682 25.37 0.1926
0.2735 11.29 0.0691
0.1363 16.53 0.0828
0.0774 24.04 0.1098
0.3430 5.56 0.1921
0.1627 14.78 0.0798
0.2675 5.35 0.2719
0.3944 5.62 0.1704
0.3201 4.36 0.3161
0.4306 4.50 0.2586
0.4075 3.91 0.4853
0.4118 5.20 0.3353
0.2569 7.21 0.1254
0.3313 5.44 0.2124
0.3466 4.79 0.8738
0.1511 17.99 0.0684
0.0703 24.54 0.0575
0.4302 5.61 0.4035
0.4366 6.52 0.1485
0.4416 4.19 0.7857
0.2891 8.66 0.1787
0.2616 6.29 0.2023
0.3990 6.98 0.2262
0.2514 6.93 0.1423
0.1730 13.33 0.0729
0.4123 4.99 0.3990
0.2533 13.36 0.0933
0.2946 7.65 0.0875
0.3737 4.40 0.2650
0.3048 6.34 0.5179
0.2669 10.13 0.1067
0.3011 7.32 0.1507
0.4004 3.17 0.4418
0.2320 7.20 0.2046
0.3507 4.44 0.2384
0.2011 11.03 0.1012
0.2967 4.78 0.3690
0.3325 5.45 0.1668
0.3674 2.86 0.4342
0.4221 5.22 0.3400
0.3572 8.54 0.1563
0.4041 3.01 0.5606
0.2232 8.15 0.1093
0.2842 12.36 0.0661
0.2248 7.47 0.1096
0.4410 5.06 0.2851
0.3579 5.15 0.2675
0.4090 3.92 0.7041
0.1929 12.60 0.2847
0.3099 6.81 0.1967
0.2316 14.37 0.0954
0.4057 6.42 0.5157
0.3180 5.00 0.2296
0.4097 4.39 0.5325
0.4036 4.76 0.2116
0.3857 3.61 0.4676
0.4308 5.78 0.4092
0.3505 6.52 0.1757
0.4159 5.10 0.3942
0.3221 5.54 0.5365
0.2733 6.12 0.3337
0.2498 7.27 0.1488
0.3735 4.55 0.2327
0.4396 3.37 0.3365
0.3052 7.24 0.2046
0.2766 10.53 0.0665
0.3087 4.37 0.2384
0.2636 13.26 0.0884
0.3830 4.70 0.3697
0.4044 6.25 0.2634
0.2930 6.21 0.1959
0.2680 5.86 0.3411
0.2517 13.61 0.0564
0.3065 4.41 0.8846
0.3602 7.75 0.2899
0.3223 5.43 0.1730
0.2861 7.77 0.1159
0.3631 4.46 0.1922
0.3587 4.78 0.2640
0.2760 8.85 0.1105
0.0638 25.50 0.0721
0.4150 4.84 0.2781
0.3096 4.71 0.2278
0.2578 10.44 0.0887
0.3978 5.07 0.6634
0.1539 15.43 0.0855
0.2228 7.94 0.1002
0.2924 10.04 0.0880
0.3881 4.90 0.1626
0.1165 19.72 0.0632
0.3423 5.41 0.3557
0.2514 11.51 0.1039
0.4146 4.18 0.3113
0.2386 7.55 0.4014
0.3020 6.98 0.1219
0.4124 3.76 0.4299
0.3671 3.95 0.6970
0.2194 8.80 0.1727
0.2425 17.62 0.0911
0.0856 23.60 0.0794
0.2188 10.31 0.0963
0.1827 14.55 0.1025
0.3383 6.21 0.1609
0.2815 7.59 0.4331
0.3479 4.63 0.3517
0.1458 16.27 0.1322
0.4132 3.00 0.4345
0.3201 5.54 0.1979
0.3283 4.03 0.2130
0.4210 5.96 0.1465
0.1856 12.54 0.1184
0.3497 7.54 0.2127
0.2534 10.26 0.1333
0.4109 4.70 0.2810
0.3293 6.41 0.2082
0.3478 7.12 0.1983
0.4004 2.91 0.6389
0.2426 7.63 0.1523
0.3618 6.37 0.2437
0.2371 7.79 0.0877
0.3408 5.12 0.2014
0.2709 8.23 0.2330
0.4399 3.35 0.7003
0.4030 4.02 0.6075
0.2823 12.59 0.0765
0.4343 4.07 0.6416
0.3299 5.73 0.2397
0.2744 6.71 0.1217
0.4412 3.23 0.8649
0.3117 6.56 0.1999
0.3358 4.45 0.3998
0.2859 6.18 0.2522
0.3851 4.61 0.3248
0.4116 5.99 0.1753
0.4212 7.39 0.1797
0.3031 8.36 0.0826
0.3542 5.32 0.2114
0.4312 3.66 0.4203
0.3006 7.92 0.1260
0.3186 7.01 0.4331
0.3581 5.37 0.3275
0.3084 6.10 0.2036
0.3355 4.75 0.2295
0.4005 6.43 0.1541
0.2189 12.99 0.1953
0.2593 8.36 0.0753
0.3480 4.47 0.1643
0.4451 4.61 0.4145
0.3008 3.15 1.2262
0.3897 5.86 0.1986
0.3614 6.29 0.1263
0.3633 3.89 0.6228
0.3879 3.82 0.4379
0.2577 11.30 0.1107
0.1729 16.93 0.0671
0.3555 7.65 0.2239
0.3443 6.16 0.2784
0.2954 5.04 0.6262
0.1942 13.66 0.1480
0.4094 8.35 0.1116
0.4319 3.86 0.4677
0.2433 9.15 0.1191
0.3320 5.62 0.6747
0.3770 4.33 0.3186
0.2384 7.90 0.2008
0.3311 4.92 0.3037
0.1095 23.52 0.1267
0.1682 16.61 0.0742
0.1951 10.84 0.0982
0.2260 12.82 0.0695
0.4307 5.89 0.1743
0.2045 9.35 0.0617
0.1681 16.39 0.0735
0.2351 13.41 0.0868
0.2883 6.81 0.1692
0.3156 7.56 0.3239
0.3826 4.76 0.3916
0.3238 6.19 0.2647
0.3904 4.59 0.3685
0.1582 17.45 0.0602
0.2142 8.95 0.1632
0.3645 5.32 0.4036
0.3271 6.03 0.1652
0.2208 12.93 0.1198
0.3394 4.68 0.1700
0.4449 3.18 0.3337
0.2727 6.02 0.3765
0.2725 8.03 0.0989
0.3264 6.48 0.6956
0.4034 4.26 0.3341
0.1676 11.65 0.1316
0.2124 10.44 0.1247
0.3549 4.31 0.2666
0.4272 4.93 0.4968
0.4433 3.96 0.6443
0.3926 4.56 0.2793
0.3557 4.34 0.3682
0.2189 11.80 0.0659
0.3696 3.44 0.4037
0.3617 4.99 0.2785
0.4240 3.11 0.6372
0.4255 5.26 0.2997
0.3791 4.88 0.2361
0.3957 4.08 0.3052
0.2278 7.95 0.5399
0.4059 4.11 0.4717
0.2935 7.02 0.1058
0.4024 5.40 0.2831
0.1420 17.41 0.0766
0.2120 11.49 0.1931
0.4067 6.49 0.3269
0.3970 5.11 0.3371
0.2145 6.18 0.2950
0.3613 5.88 0.1394
0.3794 4.53 0.3251
0.2799 8.13 0.1130
0.2009 11.67 0.1203
0.3891 5.43 0.1279
0.3358 6.03 0.2094
0.4323 3.25 0.8222
0.3907 3.56 0.2912
0.4290 3.62 0.6286
0.3564 6.36 0.1737
0.2623 11.48 0.0675
0.3054 7.78 0.1978
0.3924 4.98 0.2952
0.3345 4.72 0.2761
0.3450 4.69 0.2180
0.3749 6.95 0.1633
0.4394 4.21 0.2900
0.4279 3.46 0.5076
0.4259 5.00 0.2969
0.4206 5.88 0.3038
0.3082 6.34 0.1375
0.2264 8.38 0.0844
0.4094 3.52 1.3024
0.1656 14.02 0.0886
0.2185 8.30 0.2671
0.3764 5.52 0.3043
0.3353 4.60 0.3243
0.4139 4.95 0.2801
0.3092 4.36 0.6649
0.3388 7.68 0.1580
0.4304 3.50 0.4870
0.0770 23.74 0.0528
0.1014 23.10 0.0576
0.3032 6.67 0.2911
0.3404 6.88 0.1205
0.3829 4.68 0.4513
0.3941 6.33 0.2576
0.2314 10.89 0.0889
0.1841 9.96 0.0875
0.4154 3.11 0.4861
0.2490 11.08 0.3720
0.1430 16.52 0.0652
0.4403 3.97 0.5949
0.2787 14.28 0.0663
0.2878 5.81 0.2464
0.2174 12.74 0.0868
0.3011 7.55 0.3874
0.3703 4.16 0.3599
0.2889 7.01 0.3843
0.3145 8.69 0.1224
0.3621 4.34 0.2906
0.3951 5.70 0.1602
0.3378 5.77 0.5102
0.3051 7.55 0.2528
0.3898 4.22 0.2843
0.4341 4.11 0.6122
0.3263 6.53 0.2174
0.2576 11.97 0.0862
0.3787 4.57 0.4122
0.2896 5.39 0.8043
0.3133 4.58 0.2198
0.2911 9.89 0.1160
0.4207 4.60 0.6015
0.1852 14.24 0.0635
0.3484 5.03 0.2819
0.3860 4.76 0.2232
0.4320 4.26 0.4842
0.1836 12.72 0.0792
0.4081 3.25 0.7898
0.4149 4.66 0.7485
0.3071 4.74 0.3230
0.2132 13.70 0.0723
0.2549 13.18 0.2886
0.2968 6.00 0.1810
0.3080 5.09 0.3429
0.3164 6.75 0.1190
0.3678 4.12 0.3433
0.2865 7.78 0.1488
0.2806 7.36 0.1275
0.4186 6.80 0.1676
0.4113 5.19 0.1849
0.3559 6.96 0.1950
0.3650 5.84 0.1410
0.4071 2.68 0.3864
0.2274 10.33 0.1171
0.3040 10.28 0.1172
0.2976 4.03 0.5674
0.3219 4.85 0.1545
0.4118 3.64 1.6769
0.2030 14.04 0.1109
0.2160 16.77 0.0478
0.2528 8.64 0.1510
0.2272 9.93 0.3508
0.0337 26.32 0.1177
0.2283 13.16 0.0609
0.4335 3.52 1.0775
0.1645 11.15 0.1805
0.1620 17.04 0.1590
0.2424 7.26 0.0976
0.3674 5.52 0.2595
0.3514 5.22 0.4633
0.3995 3.94 0.5348
0.4049 5.41 0.3180
0.2191 14.77 0.0831
0.3718 4.64 0.1803
0.2265 7.65 0.1663
0.3900 4.97 0.2224
0.3841 6.47 0.3314
0.3420 4.43 0.2934
0.3963 4.39 0.1804
0.2284 11.01 0.2046
0.4236 7.35 0.1235
0.4394 5.23 0.2654
0.3735 3.38 0.8400
0.3708 3.65 0.3763
0.4342 3.32 0.7052
0.1820 16.85 0.1611
0.1841 12.90 0.0968
0.3110 5.67 0.4336
0.2787 7.04 0.1893
0.4080 4.06 0.4131
0.4278 3.99 0.4809
0.4167 6.10 0.3956
0.3647 4.76 0.4559
0.4162 2.76 0.5956
0.2613 11.93 0.1863
0.2658 7.69 0.2429
0.3185 5.23 0.1872
0.3411 6.86 0.2451
0.2275 16.74 0.0994
0.3061 4.64 0.2042
0.2538 9.21 0.1239
0.3965 4.31 0.5921
0.4465 5.07 0.3137
0.1427 20.11 0.0717
0.2191 11.46 0.0737
0.4241 5.07 0.3850
0.3257 6.66 0.3720
0.4022 4.43 0.3010
0.1588 17.65 0.0488
0.4336 5.71 0.1964
0.3579 2.98 0.2461
0.3958 3.16 0.7435
0.2571 7.04 0.1536
0.1204 11.18 0.1400
0.1847 13.53 0.1739
0.4134 3.57 0.3989
0.3249 4.35 0.2497
0.4091 5.58 0.2782
0.1275 21.86 0.0466
0.3639 5.08 0.3208
0.4046 4.51 0.4055
0.1809 13.45 0.3238
0.3092 7.60 0.1968
0.1694 17.23 0.0679
0.1434 13.09 0.2718
0.3331 4.83 0.2491
0.2770 7.24 0.0985
0.4086 5.82 0.1440
0.3656 4.22 0.5219
0.3587 5.00 0.2005
0.3329 6.14 0.1433
0.2127 7.35 0.1420
0.4089 5.12 0.4097
0.3344 4.51 0.2693
0.1945 15.19 0.0486
0.4125 4.72 0.3401
0.3904 3.88 0.4036
0.3432 4.99 0.3171
0.2614 5.70 0.2797
0.3124 6.52 0.1249
0.4189 6.12 0.2530
0.2569 10.07 0.0701
0.3021 5.56 0.2781
0.4437 4.50 0.1746
0.3666 4.84 0.1861
0.4363 3.68 0.5548
0.4457 5.35 0.1826
0.4444 5.34 0.2673
0.3933 5.17 0.2809
0.3571 4.35 0.2013
0.2180 12.80 0.0750
0.3810 3.44 0.7527
0.3232 4.56 0.8550
0.1715 16.04 0.0632
0.0947 21.68 0.0764
0.3940 5.95 0.2420
0.2871 6.31 0.1303
0.4408 3.72 0.4798
0.2240 10.19 0.1215
0.1191 17.16 0.0653
0.3953 4.17 0.4042
0.4087 3.86 0.3235
0.3037 4.87 0.4188
0.3509 6.27 0.2216
0.3510 6.46 0.1072
0.3475 8.67 0.1349
0.1453 16.80 0.0702
0.3774 5.49 0.2386
0.2472 9.86 0.0910
0.3436 4.03 1.0137
0.2368 8.60 0.1643
0.2605 9.47 0.1335
0.4167 4.20 0.5329
0.2039 12.08 0.0913
0.4066 3.71 0.6374
0.1017 23.16 0.0503
0.3630 4.22 0.5306
0.4089 3.98 0.4908
0.4294 4.31 0.3246
0.4414 3.89 0.4331
0.2498 10.81 0.2129
0.4272 3.99 0.5195
0.2471 6.64 0.4155
0.2323 6.01 0.3757
0.4335 4.98 0.1912
0.3365 6.37 0.1432
0.2388 13.35 0.0988
0.2498 11.47 0.0730
0.4107 3.67 0.7412
0.3511 4.24 0.3155
0.4427 3.81 0.4227
0.4326 6.19 0.3082
0.3666 5.05 0.3521
0.3504 4.31 0.4369
0.3190 5.20 0.2789
0.3345 4.68 0.4678
0.4452 4.12 0.5209
0.1482 17.52 0.0778
0.1376 20.64 0.0447
0.1968 8.66 0.2174
0.3137 4.52 0.2497
0.3289 5.31 0.1483
0.3759 3.69 0.2960
0.3799 5.12 0.2093
0.3981 3.54 0.5770
0.3561 5.52 0.4567
0.3614 6.43 0.1962
0.3425 6.65 0.1896
0.3405 5.64 0.1557
0.2087 10.77 0.1934
0.3296 5.51 0.1571
0.1791 12.96 0.0886
0.4278 3.86 0.5661
0.3899 3.73 0.3759
0.4213 3.23 0.4002
0.2787 7.04 0.1351
0.4302 3.71 0.7744
0.3795 3.81 0.6243
0.4046 4.82 0.2093
0.3482 5.20 0.2689
0.2632 5.97 0.1909
0.2693 5.81 0.2854
0.3828 6.48 0.1866
0.2231 13.75 0.1160
0.2536 6.50 0.5065
0.4331 5.49 0.5169
0.4314 4.57 0.2377
0.3550 8.86 0.1932
0.2373 9.67 0.1512
0.4003 4.21 0.6187
0.1694 17.53 0.0662
0.2491 9.17 0.1107
0.2442 11.95 0.0619
0.3803 4.66 0.3221
0.4413 3.90 0.2875
0.1593 16.98 0.0693
0.3339 5.58 0.3089
0.3508 6.20 0.3332
0.3979 5.27 0.1785
0.3780 6.37 0.1118
0.2373 5.46 0.1641
0.2523 12.94 0.0920
0.3641 6.55 0.4693
0.4306 4.87 0.5347
0.3012 4.53 0.3951
0.3510 5.11 0.2169
0.3555 4.70 0.2519
0.2775 8.15 0.1429
0.2701 9.96 0.2236
0.4100 4.40 0.3432
0.3873 5.07 0.3282
0.3497 6.10 0.2441
0.4384 3.42 0.5646
0.4145 5.40 0.2968
0.4323 5.83 0.2420
0.4434 4.21 0.4289
0.4120 7.05 0.2294
0.4415 4.69 0.4428
0.3960 4.96 0.1665
0.4228 3.92 0.5844
0.3036 6.42 0.2095
0.1744 21.20 0.0543
0.3427 4.39 0.3704
0.2426 7.36 0.3856
0.3878 4.18 0.4117
0.2443 10.90 0.0896
0.3642 6.34 0.2112
0.2605 7.68 0.1658
0.1935 12.87 0.1692
0.4463 3.36 1.1351
0.4350 3.74 0.3243
0.1446 14.79 0.1724
0.3542 5.75 0.1259
0.4189 3.42 0.5092
0.3650 5.73 0.2613
0.2185 14.73 0.0621
0.4272 4.81 0.5945
0.4321 4.95 0.1952
0.3104 6.03 0.4089
0.3558 6.28 0.1595
0.3678 4.91 0.6363
0.1906 14.84 0.0800
0.2631 11.79 0.0543
0.4100 5.80 0.2927
0.3956 3.83 0.2402
0.2584 10.61 0.1032
0.4069 4.69 0.6240
0.3349 6.52 0.3413
0.3240 6.49 0.1026
0.4235 5.12 0.1963
0.4454 5.39 0.1834
0.3743 5.83 0.3799
0.1238 20.16 0.0752
0.3427 5.60 0.2266
0.3205 4.66 0.5253
0.3864 6.12 0.1995
0.3480 6.72 0.1299
0.3388 5.35 0.3173
0.4309 5.77 0.3028
0.2533 12.37 0.2555
0.4161 3.44 0.5289
0.1783 19.01 0.0599
0.3614 5.45 0.4263
0.4091 3.33 0.5069
0.1388 18.02 0.0559
0.4155 3.61 0.3658
0.3946 4.20 0.4813
0.3408 6.85 0.1490
0.2141 11.10 0.1120
0.0850 24.41 0.1182
0.3327 7.68 0.1613
0.4238 3.96 0.4490
0.2915 8.90 0.0910
0.3842 5.10 0.4352
0.2218 11.67 0.0669
0.3436 4.54 0.2388
0.2501 9.31 0.1009
0.4229 3.77 0.2653
0.3012 7.85 0.1682
0.3614 4.17 0.4521
0.2350 10.13 0.0723
0.2812 8.01 0.1272
0.4316 4.96 0.4600
0.4358 4.39 0.2254
0.2940 8.62 0.1220
0.3345 5.68 0.3064
0.3280 6.99 0.6946
0.4183 3.27 0.4361
0.3798 6.95 0.1475
0.3021 4.81 0.4044
0.4433 4.01 0.5750
0.4359 5.05 0.8251
0.3214 5.34 0.3860
0.2301 7.82 0.1288
0.1612 13.83 0.0918
0.3893 6.83 0.1261
0.3605 6.15 0.1851
0.2704 10.16 0.0993
0.4071 3.37 0.9058
0.2885 7.43 0.1741
0.4115 3.93 0.2820
0.1953 9.28 0.1241
0.4286 5.88 0.1773
0.3812 9.64 0.1664
0.4180 5.71 0.1462
0.4240 5.18 0.3257
0.3395 7.08 0.1583
0.2763 8.94 0.1610
0.2418 8.20 0.1544
0.3766 5.64 0.1496
0.1584 20.09 0.0468
0.4156 3.05 0.3729
0.1788 16.80 0.0641
0.3618 5.16 0.2683
0.3471 5.28 0.2263
0.2238 13.81 0.2663
0.4356 4.79 0.3306
0.1065 23.03 0.0489
0.4206 5.36 0.2297
0.3395 8.45 0.1165
0.2350 7.80 0.1482
0.3725 5.07 0.1337
0.3380 6.91 0.4634
0.2084 15.73 0.0732
0.3885 5.42 0.1343
0.2293 11.41 0.0957
0.4094 5.87 0.1559
0.1903 11.09 0.1018
0.4295 4.43 0.3279
0.1979 11.13 0.0948
0.1026 22.07 0.0554
0.4136 6.45 0.1622
0.3603 4.16 0.5828
0.3779 4.07 0.2936
0.1803 11.41 0.1026
0.4080 5.80 0.1631
0.1611 16.13 0.0556
0.3435 4.37 0.3665
0.3486 5.32 0.1472
0.2986 6.97 0.1145
0.2301 7.13 0.1616
0.1962 16.18 0.0693
0.2262 7.55 0.1477
0.1866 16.39 0.0727
0.2222 10.94 0.0880
0.4051 6.10 0.1377
0.4051 5.48 0.1822
0.1487 16.15 0.0856
0.4329 2.47 1.7533
0.3815 6.52 0.1595
0.3519 4.88 0.1930
0.2996 7.39 0.1079
0.3366 6.07 0.2343
0.3203 6.34 0.2694
0.4266 4.16 0.4316
0.2316 7.31 0.1262
0.2231 8.26 0.2669
0.2063 9.81 0.1060
0.1001 22.54 0.0569
0.1545 17.15 0.1203
0.3866 5.23 0.2785
0.3630 3.79 0.3134
0.4154 3.62 0.6152
0.3256 5.01 0.2107
0.3304 7.21 0.1418
0.3903 5.77 0.0699
0.2957 6.84 0.1607
0.2747 7.14 0.1486
0.3652 3.71 0.3372
0.3806 5.25 0.1697
0.2325 8.65 0.1125
0.2218 16.23 0.0709
0.4369 3.93 1.1437
0.2627 8.24 0.1241
0.3825 5.22 0.2654
0.2110 8.21 0.1948
0.3545 6.41 0.2261
0.4279 3.97 0.2845
0.4476 4.68 0.3445
0.3452 5.51 0.1375
0.2975 5.33 0.6920
0.2816 6.32 0.2413
0.4107 5.04 0.2949
0.4311 4.60 0.3606
0.3257 8.72 0.2029
0.3916 6.82 0.4878
0.1924 17.95 0.0536
0.4111 3.17 1.0390
0.3725 3.03 0.5267
0.2382 8.89 0.2335
0.1511 18.50 0.0516
0.2807 5.99 0.1347
0.4346 4.35 0.7343
0.3274 6.23 0.1187
0.3724 4.18 0.7363
0.1628 13.02 0.0939
0.4073 4.53 0.5888
0.4446 2.97 0.4916
0.3319 4.40 0.2508
0.3098 5.95 0.3244
0.3944 3.68 0.4195
0.2562 10.74 0.0756
0.3851 6.35 0.3541
0.4136 3.66 0.4436
0.3734 6.72 0.2165
0.4261 3.33 0.4600
0.2459 7.44 0.4110
0.4394 3.52 0.4683
0.3432 7.11 0.1559
0.2946 3.49 0.5194
0.2389 9.70 0.1221
0.4083 4.59 0.3007
0.2309 9.07 0.1348
0.3071 5.80 0.2300
0.3069 9.80 0.1222
0.4167 4.93 0.2208
0.3984 5.67 0.2484
0.3896 4.81 0.1834
0.2233 15.74 0.0717
0.3840 5.08 0.2081
0.2532 8.25 0.1271
0.2608 7.70 0.1755
0.3434 5.26 0.1636
0.1988 11.66 0.1574
0.4011 5.29 0.3625
0.3030 5.74 0.1762
0.2273 11.25 0.0691
0.2783 7.06 0.1024
0.3619 5.04 0.2448
0.1601 19.40 0.0496
0.2959 4.92 0.2600
0.3234 4.01 0.3754
0.3618 4.53 0.2365
0.3011 8.04 0.1329
0.3896 3.17 0.3907
0.3079 5.28 0.1941
0.3576 5.41 0.1817
0.2475 14.01 0.0911
0.4282 4.43 0.2096
0.2991 8.31 0.2067
0.3223 5.06 0.3903
0.3755 3.79 0.3921
0.3748 3.89 0.3586
0.1932 14.22 0.1192
0.1466 18.45 0.0612
0.4123 4.05 0.4131
0.3340 5.06 0.1685
0.3327 7.11 0.2225
0.4075 5.09 0.2463
0.4312 5.72 0.1726
0.3955 4.11 0.3549
0.1808 16.17 0.1586
0.2213 8.70 0.1666
0.4237 3.96 0.3524
0.3507 4.05 0.5297
0.2665 9.45 0.0990
0.3875 2.80 0.6629
0.3665 5.18 1.1245
0.2759 9.24 0.1037
0.3031 5.64 0.1778
0.3088 7.11 0.1370
0.1258 19.16 0.0601
0.3414 5.31 0.1632
0.3702 5.55 0.1827
0.4064 3.57 0.4203
0.3704 5.03 0.3347
0.0911 25.48 0.0550
0.2747 5.10 0.3970
0.3827 6.57 0.1546
0.3973 4.24 0.2622
0.2087 9.98 0.1620
0.3964 5.89 0.2307
0.2522 12.43 0.0857
0.4259 4.03 0.4905
0.3139 5.99 0.1440
0.3195 7.25 0.2491
0.3370 7.09 0.1140
0.2969 7.60 0.2360
0.1596 13.33 0.0946
0.2930 7.46 0.1075
0.3632 4.25 1.0705
0.4449 2.99 0.5832
0.3011 11.93 0.0667
0.2777 5.94 0.1476
0.4402 3.29 0.4627
0.4007 3.14 0.4730
0.3051 8.46 0.1215
0.3192 7.09 0.1236
0.3814 4.24 0.3795
0.4142 5.35 0.2988
0.3926 5.65 0.1584
0.3060 4.66 0.2224
0.3109 8.52 0.1460
0.2648 8.51 0.0901
0.3096 7.71 0.1149
0.4442 4.18 1.5241
0.3251 6.71 0.2698
0.3276 4.50 0.2868
0.4136 5.49 0.5137
0.3834 4.66 0.3522
0.1669 17.83 0.0530
0.4131 6.93 0.1404
0.3965 4.27 0.4435
0.3603 4.91 0.2734
0.2882 6.17 0.5509
0.3914 6.77 0.1963
0.2946 7.63 0.1444
0.2960 7.47 0.1440
0.4331 4.65 0.3208
0.3373 5.27 0.1973
0.4263 5.71 0.2384
0.1875 13.88 0.2989
0.4187 5.66 0.1359
0.3648 4.35 0.3373
0.3717 4.18 0.3397
0.3496 4.70 0.6521
0.3454 5.21 0.2533
0.1666 10.35 0.1013
0.1502 16.43 0.0476
0.3231 4.04 0.2709
0.4115 3.68 0.4486
0.3672 4.34 0.3111
0.4175 4.75 0.2503
0.1564 19.44 0.0740
0.3487 5.32 0.1773
0.2548 10.28 0.0695
0.4132 4.14 0.2855
0.4367 3.62 0.5258
0.4174 3.26 0.6636
0.4039 6.24 0.1499
0.1970 16.84 0.0812
0.3830 4.73 0.4928
0.3317 3.81 0.4685
0.2085 7.24 0.2211
0.3955 5.94 0.1378
0.4059 4.55 0.2791
0.2549 9.34 0.1366
0.3389 3.49 0.2559
0.2112 11.21 0.0689
0.4130 3.35 0.7286
0.3765 5.23 0.2332
0.2875 7.60 0.1590
0.4021 5.72 0.1481
0.4093 4.17 0.7552
0.3911 4.82 0.2036
0.2040 14.24 0.0567
0.4168 4.35 0.6041
0.3269 8.52 0.1273
0.3466 4.59 0.2080
0.4391 4.68 0.2852
0.2795 6.37 2.2461
0.3287 7.90 0.1938
0.3415 8.09 0.0975
0.4192 3.19 0.7945
0.3421 5.19 0.2055
0.3775 4.16 0.3623
0.3517 4.48 0.4608
0.0787 23.55 0.0577
0.3679 8.10 0.1892
0.2759 7.53 0.1240
0.4387 4.08 0.5479
0.4204 4.53 0.5042
0.3976 3.85 0.5318
0.4268 3.22 0.3076
0.1947 18.74 0.0702
0.1931 14.40 0.2084
0.2296 16.45 0.0828
0.2348 9.63 0.1107
0.1945 18.63 0.0531
0.2291 13.64 0.0758
0.3819 5.10 0.1501
0.0894 20.80 0.0676
0.2400 14.67 0.1194
0.3451 5.09 0.1735
0.3395 6.60 0.1980
0.1631 12.24 0.1362
0.4339 5.31 0.2214
0.4053 3.92 0.4843
0.3585 4.55 0.3082
0.2137 10.26 0.1003
0.3279 4.20 0.5282
0.3564 2.80 0.7981
0.4030 4.95 0.2950
0.3722 5.38 0.2050
0.4177 3.41 0.3283
0.4121 5.17 0.2888
0.3875 6.96 0.2045
0.3461 5.47 0.2597
0.2339 7.26 0.1605
0.3955 5.44 0.2352
0.3024 13.00 0.1484
0.1076 21.29 0.0798
0.3441 4.85 0.3700
0.1621 13.75 0.0586
0.2780 9.63 0.0762
0.1218 19.29 0.0645
0.4180 4.52 0.5055
0.3977 5.65 0.1559
0.4135 3.44 0.3156
0.3276 4.20 0.2883
0.4184 3.37 0.4241
0.1653 12.62 0.1199
0.3517 3.31 0.6285
0.3246 6.17 0.3589
0.3029 6.35 0.1045
0.4025 5.94 0.3151
0.4305 2.40 1.8116
0.1934 12.93 0.1129
0.2386 10.80 0.0748
0.4227 5.21 0.2668
0.2169 8.90 0.1225
0.3665 4.91 0.2004
0.4463 4.10 0.3455
0.3784 5.43 0.1121
0.3458 5.46 0.2452
0.4292 2.16 1.7844
0.3904 3.34 0.7311
0.2623 6.82 0.1803
0.2830 5.98 0.2518
0.2201 17.83 0.0497
0.3661 6.05 0.1389
0.3747 4.97 0.4259
0.4191 5.18 0.2196
0.4131 4.45 0.4254
0.2957 5.12 0.6217
0.2486 9.09 0.0769
0.3468 5.14 0.2478
0.2960 6.68 0.1113
0.2638 7.18 0.5639
0.3306 7.71 0.1750
0.1858 17.76 0.0697
0.4445 3.21 0.9682
0.1160 23.17 0.0437
0.1396 17.85 0.0585
0.4262 4.38 0.6166
0.2523 15.13 0.0563
0.2656 12.61 0.0839
0.3451 6.28 0.2127
0.4321 3.75 0.4237
0.3410 8.12 0.1434
0.0679 25.78 0.1471
0.1454 19.24 0.0621
0.4074 5.09 0.3074
0.3459 4.64 0.2407
0.2505 7.09 0.1214
0.4058 3.28 0.6582
0.2696 11.46 0.0970
0.2193 11.97 0.1420
0.3676 5.70 0.1697
0.4212 3.22 0.4375
0.3813 4.21 0.4922
0.3218 5.62 0.2261
0.4033 5.90 0.2144
0.3750 4.73 0.2471
0.3800 7.66 0.1511
0.2248 12.53 0.0731
0.2433 5.75 0.1786
0.3886 5.80 0.5654
0.2436 6.75 0.2502
0.2158 14.34 0.0747
0.3804 4.50 0.2473
0.3949 5.86 0.4781
0.3462 3.61 0.5040
0.4407 5.09 0.2626
0.2289 8.46 0.1385
0.3814 3.81 0.5315
0.4463 4.78 0.2230
0.2356 11.95 0.0784
0.3575 2.66 7.5778
0.2337 13.90 0.1534
0.3374 6.20 0.1252
0.3323 5.47 0.5983
0.2631 10.80 0.0909
0.4127 4.36 0.4476
0.2487 10.76 0.1268
0.2092 8.32 0.0769
0.1215 23.49 0.0906
0.3885 3.50 0.3812
0.0759 23.68 0.1104
0.3028 7.46 0.0936
0.3710 8.56 0.1584
0.4301 3.32 0.5789
0.3120 7.28 0.3854
0.2202 14.33 0.1176
0.4246 4.24 0.3895
0.2762 8.48 0.1231
0.3975 2.49 0.5734
0.3801 5.16 0.1527
0.2751 8.02 0.1487
0.3491 5.41 0.2520
0.3445 5.50 0.2920
0.2396 7.98 0.4203
0.4212 3.59 0.5963
0.2790 6.99 0.2599
0.2143 16.09 0.0871
0.4429 3.59 0.4025
0.3226 4.93 0.2896
0.1993 15.76 0.0721
0.3813 5.90 0.1388
0.3240 3.99 0.6673
0.2119 15.52 0.0781
0.3251 6.13 0.1865
0.3411 8.21 0.1553
0.1375 19.13 0.0868
0.2432 10.05 0.1429
0.4414 6.36 0.1321
0.4431 4.29 0.4608
0.2680 9.04 0.1348
0.3195 6.13 0.2200
0.3783 3.70 1.2588
0.3072 5.60 0.2038
0.3475 5.27 0.1613
0.2841 8.20 0.0914
0.4259 3.12 1.1691
0.4049 4.91 5.3232
0.3144 7.02 0.1712
0.4127 4.87 0.3156
0.3021 5.65 0.3283
0.3779 5.69 0.1837
0.2260 6.38 0.2159
0.4292 3.45 0.3473
0.4292 3.78 0.3869
0.2718 6.55 0.5138
0.2133 12.49 0.1265
0.3318 7.87 0.1062
0.2443 10.70 0.1733
0.4075 4.66 0.2828
0.4419 4.35 0.3595
0.2934 5.59 0.2129
0.3373 4.75 0.2206
0.2414 12.37 0.0962
0.1974 16.06 0.0732
0.4023 3.81 0.2406
0.1404 16.44 0.0964
0.3848 4.72 0.1985
0.4186 3.48 0.7536
0.3414 7.02 0.1479
0.2615 9.75 0.1942
0.3327 4.84 0.4226
0.3467 6.42 0.2025
0.3642 6.20 0.1774
0.4099 2.87 0.8758
0.2482 9.68 0.1260
0.0842 24.09 0.0888
0.1454 21.21 0.0450
0.2796 6.79 0.1250
0.2652 8.18 0.2147
0.3021 4.84 0.1977
0.4038 4.94 0.4266
0.4215 4.54 0.2273
0.1739 20.55 0.0798
0.4335 6.18 0.2044
0.2960 5.17 0.2021
0.2518 8.09 0.1476
0.4162 3.61 0.8277
0.3586 4.82 0.6609
0.3898 4.73 0.2139
0.3400 3.44 0.3052
0.3383 4.36 0.5481
0.4070 4.43 0.4530
0.3952 5.02 0.2255
0.3552 3.45 0.3790
0.3591 7.41 0.1811
0.2097 9.23 0.1290
0.4164 4.02 0.2620
0.3604 7.49 0.1608
0.3493 5.60 0.2464
0.2383 8.45 0.0834
0.3015 13.18 0.1160
0.2396 10.67 0.0720
0.2564 11.33 0.1028
0.4249 4.70 0.5482
0.2212 10.43 0.0590
0.3914 3.25 0.7608
0.3484 9.25 0.1305
0.3337 4.83 0.3124
0.3687 5.01 0.2631
0.3893 7.58 0.2293
0.3240 9.32 0.1104
0.3634 4.10 0.5110
0.3061 4.48 0.9241
0.3442 5.91 0.4425
0.4107 4.98 0.2261
0.3449 4.06 0.3832
0.3140 4.05 0.3488
0.4100 6.84 0.3957
0.3160 5.47 0.2460
0.4352 3.62 0.6828
0.0623 25.54 0.0591
0.3745 3.53 0.2933
0.4001 4.81 0.3043
0.2346 4.09 5.3242
0.4000 3.45 0.3711
0.3127 5.01 0.2855
0.1887 11.72 0.2299
0.4304 4.86 0.2410
0.3314 3.79 0.4308
0.4237 6.56 0.1163
0.2278 10.17 0.0918
0.2186 9.45 0.1009
0.3859 4.70 0.3131
0.3974 5.23 0.3659
0.3446 4.04 0.4091
0.3565 3.39 0.4226
0.2860 8.63 0.0854
0.3425 6.08 0.5257
0.4476 5.13 0.3940
0.3499 6.34 0.1676
0.3821 3.49 0.3840
0.4094 3.68 0.5654
0.1214 21.30 0.0448
0.4464 3.61 0.5536
0.1611 17.05 0.0627
0.4432 3.27 0.4276
0.3019 9.10 0.1169
0.4430 4.17 0.4718
0.1806 14.00 0.0841
0.3937 7.53 0.1413
0.3787 6.58 0.2518
0.4422 4.73 0.3282
0.3548 9.35 0.0976
0.3058 8.96 0.1109
0.3904 4.89 0.2335
0.4356 4.52 0.2596
0.3195 7.70 0.1682
0.4316 3.05 0.5818
0.4302 3.67 0.4369
0.3047 5.27 0.2082
0.4108 3.34 0.8232
0.3529 3.99 0.5529
0.2630 7.83 0.1331
0.2590 5.83 0.1469
0.2483 7.79 0.2070
0.3274 5.25 0.3550
0.2317 11.53 0.0701
0.4037 5.65 0.1534
0.4436 4.25 0.3558
0.3565 6.10 0.1530
0.4387 3.90 0.6486
0.3946 3.32 0.4834
0.2751 10.53 0.0759
0.3883 6.66 0.1287
0.3732 5.12 0.3052
0.4266 3.55 0.3901
0.3363 6.77 0.4231
0.4086 3.47 0.5037
0.1597 22.60 0.0403
0.3082 9.29 0.3971
0.4201 4.52 0.3932
0.4250 3.14 0.8149
0.3340 7.55 0.2054
0.3677 3.40 0.4308
0.4116 5.21 0.3029
0.2102 11.39 0.2798
0.3712 5.61 0.2002
0.1673 13.92 0.1056
0.2413 7.79 0.1540
0.3657 5.15 0.4452
0.3508 4.90 0.1644
0.3262 8.83 0.0841
0.3666 3.86 0.1990
0.3749 6.44 0.2844
0.3598 4.26 0.1997
0.1622 14.87 0.2630
0.2351 14.71 0.0520
0.3238 5.55 0.3048
0.4127 5.05 0.1776
0.2435 10.06 0.1009
0.1979 20.98 0.0452
0.4045 5.43 0.2532
0.2218 8.90 0.1527
0.4480 4.41 0.8507
0.1935 10.93 0.0943
0.3815 4.45 0.2395
0.2582 11.37 0.0599
0.3001 6.91 0.1517
0.3529 6.60 0.2154
0.3725 4.71 0.3733
0.3314 5.00 0.2279
0.3187 7.73 0.3531
0.1918 15.10 0.0872
0.3900 4.36 0.3165
0.3965 4.79 0.5722
0.4247 3.51 0.7561
0.2583 12.49 0.0992
0.2747 8.36 0.2936
0.3664 5.66 0.2526
0.3898 5.77 0.1529
0.4052 4.01 0.3203
0.3904 5.30 0.3517
0.1863 16.84 0.0618
0.2126 9.64 0.1026
0.2942 4.60 0.3714
0.3184 7.63 0.1615
0.2546 13.45 0.0719
0.3735 8.13 0.1213
0.4232 5.40 0.2815
0.3636 6.18 0.1606
0.3830 4.12 0.7583
0.3611 4.29 0.2214
0.4478 3.68 0.4618
0.3864 4.92 0.3953
0.2939 7.41 0.1225
0.3301 7.69 0.1321
0.2323 6.42 0.0960
0.3409 8.55 0.1437
0.3775 5.59 0.1981
0.2873 5.30 0.2963
0.3517 4.62 0.3464
0.3854 4.88 0.2160
0.3950 6.66 0.2327
0.3486 5.99 0.6040
0.3366 5.48 0.2974
0.3945 4.83 0.4897
0.4160 4.32 0.4780
0.4362 3.83 0.3650
0.4106 5.46 0.1206
0.4471 3.95 0.3280
0.4341 3.38 0.2974
0.4120 7.22 0.2339
0.1373 17.38 0.0538
0.4351 3.54 0.8791
0.3885 4.34 0.2969
0.3207 8.97 0.0750
0.3386 4.90 0.2435
0.3025 7.49 0.1907
0.2451 14.55 0.0694
0.2986 6.49 0.1771
0.4420 3.68 0.9609
0.3420 5.22 0.2321
0.3803 3.92 0.4652
0.3386 7.14 0.3531
0.1832 17.99 0.0542
0.4257 3.82 0.1508
0.1952 14.36 0.0543
0.1540 22.71 0.0654
0.4080 5.46 0.2471
0.3099 6.39 0.2251
0.4316 4.64 0.8123
0.4205 3.38 0.7620
0.4324 4.16 0.2192
0.4321 5.62 0.5122
0.4253 4.34 0.2447
0.4423 4.83 0.5486
0.3253 5.88 0.1297
0.4100 3.44 0.5112
0.3916 3.75 0.6652
0.4003 5.14 0.2445
0.3785 3.48 5.8541
0.4459 5.39 0.1227
0.1821 17.95 0.0600
0.4088 4.09 0.3756
0.3833 6.29 0.0908
0.3991 4.55 0.1905
0.1638 8.20 0.1873
0.2274 16.60 0.1866
0.3873 5.38 0.1317
0.2640 5.53 0.2690
0.4281 2.68 0.5694
0.2440 5.88 0.2090
0.3524 4.18 0.2791
0.2760 4.45 0.4925
0.3613 5.03 0.2006
0.2785 6.35 0.1545
0.2235 10.80 0.1055
0.4166 4.70 0.4374
0.4391 6.28 0.2361
0.3960 4.90 0.2900
0.3788 4.69 0.1770
0.1225 19.00 0.0686
0.4061 4.93 0.2035
0.3056 5.17 0.2298
0.3741 4.92 0.5157
0.3350 6.50 0.2780
0.3153 8.27 0.0991
0.3305 5.57 0.2245
0.2368 12.28 0.2276
0.3972 6.46 0.1437
0.1131 19.85 0.0901
0.1201 21.93 0.0654
0.2897 8.07 0.1422
0.2397 8.05 0.3263
0.1798 13.46 0.0679
0.3878 3.41 0.3734
0.2406 12.21 0.0841
0.3560 6.11 0.3762
0.3530 4.86 0.2667
0.1992 17.97 0.1981
0.4363 3.30 0.6857
0.3599 9.58 0.1256
0.3188 4.11 0.2636
0.3474 6.58 0.2697
0.1763 15.32 0.1128
0.1325 18.56 0.0641
0.2495 7.53 0.1407
0.4341 3.03 1.0522
0.1087 22.02 0.0488
0.4387 4.24 0.4002
0.4196 4.38 0.4270
0.3103 7.04 0.1532
0.2130 8.05 0.0924
0.3939 4.19 0.2535
0.3977 4.60 0.3812
0.1756 17.77 0.0724
0.4088 5.39 0.1512
0.2390 8.45 0.3598
0.3941 9.02 0.1597
0.2629 8.33 0.1820
0.3877 6.79 0.2146
0.2603 7.67 0.0958
0.4460 3.61 0.2576
0.2223 8.99 0.0851
0.1853 18.52 0.0552
0.2180 10.85 0.0778
0.3040 7.43 0.1387
0.3232 6.81 0.2161
0.3876 5.43 0.2088
0.4326 3.58 0.8908
0.2273 8.47 0.0913
0.0965 24.64 0.0492
0.4098 3.48 0.5433
0.4015 6.19 0.4813
0.3456 6.44 0.1024
0.4251 6.58 0.2282
0.3438 5.99 0.2408
0.1736 11.51 0.1081
0.2458 11.96 0.3267
0.2109 16.11 0.0938
0.4262 3.33 0.7362
0.2455 14.97 0.0748
0.2277 13.36 0.0599
0.4180 5.16 0.1571
0.2415 9.67 0.2017
0.4087 3.35 0.6351
0.1146 22.84 0.0523
0.3061 9.72 0.1407
0.1378 16.05 0.0945
0.3026 8.37 0.0841
0.4276 5.36 0.2850
0.1373 14.57 0.0769
0.4349 6.96 0.1948
0.2331 15.01 0.0794
0.3764 2.93 0.5262
0.4094 4.12 1.0600
0.4297 4.25 0.8911
0.3593 6.54 0.2635
0.1644 20.87 0.0740
0.4255 4.60 0.2750
0.3210 4.65 0.3120
0.3544 4.63 0.7455
0.3652 5.00 0.2915
0.2149 9.70 0.1308
0.3034 5.75 0.2178
0.2884 7.81 0.1715
0.2578 8.43 0.0955
0.3542 5.80 0.4671
0.3316 6.68 0.1343
0.3034 8.61 0.1020
0.3239 4.86 0.3424
0.3282 5.82 0.1755
0.3117 7.28 0.3065
0.1883 12.40 0.0787
0.2290 9.81 0.1349
0.3100 11.59 0.0838
0.3538 4.61 0.3068
0.1797 13.66 0.0775
0.3930 3.61 0.8899
0.1916 12.92 0.0998
0.3407 5.32 0.2288
0.1001 21.31 0.0559
0.3455 4.12 0.2180
0.3105 10.57 0.0816
0.3759 5.48 0.2407
0.2697 7.59 0.1353
0.3888 3.91 0.5791
0.1854 18.84 0.0557
0.2625 11.59 0.1295
0.1047 20.33 0.0846
0.3941 3.62 0.5956
0.4359 5.52 0.2474
0.3528 5.52 0.3116
0.1601 17.54 0.0527
0.2351 8.32 0.1454
0.3082 9.03 0.1414
0.1633 15.20 0.0918
0.2846 8.25 0.5733
0.2704 10.99 0.1188
0.3036 3.53 0.4104
0.3456 4.28 0.3946
0.3375 3.97 0.4936
0.3101 5.50 0.1628
0.3611 3.96 0.3042
0.3181 9.36 0.0979
0.1572 12.36 0.0899
0.2030 16.27 0.0685
0.3706 3.69 0.9365
0.2616 10.33 0.1001
0.3364 6.98 0.2108
0.2907 6.36 0.3439
0.2840 5.76 0.1369
0.4154 3.94 0.5660
0.3995 4.30 0.5196
0.2183 12.68 0.0853
0.3243 6.91 0.3362
0.4424 4.79 0.3128
0.3810 4.67 0.2759
0.2442 8.69 0.1197
0.3253 7.11 0.2929
0.2298 7.97 0.1064
0.4437 4.69 0.2222
0.4032 5.00 0.4233
0.3810 3.48 0.5641
0.4472 4.15 0.4742
0.3358 5.36 0.4241
0.2688 13.65 0.0773
0.3314 6.17 0.3528
0.2723 5.47 0.2438
0.3201 4.99 0.3690
0.4449 4.87 0.2464
0.1433 21.65 0.1283
0.3367 4.24 0.4115
0.3404 6.12 0.1217
0.2177 7.40 0.2780
0.4318 3.68 0.1621
0.4268 3.99 1.3567
0.3528 4.20 0.4037
0.3263 7.91 0.1684
0.3859 6.54 0.1072
0.4425 4.12 0.7106
0.2342 13.64 0.1094
0.3984 4.72 0.2025
0.3317 5.34 0.2993
0.4159 4.12 0.3520
0.2640 10.07 0.1814
0.2592 6.10 0.2064
0.3312 9.27 0.1028
0.3325 4.26 0.3171
0.3666 3.28 1.1770
0.2927 5.38 0.3110
0.2944 9.10 0.1068
0.3842 5.74 0.3630
0.3498 6.26 0.1338
0.2678 6.87 0.1604
0.2764 8.34 0.1311
0.2580 11.05 0.1307
0.4276 5.79 0.2169
0.3030 5.84 0.7941
0.3204 5.30 0.2195
0.1293 19.96 0.0469
0.1766 12.79 0.0790
0.3427 5.68 0.1831
0.3663 4.84 0.2566
0.2265 13.08 0.1361
0.4130 4.08 0.2931
0.4212 3.75 0.3236
0.2882 8.57 0.0920
0.4448 3.88 1.1016
0.1144 20.48 0.0619
0.2551 10.66 0.0807
0.4109 4.10 0.6930
0.3466 6.20 0.2470
0.1151 22.63 0.0494
0.4073 6.98 0.1776
0.4243 4.54 0.2696
0.3748 5.27 0.7896
0.2514 11.28 0.1275
0.2916 4.78 0.2650
0.2223 8.59 0.1042
0.3803 4.27 0.2965
0.0838 24.61 0.0586
0.2831 9.45 0.2559
0.3896 3.04 0.7180
0.1991 13.51 0.2260
0.2445 7.08 0.1870
0.2605 10.01 0.1851
0.3094 10.61 0.0786
0.3162 6.16 0.2905
0.3264 3.24 0.4490
0.4028 4.51 0.2090
0.2441 10.38 0.0874
0.4422 4.78 0.2044
0.4354 4.15 0.2482
0.4111 2.62 0.2960
0.4380 3.77 0.3149
0.4061 5.99 0.2717
0.3078 6.43 0.1417
0.4207 4.30 0.3407
0.2879 7.33 0.1505
0.2511 7.75 0.0802
0.4093 4.71 0.2363
0.3407 5.67 0.1548
0.2483 11.96 0.0733
0.4349 7.79 0.1741
0.2197 9.79 0.4662
0.2547 8.27 0.1066
0.3356 5.65 0.2902
0.3984 4.72 0.2687
0.2847 4.30 0.5538
0.4483 4.75 0.1962
0.1374 21.70 0.0480
0.3705 7.01 0.1763
0.3718 3.73 0.3661
0.3387 6.81 0.2174
0.1484 19.25 0.0827
0.3411 4.91 0.1961
0.2808 5.59 0.2738
0.4203 3.93 0.8966
0.0941 23.82 0.0621
0.3725 3.70 0.5453
0.3769 5.02 0.4300
0.3720 5.68 0.3479
0.4291 3.47 0.3881
0.4351 3.51 0.5474
0.2805 8.76 0.1233
0.4200 4.40 0.6857
0.1794 18.36 0.0968
0.3542 5.75 0.1480
0.3519 4.77 0.2307
0.2036 14.37 0.1832
0.3602 3.48 0.4572
0.3916 4.16 0.2960
0.4002 6.46 0.3845
0.3454 4.79 0.1695
0.0608 25.92 0.0605
0.3070 6.98 0.2473
0.3953 4.16 0.2573
0.3749 2.59 1.2397
0.2198 10.82 0.1025
0.2249 11.41 0.0837
0.3185 4.02 0.2342
0.3408 6.44 0.3425
0.1114 23.03 0.0638
0.2623 11.29 0.1911
0.1597 13.23 0.1100
0.2320 11.43 0.0803
0.0773 25.13 0.0551
0.4238 4.10 0.3142
0.1734 16.62 0.0602
0.4257 3.42 0.5186
0.2042 14.40 0.0664
0.4200 6.90 0.1205
0.4293 5.54 0.3065
0.3148 5.65 0.3000
0.3102 9.07 0.1292
0.0800 25.01 0.0589
0.2950 6.20 0.4751
0.3077 3.96 1.2233
0.0453 26.20 0.1250
0.3446 4.32 0.4175
0.3778 4.42 0.8014
0.3706 4.06 0.2614
0.1808 18.41 0.0655
0.3501 5.26 0.2639
0.3576 4.74 0.4837
0.1444 15.45 0.0883
0.3375 7.22 0.2832
0.4360 4.64 0.5935
0.4022 5.82 0.1348
0.3556 5.02 0.4425
0.3908 4.22 0.3662
0.2662 4.71 0.3823
0.4395 4.92 0.2771
0.3221 6.68 0.1117
0.2820 6.45 0.1512
0.2654 8.66 0.0835
0.2248 7.08 0.1638
0.3327 4.11 0.2802
0.0885 24.02 0.1182
0.3708 5.29 0.1565
0.2314 11.08 0.1763
0.2462 8.81 0.3302
0.3364 4.81 0.2956
0.2480 10.47 0.0991
0.2051 10.24 0.0792
0.2496 6.48 0.1491
0.4197 4.09 0.5219
0.1060 22.88 0.0544
0.2694 9.09 0.1328
0.4324 3.14 0.6298
0.2877 11.78 0.0780
0.2403 10.16 0.0760
0.4431 3.79 8.0669
0.4331 4.79 0.5270
0.1379 19.29 0.0569
0.2123 11.00 0.2667
0.2724 6.20 0.1903
0.3903 6.42 0.2539
0.2876 5.72 0.2528
0.4148 3.77 0.2948
0.2761 8.07 0.1082
0.2643 5.83 0.1956
0.3488 4.48 0.3045
0.3622 6.07 0.2095
0.3579 3.68 0.3679
0.1735 19.24 0.0865
0.3117 5.68 0.2165
0.2124 10.93 0.1096
0.4114 3.45 0.4008
0.2114 9.47 0.1194
0.1882 10.18 0.2434
0.2680 10.47 0.0473
0.3932 7.90 0.2130
0.3922 3.45 0.4077
0.1826 15.63 0.0806
0.1733 20.18 0.0629
0.1289 22.55 0.0585
0.4356 3.72 0.6218
0.3763 5.96 0.1769
0.3204 7.51 0.3077
0.2267 15.54 0.0801
0.3394 6.03 0.1840
0.4457 4.34 0.6303
0.1704 16.17 0.0692
0.3241 3.80 0.2637
0.4375 5.12 0.3211
0.3411 7.63 0.0900
0.3824 3.26 0.5739
0.0962 24.53 0.0479
0.3862 4.48 0.2987
0.3599 6.28 0.5310
0.2614 8.16 0.1751
0.3046 5.21 0.2214
0.2364 13.32 0.0524
0.2457 10.21 0.1326
0.4453 3.72 0.5932
0.2432 9.30 0.1073
0.1547 13.71 0.0850
0.4157 2.59 1.2229
0.4366 4.35 0.3716
0.4399 3.80 0.5887
0.4314 4.89 0.3266
0.4144 6.39 0.1813
0.2892 5.43 0.3326
0.1195 19.83 0.0785
0.3602 4.40 0.2026
0.4427 3.80 0.6806
0.3029 6.74 0.1748
0.3538 7.26 0.2472
0.2551 11.19 0.1022
0.4142 4.70 0.4097
0.2422 10.31 0.0782
0.4320 4.52 0.3337
0.2936 5.38 0.1615
0.4136 4.82 0.5404
0.4434 6.47 0.1708
0.3464 5.29 0.1630
0.4448 4.09 0.3378
0.2445 6.98 0.0910
0.3082 11.59 0.1182
0.2172 7.90 0.1764
0.3927 5.51 0.2926
0.3227 5.64 0.1956
0.3626 6.71 0.1318
0.4007 4.57 0.2659
0.3796 5.49 0.3093
0.3927 4.17 0.2616
0.4155 6.16 0.6010
0.4407 3.80 0.6473
0.4462 3.31 0.5352
0.2013 14.46 0.0840
0.3451 4.99 0.2059
0.4253 4.02 0.3602
0.3761 6.17 0.2037
0.3713 3.80 0.4003
0.2121 16.28 0.0893
0.3760 3.56 0.2753
0.4211 3.32 0.5853
0.4474 4.94 0.5701
0.3944 4.65 0.3409
0.2411 13.79 0.0583
0.3710 5.29 0.1941
0.3707 3.21 0.7227
0.4104 6.27 0.2116
0.3496 8.33 0.3123
0.3510 4.59 0.1197
0.3114 6.05 0.1302
0.2273 14.34 0.0740
0.2579 6.13 0.7055
0.2676 16.85 0.0571
0.3140 7.36 0.0975
0.2637 4.17 0.2568
0.3936 4.90 0.3530
0.2825 6.44 0.5920
0.3834 4.91 0.3348
0.4076 5.93 0.1993
0.1744 15.79 0.0812
0.1965 18.05 0.0969
0.2554 10.60 0.1057
0.3304 5.72 0.1633
0.4120 3.56 0.5611
0.4454 4.92 0.3620
0.4179 3.84 0.4103
0.2271 8.82 0.1217
0.4010 4.62 0.3074
0.3965 3.42 0.5019
0.1072 22.63 0.0507
0.3086 7.93 0.0773
0.2213 9.48 0.2245
0.3417 5.18 0.2551
0.1686 17.27 0.1084
0.2444 7.65 0.1223
0.3594 7.19 0.2588
0.2038 14.37 0.0574
0.4384 3.67 0.4118
0.3796 4.43 0.4455
0.3653 3.41 0.4356
0.3388 3.89 0.4384
0.4311 3.51 0.4451
0.1844 14.51 0.0798
0.3902 5.35 0.3259
0.2794 10.12 0.1077
0.1615 17.57 0.0977
0.3743 4.11 0.2409
0.3554 5.68 0.4431
0.3729 6.20 0.2105
0.2585 12.31 0.0731
0.4225 3.90 0.3932
0.3396 4.37 0.2729
0.4291 3.40 0.5468
0.3124 7.47 0.0895
0.3796 7.54 0.1189
0.4304 5.42 0.2597
0.2553 9.61 0.0788
0.3327 5.11 0.1960
0.2409 6.17 0.3342
0.3564 5.92 0.2087
0.2805 6.99 0.1634
0.2766 7.50 0.3459
0.4253 4.20 0.5180
0.4355 4.97 0.5819
0.3315 7.31 0.1019
0.3907 3.94 0.3459
0.3105 3.90 0.9849
0.3752 4.47 0.2846
0.3479 3.93 0.5149
0.2860 9.31 0.1059
0.2980 11.32 0.0953
0.2075 16.23 0.1401
0.3604 5.10 0.1887
0.3539 3.76 0.3004
0.3885 3.87 0.2726
0.3933 3.50 0.3311
0.3112 6.31 0.2462
0.3738 5.09 0.2887
0.4481 5.22 0.4400
0.2493 11.59 0.1040
0.2757 8.39 0.1165
0.1995 11.77 0.0708
0.0567 25.29 0.1051
0.2543 9.48 0.1158
0.4022 4.41 0.2416
0.4465 3.41 0.4721
0.2029 12.69 0.2185
0.4478 3.59 0.8679
0.4448 3.35 0.5089
0.2376 11.42 0.1350
0.2618 11.39 0.0839
0.2527 6.03 0.1861
0.3705 6.06 0.5330
0.3919 3.18 0.4071
0.3301 4.28 0.4187
0.3571 6.11 0.2085
0.3415 6.11 0.1880
0.2847 4.98 0.3904
0.2416 9.15 0.0876
0.3633 4.74 0.7919
0.3360 6.49 0.1423
0.4360 4.18 0.4196
0.3820 3.86 0.4237
0.1989 16.59 0.0568
0.3358 5.24 0.1966
0.3138 3.67 1.0666
0.3476 5.84 0.3029
0.3574 4.28 0.2748
0.3073 4.57 0.2553
0.1882 10.50 0.0918
0.1945 8.66 0.2217
0.4262 4.32 0.2279
0.2490 10.83 0.1380
0.3237 5.76 0.1953
0.4181 6.40 0.5200
0.2503 6.33 0.1418
0.3750 4.75 0.4184
0.2545 10.80 0.1856
0.1466 20.77 0.0457
0.4216 3.35 0.4481
0.3042 6.06 0.2086
0.4025 6.17 0.2278
0.4127 6.86 0.1823
0.2226 8.11 0.3389
0.3331 6.40 0.2531
0.2737 5.89 0.2428
0.3182 8.12 0.1750
0.2169 8.70 0.1140
0.4477 3.91 0.2871
0.3525 6.20 0.1575
0.3072 6.81 0.6667
0.2095 13.24 0.0771
0.3900 3.59 0.3292
0.3229 7.55 0.1512
0.4264 4.90 0.3273
0.2201 10.86 0.1836
0.3994 4.36 0.4876
0.2327 12.00 0.0789
0.3384 5.61 0.2967
0.3464 6.42 0.2646
0.3448 5.86 0.1626
0.3509 4.05 0.5202
0.2711 7.48 0.1076
0.4297 3.45 0.5245
0.3305 6.76 0.2239
0.3977 6.43 0.1737
0.3666 4.68 0.2787
0.3732 4.78 0.2100
0.3754 5.14 0.2301
0.3443 5.00 0.1956
0.4295 4.48 0.3203
0.4197 4.43 0.2231
0.3280 6.29 0.4568
0.3513 6.53 0.2090
0.3032 9.77 0.1003
0.4025 7.48 0.1587
0.4060 4.43 0.3585
0.4442 3.57 0.7387
0.2658 6.53 0.2078
0.4265 6.29 0.1854
0.4213 2.27 1.5908
0.3420 8.56 0.1289
0.2381 7.65 0.1625
0.2218 11.15 0.1779
0.3532 5.33 0.2430
0.0472 26.07 0.0690
0.3477 5.83 0.1741
0.2953 5.15 0.2174
0.3860 5.16 0.2423
0.4330 4.72 0.3050
0.1731 14.71 0.0954
0.2821 6.39 0.1863
0.1150 20.98 0.0522
0.1985 17.43 0.0707
0.3771 5.45 0.1503
0.4223 3.69 0.3697
0.3236 3.85 0.5502
0.1630 13.04 0.0810
0.1049 23.18 0.0451
0.3348 6.89 0.1798
0.3141 3.61 1.0863
0.2300 8.90 0.1047
0.4290 4.40 0.3161
0.1658 21.32 0.0543
0.2579 9.06 0.3491
0.4482 4.59 0.3195
0.4456 2.09 1.4346
0.4013 4.65 0.3172
0.2217 7.18 0.0983
0.3765 3.45 0.8181
0.3901 4.96 0.2438
0.3506 5.21 0.1082
0.4080 4.77 0.2940
0.1892 13.89 0.1097
0.2129 13.45 0.0581
0.4228 7.01 0.3393
0.4259 3.99 0.3774
0.2795 9.57 0.1718
0.3601 4.62 0.3661
0.3262 6.67 0.2090
0.2759 4.98 0.1505
0.4235 7.16 0.1584
0.2903 5.81 0.2073
0.4238 5.02 0.2800
0.3898 5.92 0.1443
0.2579 6.56 0.1492
0.2559 9.46 0.0762
0.3901 6.89 0.1806
0.4055 3.36 0.4798
0.4107 4.41 0.2812
0.3926 4.71 0.9936
0.3101 5.23 0.2549
0.0539 25.68 0.0769
0.3638 3.69 0.5807
0.2777 7.83 0.1191
0.3679 5.80 0.2192
0.4335 3.85 0.5237
0.3026 8.92 0.1733
0.2128 10.64 0.1294
0.3151 7.27 0.2474
0.3367 4.87 0.2365
0.3573 3.97 0.7200
0.4271 3.53 0.7166
0.3405 8.93 0.1549
0.3268 7.31 0.1796
0.3320 4.22 0.2961
0.4037 6.36 0.1944
0.1801 20.48 0.0540
0.0756 24.80 0.0656
0.2710 8.99 0.1919
0.2429 11.21 0.0674
0.2970 7.79 0.2003
0.3205 6.77 0.2603
0.3900 6.10 0.2860
0.4470 4.25 0.3949
0.2892 7.76 0.2847
0.2426 13.21 0.0656
0.4182 8.40 0.1163
0.3489 4.75 0.1542
0.2738 7.63 0.0953
0.3524 5.08 0.4840
0.4308 4.86 0.2235
0.3677 4.59 0.1714
0.4314 5.55 0.1799
0.3707 3.46 0.6388
0.4317 3.87 0.3997
0.3989 4.34 0.3515
0.3154 9.53 0.2765
0.2170 16.33 0.0583
0.1821 15.04 0.0723
0.3935 3.75 0.5278
0.2402 5.55 0.8934
0.3584 5.80 0.3279
0.3679 4.67 0.3709
0.3782 4.48 0.4880
0.4470 4.80 0.2712
0.4069 4.36 0.2542
0.2206 12.72 0.0723
0.4429 5.23 0.2205
0.1377 13.80 0.1249
0.3267 8.91 0.1401
0.2012 15.79 0.0769
0.2317 13.52 0.0606
0.4053 4.80 0.3040
0.3406 5.80 0.2237
0.3923 4.28 0.3430
0.3722 5.15 0.2477
0.3474 4.36 0.3220
0.2378 8.87 0.1513
0.3145 5.70 0.3119
0.4420 4.83 0.2691
0.2407 10.48 0.1511
0.3750 3.65 0.5272
0.3844 4.93 0.2792
0.4033 3.91 0.4215
0.2610 5.37 0.2294
0.1874 16.31 0.1650
0.3320 6.46 0.1278
0.3974 4.00 0.4676
0.3816 3.44 0.7306
0.1775 19.78 0.0432
0.0972 25.19 0.0953
0.2753 7.03 0.1362
0.4447 4.01 0.6250
0.3315 5.29 0.1822
0.4330 4.96 0.7188
0.1999 17.08 0.0564
0.4130 3.31 1.1723
0.3726 5.56 0.2086
0.2597 12.54 0.0824
0.4098 5.83 0.2768
0.1628 15.13 0.0588
0.3951 4.40 0.2622
0.3865 6.46 0.1295
0.3039 5.44 0.1743
0.4411 4.00 0.6001
0.2872 4.46 1.2300
0.3489 5.25 0.2170
0.4036 3.87 0.3912
0.3177 7.52 0.1122
0.2857 9.47 0.0943
0.3973 5.49 0.2130
0.4426 5.24 0.2687
0.3251 6.00 0.2000
0.2899 9.03 0.5589
0.4062 4.52 0.3186
0.2892 12.59 0.1061
0.3799 3.47 0.9890
0.1926 11.83 0.0982
0.1065 19.62 0.0724
0.2681 8.58 0.1697
0.4102 4.33 0.3712
0.1908 12.16 0.0774
0.2538 8.79 0.0967
0.3085 4.59 0.3925
0.2817 6.22 0.5353
0.4343 6.57 0.1311
0.2869 7.91 0.1464
0.1711 15.82 0.1435
0.3054 7.35 0.2662
0.2858 6.89 0.1774
0.3980 6.15 0.2433
0.4004 4.51 0.6283
0.1147 21.99 0.0524
0.2461 8.60 0.0973
0.4126 4.29 0.6174
0.3028 7.87 0.2108
0.3582 6.26 0.6437
0.4041 5.22 0.3089
0.4391 5.13 0.2919
0.2949 5.28 0.1839
0.3915 5.50 0.2447
0.3754 5.15 0.3130
0.4375 5.15 0.2007
0.4257 2.65 0.6465
0.4132 8.47 0.2757
0.4238 3.44 0.7121
0.3315 6.41 0.1207
0.2186 8.26 0.1283
0.3526 4.88 0.2091
0.3385 5.15 0.2202
0.3393 7.55 0.2642
0.3175 8.60 0.2073
0.2280 14.27 0.0699
0.3984 4.58 0.1634
0.2666 7.98 0.1262
0.4021 4.94 0.2559
0.3677 4.62 0.2818
0.2850 10.12 0.1764
0.4187 3.96 0.3807
0.3392 5.58 0.2396
0.2488 7.37 0.6729
0.2223 8.61 0.0759
0.1988 8.76 0.3000
0.3700 3.92 0.3523
0.3851 5.38 0.1376
0.2489 8.53 0.0875
0.4081 4.00 0.2213
0.2377 12.07 0.0609
0.4195 5.97 0.2317
0.2775 7.78 0.0905
0.3657 6.48 0.2153
0.3404 4.50 0.2603
0.2953 8.97 0.1179
0.2107 10.79 0.2365
0.2048 12.94 0.0640
0.3299 5.23 0.1583
0.3905 5.17 0.2266
0.2860 5.81 0.0910
0.4378 5.64 0.2802
0.2673 8.59 0.1538
0.3448 7.34 0.2052
0.1645 15.37 0.0808
0.0828 22.30 0.0619
0.2885 5.53 0.2834
0.3084 6.68 0.1452
0.2962 8.23 0.0864
0.1975 13.55 0.0851
0.2491 8.68 0.0994
0.2961 6.93 0.1836
0.1724 12.11 0.0946
0.3859 5.70 0.3415
0.1247 22.41 0.1655
0.4389 5.18 0.4586
0.2500 7.33 0.1247
0.3187 3.90 0.9977
0.4146 5.06 0.2033
0.4137 4.91 0.5337
0.3725 6.60 0.1968
0.3767 3.32 0.6235
0.4035 2.91 0.9914
0.2783 8.25 0.1500
0.1561 14.43 0.0732
0.2432 7.10 0.1926
0.4465 4.36 0.6747
0.4410 6.30 0.2033
0.3613 5.78 0.1384
0.3292 4.19 0.2849
0.4079 4.59 0.2767
0.1424 19.41 0.0493
0.2783 6.09 0.1768
0.2518 12.11 0.0872
0.2879 4.40 0.3432
0.3272 5.25 0.1855
0.2155 6.40 0.2307
0.2756 6.62 0.1347
0.2097 12.62 0.0759
0.3112 4.06 0.2947
0.3168 5.30 0.2361
0.1870 14.84 0.0762
0.1960 11.01 0.1166
0.4326 3.19 0.4493
0.1598 15.56 0.1549
0.0939 20.72 0.0977
0.3922 4.14 0.5566
0.3409 4.92 0.4362
0.3417 6.97 0.4077
0.4300 2.92 0.8503
0.4145 3.66 0.4825
0.4416 3.57 1.9455
0.3803 5.55 0.2566
0.4284 4.27 0.3972
0.1109 18.55 0.0628
0.4304 5.22 0.3137
0.2609 10.69 0.3366
0.2088 8.17 0.2196
0.2947 8.99 0.1161
0.3041 7.46 0.1245
0.4219 3.46 0.4567
0.3175 9.41 0.0711
0.4081 3.75 0.6326
0.2717 7.70 0.1591
0.3613 4.72 0.2786
0.2106 9.53 0.1080
0.1973 14.84 0.0703
0.3951 4.94 0.3466
0.3984 3.04 0.4450
0.3002 7.81 0.1265
0.3403 8.16 0.1133
0.3652 6.20 0.2204
0.2415 14.90 0.0700
0.2871 5.75 0.1964
0.4028 4.02 0.4549
0.3049 5.09 0.3534
0.1761 10.36 0.1107
0.4359 5.24 0.2395
0.2719 6.79 0.1629
0.2157 9.79 0.0802
0.4316 5.90 0.3998
0.1579 17.08 0.0943
0.2692 7.73 0.1328
0.2070 13.15 0.1299
0.3763 5.73 0.2094
0.3130 6.04 0.1887
0.0491 26.28 0.1193
0.3954 3.35 0.5839
0.4358 3.74 0.6874
0.3757 8.03 0.2701
0.3821 4.14 0.2809
0.4041 4.91 0.7460
0.3750 6.72 0.2361
0.3040 6.94 0.3554
0.2953 7.51 0.1519
0.4144 4.69 0.2262
0.4185 3.30 0.6763
0.3821 4.42 0.3790
0.3212 6.69 0.1103
0.3635 3.59 0.7187
0.4133 5.42 0.1455
0.2372 9.16 0.1158
0.3915 4.49 0.3435
0.3796 3.64 0.3185
0.4213 3.31 0.5172
0.2800 8.61 0.1062
0.4355 3.22 1.0607
0.2054 9.73 0.1895
0.3632 6.18 0.2208
0.3668 5.85 0.5528
