0.1542 40.77 0.0839
0.1481 55.68 0.0678
0.2085 23.45 0.1086
0.1368 33.14 0.1116
0.2076 21.99 0.1388
0.3756 9.77 0.1752
0.1918 32.71 0.0907
0.1515 16.18 0.1144
0.2425 14.23 0.1459
0.2014 10.20 0.1750
0.2543 11.65 0.1422
0.1468 39.99 0.0812
0.1758 15.42 0.1521
0.2039 19.78 0.1261
0.2356 20.41 0.1512
0.2666 18.21 0.1337
0.3069 10.14 0.1637
0.1348 49.08 0.0791
0.1394 58.33 0.0771
0.2052 21.81 0.1072
0.1674 44.94 0.0742
0.1920 25.31 0.0994
0.1703 32.46 0.0798
0.1334 43.46 0.0741
0.1649 9.56 0.1776
0.2455 15.35 0.1407
0.2912 6.84 0.2058
0.1488 37.05 0.0837
0.1637 41.30 0.0860
0.2299 20.17 0.1747
0.2834 15.95 0.1038
0.2012 27.69 0.0892
0.1775 45.53 0.0736
0.2582 18.43 0.1460
0.3073 6.85 0.1987
0.1466 40.28 0.0801
0.1882 26.56 0.1002
0.1902 15.76 0.1069
0.1883 17.54 0.1069
0.2743 21.51 0.1226
0.3150 7.07 0.2264
0.2418 16.39 0.1275
0.3194 9.98 0.1859
0.1579 40.96 0.0730
0.2752 7.50 0.2925
0.1328 28.59 0.1410
0.2262 22.63 0.1056
0.2934 27.21 0.1119
0.2701 9.93 0.1525
0.1690 37.54 0.0776
0.2602 14.64 0.1221
0.1131 39.57 0.0826
0.2042 28.83 0.0963
0.2252 13.22 0.1121
0.1910 35.20 0.0833
0.1898 30.00 0.0878
0.2032 22.31 0.0851
0.0811 80.66 0.0787
0.2217 28.16 0.1029
0.2172 13.83 0.1808
0.2578 22.20 0.1088
0.2279 23.96 0.1119
0.2846 19.41 0.1122
0.1961 24.00 0.0958
0.1206 39.87 0.0805
0.1763 49.06 0.0738
0.1741 35.97 0.0893
0.2045 31.60 0.0860
0.2374 27.79 0.1228
0.1681 45.84 0.0975
0.2832 12.88 0.1632
0.2670 24.69 0.1093
0.2216 13.64 0.1264
0.2050 23.86 0.1008
0.1726 16.90 0.1184
0.1865 25.49 0.0954
0.2107 20.68 0.1110
0.2377 16.59 0.1104
0.3847 9.92 0.2562
0.2523 16.82 0.1185
0.1600 43.07 0.0773
0.2638 10.94 0.1612
0.1481 50.81 0.0684
0.1614 45.62 0.0724
0.1501 38.49 0.0873
0.2071 21.31 0.1422
0.1897 20.33 0.0977
0.2240 15.62 0.1018
0.2061 23.64 0.1090
0.2687 13.16 0.1609
0.1750 22.48 0.0996
0.3379 10.57 0.1744
0.2509 16.09 0.1110
0.2205 18.05 0.1008
0.2669 8.16 0.2032
0.2060 10.82 0.1402
0.2369 13.74 0.1215
0.2162 34.64 0.0918
0.2415 27.04 0.1215
0.1732 23.07 0.0863
0.3212 10.03 0.1614
0.2951 10.68 0.1396
0.2812 13.01 0.1401
0.1537 53.41 0.0754
0.2074 33.57 0.0824
0.1588 47.49 0.0837
0.2829 16.21 0.1562
0.2217 12.83 0.1393
0.1487 25.42 0.0969
0.2673 14.41 0.1506
0.1488 40.66 0.0751
0.1671 26.80 0.1065
0.2441 17.13 0.1137
0.1767 35.40 0.0934
0.1551 23.42 0.0962
0.1283 56.97 0.0733
0.1678 27.14 0.1582
0.3351 12.19 0.1739
0.2068 16.53 0.1023
0.2488 21.71 0.1167
0.2758 20.21 0.1263
0.2089 12.44 0.1290
0.1506 36.72 0.0814
0.2821 7.97 0.1790
0.1110 42.42 0.0779
0.2622 15.31 0.1273
0.2608 10.95 0.1313
0.2639 16.37 0.1246
0.1613 26.94 0.0866
0.2027 20.23 0.1182
0.2296 12.65 0.1379
0.1276 58.16 0.0732
0.2578 12.85 0.1628
0.2187 16.14 0.1348
0.0907 77.22 0.0777
0.2269 24.58 0.0949
0.1691 30.11 0.0898
0.2116 21.16 0.0911
0.2562 11.32 0.1331
0.2343 17.97 0.1141
0.1309 55.19 0.0723
0.2472 10.99 0.1608
0.2031 20.68 0.1128
0.1579 27.40 0.0856
0.1516 30.47 0.1019
0.2269 21.42 0.0988
0.1477 32.24 0.0835
0.2117 17.07 0.1563
0.3011 9.51 0.1907
0.2459 20.84 0.0949
0.2114 24.44 0.1130
0.1625 30.35 0.0970
0.2422 13.35 0.1321
0.2308 32.80 0.0879
0.0878 63.87 0.0758
0.3309 6.60 0.2293
0.1901 18.89 0.1220
0.1916 10.98 0.1365
0.1210 54.35 0.0783
0.1742 24.67 0.1137
0.2159 28.56 0.0927
0.1477 26.13 0.0873
0.3279 7.03 0.2613
0.3056 7.72 0.2746
0.1098 65.83 0.0708
0.2000 19.23 0.1036
0.1155 69.12 0.0673
0.1963 18.86 0.0873
0.1801 20.17 0.1034
0.1574 27.94 0.0860
0.2731 8.60 0.1803
0.2729 22.40 0.1102
0.0783 69.02 0.1018
0.0838 89.06 0.0731
0.2671 8.90 0.1780
0.1780 47.97 0.0721
0.1965 18.22 0.1040
0.2924 11.36 0.1623
0.2242 31.12 0.0863
0.2831 9.70 0.2042
0.2341 11.71 0.1307
0.2584 16.68 0.1109
0.2177 18.72 0.1091
0.1187 65.05 0.0725
0.1885 37.44 0.0753
0.1362 48.34 0.0708
0.1373 59.13 0.0700
0.2594 7.92 0.1698
0.4030 8.00 0.2037
0.2183 25.83 0.0985
0.1523 35.67 0.0736
0.3332 17.08 0.1253
0.1562 38.26 0.0821
0.2632 19.24 0.1138
0.2034 41.88 0.0825
0.2143 23.93 0.1145
0.2510 12.73 0.1290
0.2951 13.22 0.1516
0.3793 8.20 0.2046
0.2586 16.05 0.1436
0.1852 9.28 0.1769
0.1908 29.46 0.0890
0.1872 9.80 0.1528
0.1445 47.41 0.0738
0.2173 22.27 0.1041
0.2168 23.74 0.1053
0.2613 16.11 0.1160
0.2248 24.47 0.1062
0.3062 19.34 0.1720
0.2037 21.85 0.1042
0.1461 48.11 0.0769
0.1915 45.18 0.0773
0.3075 8.39 0.1859
0.1118 65.82 0.0824
0.1522 43.85 0.0798
0.1954 24.20 0.1156
0.2287 22.49 0.0981
0.1417 51.13 0.0766
0.2326 17.26 0.1099
0.2462 12.03 0.1420
0.1817 24.90 0.0974
0.1435 86.46 0.0655
0.2519 14.92 0.1330
0.1630 29.10 0.1026
0.2309 13.11 0.1508
0.2429 11.52 0.1479
0.2727 25.03 0.1170
0.0978 80.45 0.0812
0.2408 23.57 0.0989
0.1958 25.96 0.0962
0.1964 34.23 0.0964
0.1254 57.37 0.0888
0.3017 15.00 0.1486
0.1830 24.34 0.0903
0.3204 10.68 0.2202
0.1970 33.41 0.1152
0.1959 27.54 0.0847
0.1193 40.15 0.0971
0.2657 21.87 0.1098
0.2373 13.36 0.1568
0.2085 29.51 0.0874
0.2646 11.83 0.1863
0.2895 21.70 0.1099
0.0847 79.74 0.0901
0.1295 64.40 0.0771
0.1629 37.67 0.0728
0.1870 35.03 0.0844
0.1640 25.55 0.0860
0.2786 16.81 0.1211
0.1743 31.34 0.0964
0.2159 25.49 0.0969
0.1967 16.96 0.1258
0.2430 22.38 0.1022
0.4010 7.39 0.2369
0.2118 27.21 0.1107
0.1110 68.01 0.0694
0.1391 30.85 0.1026
0.1568 46.77 0.0790
0.1930 12.91 0.1503
0.2066 19.73 0.0961
0.3325 8.49 0.2338
0.2195 17.04 0.1252
0.2810 11.27 0.1616
0.2063 14.14 0.1224
0.2370 22.20 0.1130
0.2575 12.46 0.1649
0.2374 20.61 0.0988
0.1013 59.77 0.0730
0.2006 16.96 0.1029
0.2159 22.60 0.1152
0.1931 25.43 0.0760
0.1993 30.05 0.0942
0.1645 25.70 0.1017
0.2179 18.57 0.1283
0.3359 8.33 0.1959
0.2169 13.19 0.1527
0.2439 19.74 0.1217
0.2299 17.32 0.1564
0.1827 45.46 0.0801
0.1372 40.31 0.0779
0.1740 31.16 0.0987
0.1318 50.53 0.0761
0.1780 15.79 0.0894
0.1935 16.64 0.1150
0.1876 39.63 0.0902
0.1867 39.92 0.1060
0.2441 19.25 0.1011
0.2647 13.70 0.1265
0.2605 23.42 0.1140
0.3121 16.94 0.1478
0.2333 11.50 0.1380
0.2308 14.02 0.1603
0.3225 9.44 0.2421
0.2005 20.06 0.0930
0.2312 27.14 0.1070
0.2621 13.83 0.1690
0.4177 10.79 0.1593
0.1944 9.67 0.1680
0.1032 72.34 0.0782
0.2324 23.85 0.1172
0.1427 46.06 0.0910
0.3018 20.99 0.1378
0.1940 18.71 0.1137
0.1540 41.19 0.0752
0.2390 20.96 0.1338
0.2546 16.43 0.1862
0.2175 16.25 0.1345
0.1678 42.71 0.0708
0.2368 20.37 0.1140
0.1699 36.40 0.0926
0.1968 25.58 0.0987
0.1847 22.88 0.1168
0.2428 14.04 0.1474
0.2410 31.14 0.1032
0.3041 10.74 0.1798
0.1468 45.85 0.0724
0.1240 54.54 0.0713
0.0789 98.01 0.0755
0.3760 11.00 0.1584
0.1508 35.17 0.0758
0.2978 7.99 0.2097
0.1991 29.11 0.1132
0.1714 15.73 0.1094
0.1152 67.20 0.0702
0.2154 32.79 0.0867
0.2052 13.78 0.1387
0.1171 80.25 0.0737
0.0902 74.94 0.0958
0.2568 28.25 0.1008
0.2102 22.95 0.0831
0.2081 19.74 0.1671
0.1824 18.58 0.0950
0.2619 14.86 0.1397
0.2470 21.16 0.1429
0.1692 30.28 0.0810
0.1149 62.24 0.0960
0.2204 26.17 0.0966
0.2131 27.97 0.0808
0.1001 92.60 0.0741
0.1481 59.89 0.0829
0.2647 17.82 0.1379
0.1822 23.90 0.1016
0.0724 66.09 0.0809
0.2629 20.13 0.1150
0.1447 36.51 0.0847
0.2351 18.27 0.1389
0.1608 55.37 0.0764
0.2477 18.98 0.1138
0.1777 18.79 0.0949
0.2214 30.09 0.1138
0.1370 45.00 0.0767
0.1578 25.87 0.0780
0.1476 33.20 0.0921
0.0723 82.64 0.0921
0.2000 42.40 0.0820
0.1495 63.91 0.0778
0.2338 26.45 0.1196
0.1955 8.41 0.1741
0.3048 9.13 0.2182
0.1924 19.44 0.1162
0.2163 25.54 0.1066
0.1522 46.92 0.0780
0.1965 12.90 0.1344
0.3365 9.22 0.2100
0.1625 20.48 0.0855
0.1786 33.85 0.0825
0.1430 52.58 0.0962
0.2335 9.89 0.1698
0.2536 9.93 0.2460
0.2039 37.98 0.1002
0.3165 9.76 0.1941
0.2396 15.90 0.1498
0.2405 14.53 0.1287
0.1305 20.83 0.0889
0.2245 10.23 0.1375
0.2013 18.85 0.1085
0.0945 76.55 0.0738
0.1961 11.38 0.1689
0.1307 58.72 0.0721
0.3013 8.45 0.2035
0.1011 53.63 0.0771
0.2102 21.31 0.1152
0.1928 17.61 0.1131
0.2280 17.33 0.1182
0.1647 40.27 0.0750
0.3130 8.57 0.1856
0.0851 86.34 0.0744
0.2055 12.77 0.1323
0.1590 42.03 0.0786
0.0986 62.33 0.0729
0.1993 33.25 0.0799
0.1838 28.84 0.0857
0.1627 28.94 0.0878
0.2559 24.20 0.1090
0.3259 7.10 0.2633
0.2187 17.51 0.1332
0.1118 68.87 0.0767
0.2555 15.13 0.1528
0.1519 54.33 0.0739
0.2008 30.26 0.0952
0.2521 24.58 0.1017
0.2668 8.38 0.2291
0.1592 52.46 0.0738
0.2441 21.52 0.1214
0.2869 14.69 0.1445
0.2847 19.82 0.1059
0.2591 13.53 0.1442
0.1695 34.98 0.0850
0.2179 28.00 0.0796
0.1169 34.02 0.0928
0.1741 30.97 0.0797
0.2715 10.82 0.1433
0.0982 51.59 0.0719
0.2237 17.93 0.1139
0.0922 76.99 0.0747
0.2308 25.74 0.0995
0.3045 17.93 0.1746
0.2747 14.16 0.0987
0.3085 10.78 0.1852
0.2529 9.94 0.1400
0.2758 9.75 0.1890
0.1492 42.83 0.0909
0.2365 18.04 0.1275
0.1708 53.94 0.0747
0.1588 54.20 0.0732
0.2373 19.95 0.1249
0.2609 11.75 0.2006
0.2418 13.07 0.1444
0.1519 38.41 0.0903
0.1309 50.98 0.0682
0.2916 14.03 0.1344
0.2960 11.79 0.2173
0.1129 85.07 0.0829
0.1368 61.97 0.0775
0.2210 19.72 0.1049
0.2486 23.26 0.1197
0.1573 53.19 0.0734
0.3011 12.84 0.1627
0.2033 27.48 0.0978
0.2472 16.05 0.1336
0.1911 23.75 0.1012
0.2318 26.87 0.1097
0.2185 22.22 0.1163
0.3037 8.81 0.2356
0.3747 9.01 0.2524
0.1809 14.49 0.1098
0.2440 14.67 0.1655
0.1551 32.42 0.0953
0.1630 24.83 0.0872
0.2574 12.33 0.1570
0.1079 79.98 0.0717
0.2111 13.62 0.1298
0.1609 56.36 0.0733
0.1811 30.24 0.0989
0.1184 57.12 0.0708
0.1712 51.31 0.0767
0.0988 61.50 0.0774
0.2217 22.16 0.1413
0.0936 73.10 0.0720
0.1748 33.51 0.0931
0.2786 14.15 0.1331
0.2310 25.63 0.1129
0.1541 19.14 0.1278
0.1581 42.09 0.0869
0.2081 16.83 0.0924
0.2974 7.47 0.2619
0.2149 16.81 0.1337
0.2308 15.62 0.1114
0.2408 12.68 0.1392
0.2443 12.62 0.1388
0.2093 13.61 0.1473
0.2444 15.23 0.1529
0.1549 26.82 0.1279
0.3019 11.23 0.2158
0.0723 94.95 0.0766
0.1988 26.62 0.0886
0.1554 42.51 0.0900
0.1104 43.40 0.0721
0.1940 9.82 0.1786
0.2870 19.79 0.1250
0.2650 23.99 0.1686
0.1092 31.50 0.0771
0.2493 9.80 0.1576
0.1595 35.49 0.0992
0.1238 47.47 0.0838
0.2677 17.48 0.1192
0.2833 17.61 0.1473
0.2452 12.34 0.1285
0.3296 8.00 0.2233
0.1289 41.04 0.0848
0.2689 23.16 0.1245
0.0859 93.07 0.0731
0.1542 26.20 0.0888
0.1558 27.39 0.0896
0.2266 17.81 0.1147
0.1399 22.11 0.1108
0.1933 30.16 0.0889
0.2818 8.66 0.2387
0.2186 19.05 0.1068
0.2479 16.91 0.1286
0.1077 38.80 0.0812
0.2158 11.46 0.1363
0.2055 13.25 0.1277
0.1937 16.70 0.1400
0.2884 18.54 0.1342
0.3409 8.71 0.2190
0.2212 13.46 0.1312
0.1832 37.71 0.0802
0.2142 17.60 0.1075
0.3027 12.51 0.1261
0.2346 15.93 0.1207
0.1524 14.62 0.1506
0.0805 81.47 0.0769
0.0982 101.03 0.0685
0.2106 22.24 0.1065
0.2641 15.73 0.1256
0.2141 31.58 0.0854
0.2147 16.10 0.1190
0.2097 18.77 0.1137
0.2475 12.36 0.1307
0.2242 24.38 0.1057
0.3174 9.46 0.2065
0.1425 30.32 0.0836
0.2096 23.56 0.0963
0.2456 17.12 0.1083
0.3422 9.23 0.2299
0.1951 15.01 0.1029
0.2079 23.37 0.1006
0.2229 21.46 0.1164
0.2354 18.68 0.1097
0.1530 24.89 0.1104
0.2285 11.94 0.1574
0.1817 18.94 0.1045
0.2994 12.21 0.2344
0.1783 26.64 0.1379
0.1183 45.13 0.0701
0.2034 15.04 0.1324
0.1320 40.16 0.0785
0.1333 28.67 0.0892
0.2081 18.40 0.1078
0.0801 91.32 0.0752
0.2609 15.82 0.1303
0.2934 6.49 0.2444
0.1904 14.42 0.1245
0.1691 31.30 0.0998
0.1401 66.79 0.0793
0.0781 107.62 0.0724
0.3122 11.93 0.1616
0.1538 21.92 0.0985
0.3622 10.08 0.2187
0.2021 30.40 0.0864
0.2475 17.13 0.1056
0.1108 68.57 0.0722
0.1611 22.82 0.0948
0.1439 17.35 0.1084
0.3111 8.97 0.1786
0.2367 21.03 0.0962
0.2738 20.97 0.1285
0.0831 62.87 0.0922
0.2265 9.55 0.1835
0.0887 93.13 0.0721
0.1706 48.59 0.0865
0.2023 19.44 0.0912
0.2400 9.33 0.2010
0.1019 74.71 0.1100
0.2656 20.05 0.1109
0.2630 8.82 0.1850
0.1308 57.70 0.0717
0.2014 45.42 0.0720
0.2635 16.70 0.1471
0.2266 14.91 0.1087
0.1396 43.24 0.0852
0.2944 15.47 0.1345
0.2282 33.25 0.0950
0.2937 13.43 0.1768
0.1990 21.39 0.1210
0.2030 22.17 0.1217
0.0978 48.15 0.1312
0.2447 14.73 0.1170
0.2322 19.92 0.1603
0.1782 23.02 0.0924
0.1945 28.16 0.0929
0.1785 30.78 0.0875
0.1663 45.55 0.0797
0.2204 17.44 0.1101
0.1951 20.92 0.1068
0.2132 37.84 0.0876
0.1556 25.81 0.0899
0.2108 20.33 0.0919
0.2095 16.93 0.1128
0.2650 12.64 0.1665
0.3669 9.16 0.1685
0.2897 13.46 0.1126
0.1135 47.11 0.0709
0.2791 21.44 0.1216
0.3389 12.21 0.1798
0.2627 16.16 0.1217
0.2919 10.16 0.1905
0.2222 12.84 0.1742
0.2551 14.17 0.1268
0.2374 12.95 0.1468
0.1702 34.10 0.0980
0.2881 10.63 0.1725
0.1185 60.19 0.0737
0.3901 8.60 0.2748
0.2455 13.74 0.1487
0.1440 36.60 0.0800
0.2278 20.78 0.1155
0.1814 29.86 0.0993
0.1122 75.43 0.0723
0.1939 21.00 0.1121
0.2513 21.73 0.1233
0.2062 25.04 0.1090
0.1105 62.94 0.0786
0.3798 8.32 0.1959
0.1052 44.20 0.1258
0.1710 18.44 0.1090
0.0861 81.26 0.0784
0.2523 15.69 0.1521
0.1132 35.13 0.0805
0.2714 13.60 0.1432
0.1420 30.37 0.0823
0.1544 23.88 0.1022
0.2451 9.43 0.2337
0.2111 9.19 0.2259
0.2522 26.02 0.1357
0.2323 12.26 0.1247
0.1334 53.15 0.0802
0.2457 16.69 0.1259
0.2696 10.46 0.1793
0.2820 14.37 0.1620
0.1923 40.15 0.0828
0.3320 16.85 0.1426
0.1775 22.34 0.0945
0.1575 17.56 0.1039
0.1293 63.05 0.0711
0.2763 16.86 0.1325
0.1243 33.76 0.0745
0.2826 9.79 0.1653
0.2082 31.57 0.0925
0.0981 68.28 0.0763
0.1573 31.33 0.0833
0.1252 34.15 0.0795
0.1464 70.02 0.0949
0.2632 22.83 0.1279
0.2211 12.51 0.1623
0.1813 41.97 0.0852
0.1798 34.18 0.0794
0.1584 28.08 0.0982
0.1792 13.29 0.1404
0.2418 13.80 0.1439
0.2591 19.46 0.1160
0.2716 11.50 0.1540
0.2322 10.03 0.1915
0.1897 12.71 0.1250
0.2039 21.03 0.1009
0.2344 22.27 0.0961
0.2573 9.64 0.1506
0.2090 34.76 0.0760
0.2652 18.17 0.1247
0.2455 25.18 0.1080
0.2172 31.23 0.0836
0.1704 23.43 0.0929
0.2578 22.05 0.1206
0.3075 20.26 0.1373
0.2111 9.56 0.1587
0.2378 20.97 0.1135
0.2175 27.79 0.1030
0.0894 85.10 0.0784
0.2019 44.04 0.0805
0.3612 11.02 0.1545
0.3255 7.43 0.2286
0.2361 14.64 0.1507
0.2154 14.35 0.1573
0.2738 26.50 0.1235
0.1853 25.09 0.1497
0.2536 10.61 0.1605
0.2936 11.43 0.1498
0.2229 19.15 0.1097
0.1405 31.51 0.0842
0.1269 37.22 0.0831
0.2379 11.92 0.1659
0.2333 17.81 0.1275
0.1794 28.56 0.0976
0.1038 42.95 0.1017
0.1431 49.86 0.0798
0.0830 78.65 0.0782
0.1831 37.71 0.0891
0.2108 18.07 0.1034
0.2580 28.55 0.0940
0.3008 12.57 0.1604
0.1307 41.89 0.0758
0.2075 12.23 0.1167
0.3174 7.92 0.1821
0.2080 21.30 0.0951
0.2205 15.38 0.1169
0.2647 16.02 0.1571
0.3217 12.74 0.1883
0.2221 24.01 0.0941
0.1517 43.74 0.0972
0.1884 37.70 0.0853
0.2383 17.63 0.1176
0.1548 63.68 0.0693
0.1181 50.60 0.0752
0.1477 36.06 0.0825
0.2153 9.06 0.2564
0.2033 38.30 0.0945
0.1663 24.81 0.0985
0.2040 18.02 0.1032
0.1140 60.87 0.0736
0.0942 71.31 0.0743
0.0754 74.95 0.0796
0.2363 11.70 0.1517
0.1767 27.05 0.0882
0.2773 16.56 0.1516
0.1283 72.06 0.0751
0.0978 66.20 0.0795
0.2002 42.24 0.0812
0.1905 20.31 0.1169
0.2162 24.66 0.1011
0.0792 80.09 0.0924
0.1638 39.46 0.0869
0.1746 24.00 0.1163
0.1396 17.33 0.1292
0.1120 27.83 0.1043
0.2097 23.42 0.1222
0.3021 11.28 0.1694
0.3904 7.25 0.2365
0.2300 15.26 0.1256
0.1044 51.62 0.0741
0.2150 7.86 0.1846
0.3894 9.31 0.2045
0.1876 26.67 0.0933
0.2754 6.95 0.1928
0.2825 24.24 0.1299
0.1618 55.99 0.0842
0.2016 23.76 0.0809
0.2184 21.10 0.0929
0.2113 8.86 0.1691
0.2402 11.12 0.1829
0.2326 15.08 0.0952
0.3171 8.22 0.2233
0.1981 28.90 0.0924
0.1073 59.83 0.0728
0.2598 10.45 0.4601
0.1121 38.11 0.1033
0.1955 18.20 0.1236
0.1879 14.05 0.1028
0.2075 16.48 0.1130
0.2462 28.23 0.0865
0.2025 30.02 0.1000
0.1729 29.73 0.0923
0.2349 23.73 0.1103
0.2209 17.92 0.1092
0.2217 17.09 0.1091
0.2377 24.62 0.1081
0.2340 25.10 0.1113
0.1626 63.33 0.0825
0.1159 54.85 0.0812
0.3809 9.03 0.1830
0.2819 12.94 0.1653
0.2554 14.47 0.1422
0.1325 45.97 0.0783
0.1473 31.19 0.0810
0.1346 54.12 0.0743
0.1321 44.95 0.0733
0.1959 15.62 0.1159
0.1878 24.55 0.1029
0.1891 32.84 0.1481
0.2404 35.35 0.1023
0.1359 28.45 0.0750
0.0887 61.60 0.0774
0.1260 38.51 0.0839
0.2049 30.96 0.0865
0.1745 26.45 0.1028
0.1301 52.13 0.0721
0.2036 19.79 0.0976
0.1851 28.86 0.1128
0.2455 19.08 0.1157
0.1709 32.99 0.0901
0.0751 94.67 0.0738
0.1869 22.08 0.1058
0.1359 64.81 0.0643
0.1835 39.33 0.0826
0.1400 36.75 0.0801
0.1561 55.20 0.0941
0.1210 54.90 0.0874
0.1689 33.29 0.0774
0.2278 16.99 0.1443
0.2462 12.49 0.1224
0.1260 35.92 0.0904
0.2121 24.70 0.0977
0.3927 9.41 0.1912
0.1993 14.81 0.1911
0.2959 19.03 0.1174
0.2742 14.58 0.1893
0.2436 8.31 0.2253
0.1279 85.31 0.0766
0.1783 31.97 0.0909
0.1315 32.05 0.0861
0.2078 13.83 0.1138
0.1594 38.76 0.0706
0.2564 13.65 0.1331
0.2463 32.24 0.1001
0.1196 49.42 0.0712
0.1840 33.74 0.0960
0.1982 21.31 0.0995
0.1167 30.11 0.0821
0.2150 18.73 0.1295
0.2211 13.41 0.1411
0.3888 7.13 0.2334
0.3091 10.27 0.2245
0.2344 11.96 0.1442
0.2537 12.71 0.1556
0.1694 37.59 0.0819
0.3005 12.92 0.1541
0.2037 21.07 0.1084
0.2095 25.93 0.1012
0.1191 74.30 0.0759
0.0764 105.62 0.0712
0.2482 20.27 0.1193
0.0744 104.42 0.0822
0.3770 9.32 0.1728
0.1670 24.40 0.0891
0.1562 60.57 0.0754
0.1700 58.76 0.0660
0.1707 32.70 0.0912
0.2062 24.03 0.1119
0.2601 21.06 0.1167
0.1483 40.05 0.0871
0.2432 14.19 0.1285
0.1993 34.34 0.0841
0.2712 14.36 0.1493
0.2425 16.29 0.1196
0.1496 51.97 0.0831
0.2165 23.41 0.1113
0.2268 21.77 0.0999
0.2388 15.60 0.1180
0.1708 24.10 0.1136
0.2260 23.86 0.2174
0.2543 19.14 0.0987
0.2230 15.76 0.1287
0.1628 35.86 0.0817
0.2426 17.89 0.1083
0.2575 9.66 0.2195
0.2225 14.01 0.1299
0.2344 22.21 0.0912
0.2722 8.81 0.2146
0.1793 31.08 0.0927
0.3357 13.43 0.1567
0.2426 27.88 0.1133
0.2144 16.82 0.1361
0.2852 13.71 0.1885
0.2463 14.33 0.0976
0.2187 31.75 0.0919
0.1010 70.33 0.0765
0.2723 12.50 0.1804
0.1037 80.36 0.0961
0.2177 23.68 0.1067
0.3813 6.54 0.2085
0.2675 21.65 0.1169
0.2040 19.43 0.1030
0.2299 13.31 0.1559
0.1064 74.75 0.0812
0.2426 32.31 0.0901
0.1544 35.51 0.0583
0.1875 38.75 0.0871
0.1535 36.13 0.0805
0.3006 18.54 0.1365
0.2901 11.33 0.1681
0.1457 45.79 0.0692
0.2901 17.96 0.1451
0.2536 29.03 0.1034
0.2620 18.45 0.1443
0.1422 39.51 0.0799
0.1951 27.48 0.0933
0.1552 40.97 0.0851
0.0884 55.28 0.1139
0.2769 8.76 0.1839
0.1363 32.34 0.0919
0.0774 86.59 0.0843
0.1627 34.58 0.0797
0.1601 35.26 0.0808
0.1511 39.00 0.0826
0.1320 67.94 0.0673
0.1727 44.43 0.0804
0.1730 14.10 0.1370
0.2533 21.06 0.1129
0.2946 14.14 0.1750
0.2810 15.52 0.1325
0.1650 37.36 0.0811
0.1819 10.89 0.1666
0.1837 31.21 0.0949
0.1825 39.47 0.0826
0.1130 73.66 0.0689
0.2097 21.70 0.0919
0.2842 18.64 0.1771
0.2493 16.23 0.1272
0.1967 30.49 0.0771
0.1929 20.18 0.1291
0.2962 17.63 0.1272
0.2498 11.79 0.1368
0.1878 19.82 0.0988
0.2766 20.63 0.1356
0.1617 25.50 0.0866
0.2636 12.02 0.1659
0.1862 38.72 0.1000
0.2517 21.24 0.1413
0.3122 10.44 0.2117
0.2837 20.83 0.1224
0.2561 11.93 0.1374
0.1177 71.53 0.0726
0.2578 13.46 0.2069
0.1539 20.96 0.1376
0.2388 10.29 0.1812
0.2924 14.92 0.1565
0.1596 27.72 0.0900
0.2049 25.15 0.0943
0.1165 55.56 0.0840
0.1474 31.10 0.0951
0.2881 10.65 0.2359
0.1900 35.45 0.0802
0.2668 10.11 0.1526
0.1008 48.86 0.0788
0.0856 57.25 0.0953
0.1827 20.73 0.1124
0.1596 55.84 0.0771
0.1325 29.17 0.1145
0.1458 35.48 0.0802
0.2104 15.30 0.0959
0.1797 28.94 0.1003
0.2534 12.48 0.1972
0.3293 8.02 0.2370
0.2160 38.01 0.0994
0.2709 12.21 0.1508
0.2823 17.78 0.1003
0.1419 17.46 0.1066
0.2109 15.14 0.1270
0.1008 40.33 0.0780
0.1503 35.00 0.1051
0.2340 14.37 0.1360
0.2844 14.56 0.1318
0.2051 19.82 0.1080
0.2189 15.81 0.1334
0.1664 31.82 0.0852
0.2551 14.23 0.1483
0.2425 22.62 0.0999
0.2818 8.06 0.2024
0.2577 12.92 0.1659
0.1942 18.19 0.1267
0.2696 8.48 0.1646
0.1376 66.29 0.0737
0.1823 43.12 0.0736
0.1095 84.38 0.0709
0.1682 43.61 0.0787
0.1595 54.87 0.0807
0.2260 16.90 0.1326
0.2045 15.97 0.1315
0.1681 27.41 0.0931
0.1717 39.56 0.0819
0.1854 15.94 0.1077
0.2316 28.59 0.0933
0.1582 33.85 0.0842
0.1928 36.46 0.0862
0.1761 43.69 0.0986
0.1739 41.65 0.0846
0.1603 35.60 0.0799
0.1676 28.60 0.1574
0.1049 69.13 0.0906
0.2500 17.40 0.1107
0.2330 13.40 0.1117
0.1762 27.46 0.0990
0.2189 23.05 0.1117
0.3452 9.44 0.1804
0.0895 56.21 0.0774
0.1420 20.09 0.1187
0.2120 20.38 0.0988
0.2161 14.58 0.1159
0.2408 16.44 0.0996
0.2031 31.71 0.0894
0.0837 42.49 0.0781
0.2257 14.12 0.1253
0.2725 19.16 0.1054
0.4063 8.41 0.1920
0.3082 9.61 0.1911
0.0761 92.32 0.0741
0.1656 18.40 0.1081
0.2066 20.65 0.1037
0.1814 17.30 0.1119
0.1853 26.68 0.0789
0.1756 33.07 0.0951
0.0770 68.43 0.0755
0.1014 45.65 0.0983
0.2314 18.48 0.1137
0.1430 29.06 0.0857
0.2787 23.62 0.1195
0.2174 23.50 0.1106
0.2687 22.49 0.1055
0.2328 18.77 0.1212
0.3145 11.60 0.1662
0.0866 82.15 0.0844
0.2774 9.79 0.1731
0.1368 46.18 0.0742
0.1852 16.15 0.1428
0.1568 34.44 0.0839
0.1379 27.71 0.0976
0.1150 36.99 0.0879
0.2175 14.29 0.1368
0.0925 92.53 0.0680
0.2549 18.53 0.1338
0.1382 28.50 0.0801
0.3421 11.58 0.1641
0.2603 13.84 0.1286
0.3710 12.82 0.1721
0.3670 9.96 0.1509
0.2160 27.61 0.0965
0.2528 10.93 0.1654
0.2272 17.46 0.1117
0.2653 19.94 0.0960
0.1659 37.37 0.0767
0.1648 32.53 0.0852
0.1620 46.19 0.0914
0.2763 18.17 0.1248
0.2424 10.77 0.1617
0.1156 36.80 0.0774
0.1624 40.27 0.0806
0.2191 21.79 0.1136
0.2284 13.57 0.1514
0.1280 50.03 0.0759
0.1820 23.24 0.1630
0.2138 24.25 0.1043
0.1841 24.11 0.1001
0.1904 34.31 0.1052
0.1256 27.71 0.0879
0.1861 26.87 0.0891
0.2275 29.56 0.1183
0.2191 15.00 0.1312
0.1588 33.15 0.0840
0.1691 13.90 0.1165
0.3937 10.91 0.1686
0.3876 7.43 0.1804
0.2186 13.27 0.1129
0.1425 30.88 0.0866
0.1275 50.00 0.0758
0.3059 14.74 0.1515
0.1694 38.24 0.0824
0.1945 19.04 0.1130
0.2269 35.45 0.0871
0.2238 26.50 0.1252
0.1525 25.81 0.0844
0.1718 34.41 0.0842
0.0907 55.73 0.1412
0.1452 45.54 0.0953
0.2392 23.07 0.1037
0.2180 26.41 0.0988
0.1715 31.79 0.0986
0.0947 78.82 0.0731
0.1191 33.20 0.0786
0.0706 101.75 0.0803
0.1453 34.36 0.0812
0.3050 9.24 0.1980
0.2696 8.09 0.2217
0.2472 19.03 0.1328
0.2039 28.86 0.0988
0.1017 59.11 0.0784
0.2110 20.83 0.0953
0.2498 16.40 0.1407
0.2212 20.36 0.0917
0.1951 15.23 0.0996
0.2388 16.39 0.1205
0.2498 16.86 0.1360
0.0852 57.90 0.0803
0.2252 19.81 0.1108
0.1482 37.51 0.0842
0.1060 88.40 0.0719
0.1376 51.97 0.0676
0.1671 31.39 0.0932
0.1928 24.32 0.0913
0.1885 23.20 0.0951
0.2087 14.96 0.1509
0.2346 7.10 0.2488
0.2514 21.72 0.1085
0.4088 7.97 0.2343
0.3482 6.48 0.2823
0.2212 21.17 0.1122
0.2231 13.32 0.1506
0.2542 12.89 0.1531
0.3905 9.28 0.2030
0.2000 11.46 0.1626
0.1755 25.70 0.1859
0.1593 31.31 0.0888
0.1886 13.85 0.1116
0.2185 20.86 0.1243
0.2462 17.80 0.1268
0.2373 7.56 0.2441
0.4365 7.74 0.1892
0.1938 22.57 0.1024
0.2701 12.96 0.2021
0.2287 23.70 0.1053
0.2247 12.12 0.1307
0.1744 40.54 0.0848
0.2443 15.96 0.1317
0.1935 20.66 0.1632
0.2041 19.84 0.1127
0.1460 21.44 0.1116
0.1963 34.50 0.0841
0.2185 18.59 0.1307
0.2152 34.02 0.0880
0.3108 9.81 0.1795
0.1906 39.32 0.0925
0.2631 15.03 0.1202
0.2048 32.08 0.1020
0.2409 21.34 0.0972
0.1413 87.05 0.0791
0.2915 14.55 0.1730
0.1238 48.09 0.0762
0.3122 7.79 0.2351
0.3382 10.71 0.2098
0.3029 8.99 0.1993
0.2533 19.39 0.1239
0.1868 25.86 0.0962
0.1783 42.97 0.0905
0.1388 28.63 0.0839
0.2341 15.84 0.1249
0.1409 15.74 0.1499
0.3408 7.79 0.2450
0.1265 29.60 0.0969
0.2705 16.71 0.1517
0.2055 25.35 0.0905
0.0850 71.69 0.0905
0.2218 21.40 0.1195
0.2501 10.42 0.1816
0.2751 12.35 0.2325
0.2863 24.55 0.1099
0.1222 54.39 0.0708
0.3300 7.23 0.1945
0.0876 77.81 0.0774
0.2759 13.69 0.1416
0.2704 17.96 0.1305
0.2037 25.63 0.0980
0.2767 16.77 0.1310
0.2245 18.55 0.1037
0.3123 6.73 0.3031
0.2180 33.82 0.0919
0.2763 12.70 0.1587
0.2866 13.83 0.1489
0.2418 10.05 0.1753
0.2096 17.19 0.0914
0.1788 35.00 0.0773
0.2238 17.21 0.1088
0.1065 86.87 0.0761
0.1649 38.23 0.0865
0.2084 20.83 0.1242
0.1631 12.29 0.2446
0.2293 15.17 0.1280
0.1903 23.90 0.0964
0.1979 17.61 0.1303
0.2400 9.33 0.2000
0.1478 35.37 0.0864
0.1845 42.47 0.0875
0.3152 8.51 0.2721
0.3410 8.65 0.2615
0.1580 28.82 0.0930
0.1050 45.16 0.0972
0.1611 14.29 0.1213
0.2986 10.58 0.2090
0.1735 32.15 0.0840
0.2262 15.26 0.1649
0.1866 23.46 0.0991
0.2222 12.55 0.1824
0.1487 32.98 0.1027
0.0988 53.89 0.0917
0.2231 15.44 0.0981
0.2063 13.63 0.1656
0.0864 66.22 0.0754
0.1001 63.53 0.0815
0.1545 29.83 0.1050
0.2957 8.54 0.2115
0.2218 24.13 0.1509
0.1455 45.76 0.0794
0.2627 11.11 0.1788
0.1696 29.83 0.0821
0.2535 23.96 0.1220
0.1621 25.12 0.1096
0.1686 32.91 0.0841
0.1308 40.51 0.0764
0.1924 28.09 0.0979
0.2580 15.83 0.1483
0.1511 33.87 0.0953
0.3076 17.58 0.1418
0.2455 13.99 0.1379
0.2581 13.01 0.1192
0.2470 23.81 0.0986
0.2309 21.53 0.1427
0.2715 14.46 0.1864
0.2496 10.06 0.1706
0.1889 19.23 0.1022
0.2563 14.72 0.1302
0.2616 21.26 0.1060
0.2273 19.52 0.1256
0.3234 8.70 0.2212
0.2760 9.04 0.2092
0.1804 25.14 0.1226
0.2475 23.91 0.1049
0.1932 15.03 0.1285
0.1466 27.44 0.0855
0.1066 69.53 0.0731
0.1808 18.65 0.1045
0.2909 9.52 0.1824
0.2510 10.72 0.1792
0.1543 31.79 0.0906
0.1258 45.87 0.0716
0.1677 36.13 0.0975
0.0911 108.49 0.0842
0.2677 17.83 0.1221
0.2766 26.75 0.1121
0.2748 10.17 0.2448
0.1596 17.59 0.1318
0.3011 19.69 0.1498
0.3109 10.78 0.1889
0.2211 17.23 0.1137
0.3531 8.75 0.1882
0.1669 34.68 0.0847
0.3052 17.96 0.1201
0.4263 8.00 0.2398
0.1875 38.26 0.0746
0.2527 17.84 0.1290
0.3454 9.48 0.1698
0.1666 12.39 0.1428
0.1502 22.43 0.0989
0.1038 75.20 0.0742
0.2039 21.23 0.1027
0.2810 15.71 0.1292
0.1870 22.81 0.0962
0.1564 46.61 0.0808
0.1556 15.77 0.1118
0.2657 12.92 0.1337
0.1970 28.92 0.0878
0.2783 22.32 0.0987
0.2549 9.71 0.2332
0.1364 61.83 0.0810
0.2112 17.77 0.1246
0.2445 27.56 0.0965
0.2040 21.35 0.0988
0.2374 20.17 0.1228
0.2305 14.58 0.1436
0.0787 76.14 0.0782
0.1931 21.88 0.1175
0.2296 20.07 0.1283
0.1945 25.30 0.0905
0.2291 22.21 0.1101
0.2515 28.01 0.1105
0.0894 67.67 0.0755
0.2400 25.55 0.1338
0.3267 8.30 0.1008
0.3024 16.05 0.1342
0.0771 70.17 0.0781
0.2964 10.67 0.1888
0.3441 9.36 0.1780
0.2163 8.67 0.1977
0.1252 37.19 0.0936
0.1218 40.01 0.0850
0.1760 42.32 0.0788
0.1902 31.73 0.1135
0.2237 21.76 0.1147
0.1653 22.83 0.1113
0.1916 26.13 0.0995
0.0798 70.36 0.0896
0.2058 9.61 0.1635
0.1659 45.04 0.1147
0.2706 16.01 0.1416
0.2201 25.18 0.1251
0.3747 9.25 0.1895
0.1722 26.70 0.0882
0.1847 24.72 0.1007
0.1303 51.87 0.0718
0.2466 22.28 0.1118
0.2129 13.85 0.1381
0.2597 11.82 0.1504
0.1858 35.15 0.0803
0.1160 62.07 0.0760
0.1396 50.71 0.0722
0.2523 17.09 0.1333
0.2656 18.39 0.1322
0.1750 12.41 0.1250
0.2193 23.50 0.1209
0.1173 77.83 0.0697
0.2463 12.36 0.1503
0.1802 15.35 0.1183
0.2027 23.39 0.1045
0.2158 19.49 0.0991
0.1091 52.74 0.0721
0.2303 10.49 0.1286
0.2106 34.98 0.0931
0.2337 27.00 0.1085
0.2335 10.77 0.1696
0.1215 64.99 0.0708
0.2256 19.56 0.1226
0.1917 24.96 0.0970
0.2202 24.99 0.1172
0.2143 32.48 0.1164
0.2529 13.95 0.1479
0.1993 33.00 0.0844
0.2695 9.74 0.1892
0.2119 20.11 0.1118
0.1954 29.11 0.0889
0.2010 23.23 0.0877
0.2432 16.12 0.1325
0.4414 7.80 0.2512
0.1446 43.93 0.0769
0.2133 10.40 0.1332
0.1916 26.95 0.0962
0.1847 41.92 0.0705
0.0841 87.23 0.0757
0.1974 27.52 0.0891
0.1842 31.86 0.0812
0.1404 26.76 0.1053
0.0940 73.29 0.0817
0.0842 90.00 0.0731
0.1454 65.30 0.0712
0.1154 40.78 0.0738
0.3979 11.45 0.1697
0.1739 43.78 0.0914
0.0738 92.70 0.0889
0.1180 48.90 0.0731
0.2598 13.65 0.1388
0.2564 26.31 0.1177
0.2212 15.17 0.1074
0.1838 20.07 0.1635
0.1451 31.61 0.0820
0.3762 10.16 0.1656
0.3240 12.10 0.1544
0.2312 19.31 0.1729
0.2257 17.42 0.1025
0.2454 16.68 0.1295
0.1798 37.58 0.0835
0.2315 22.83 0.1002
0.1887 20.60 0.1156
0.2462 18.21 0.1038
0.3608 9.34 0.2100
0.2278 18.42 0.1429
0.2186 20.94 0.1178
0.0982 84.62 0.0705
0.2661 13.17 0.1391
0.3435 7.05 0.2607
0.1214 53.13 0.0801
0.3019 13.14 0.1473
0.1806 16.48 0.1419
0.1492 48.10 0.0758
0.1671 22.37 0.1082
0.1791 25.98 0.0779
0.2483 11.25 0.1454
0.2317 29.08 0.1018
0.2023 14.86 0.1270
0.1527 23.42 0.1009
0.2751 15.70 0.1415
0.1882 19.04 0.1003
0.2362 9.37 0.1384
0.2497 16.14 0.1098
0.1597 58.81 0.0754
0.3082 10.54 0.2251
0.2060 36.14 0.0827
0.3479 9.52 0.1739
0.2599 27.97 0.1163
0.2102 16.46 0.1439
0.1919 26.11 0.1144
0.2163 22.68 0.1287
0.2078 35.86 0.0844
0.1622 18.47 0.1181
0.4177 7.46 0.2033
0.2930 8.44 0.1632
0.1979 46.89 0.0882
0.1935 14.28 0.1763
0.2372 26.89 0.1094
0.2582 18.04 0.1282
0.2567 23.73 0.0917
0.1706 41.56 0.0783
0.0743 91.85 0.0859
0.1918 17.49 0.1335
0.2126 14.50 0.1304
0.4136 6.00 0.2471
0.2606 13.40 0.1222
0.1863 28.27 0.0968
0.2126 17.34 0.1331
0.1167 40.93 0.0759
0.2342 17.14 0.1080
0.2546 23.75 0.1024
0.1222 64.59 0.0701
0.1203 50.08 0.0782
0.2248 19.53 0.1094
0.2704 16.02 0.1247
0.2213 26.17 0.0886
0.0849 71.33 0.1006
0.3517 9.86 0.1647
0.1972 20.61 0.0988
0.2778 16.54 0.1403
0.2245 31.19 0.0953
0.1373 34.29 0.0868
0.3204 10.14 0.2426
0.2451 21.27 0.1230
0.1832 24.43 0.1196
0.1952 20.07 0.1038
0.1540 33.98 0.1053
0.2865 17.20 0.1127
0.2801 8.54 0.2069
0.3059 11.71 0.1643
0.1833 20.19 0.0991
0.1821 27.26 0.1150
0.2274 34.59 0.0901
0.2165 17.90 0.1306
0.1225 53.17 0.0902
0.1201 64.87 0.0807
0.2272 15.83 0.0914
0.1992 38.93 0.0930
0.2593 15.03 0.1300
0.1287 53.78 0.0711
0.2340 12.99 0.1344
0.3120 19.23 0.1282
0.1087 40.02 0.0813
0.2922 13.04 0.1519
0.2130 13.32 0.1476
0.1105 48.49 0.0763
0.2102 32.85 0.0839
0.1994 19.14 0.1429
0.3606 8.23 0.2784
0.1756 31.68 0.0858
0.2880 5.62 0.2579
0.1440 43.34 0.0780
0.3054 10.76 0.2270
0.3024 11.51 0.1304
0.2390 15.91 0.1202
0.2970 12.94 0.1540
0.1853 44.32 0.0841
0.1975 17.21 0.0939
0.1401 34.32 0.0727
0.2180 16.07 0.1424
0.1677 46.71 0.0873
0.2517 18.69 0.1217
0.0965 99.04 0.0689
0.1593 75.02 0.0806
0.2109 23.89 0.1269
0.2455 11.42 0.1694
0.1997 19.61 0.1417
0.2277 22.37 0.1207
0.1146 60.30 0.0738
0.1378 45.47 0.0748
0.2160 20.99 0.0995
0.1373 20.56 0.1009
0.2331 23.93 0.1076
0.1644 63.48 0.0952
0.2149 18.18 0.1389
0.2795 20.70 0.1059
0.2290 13.71 0.1310
0.1797 29.29 0.0983
0.1916 18.15 0.1188
0.2281 22.25 0.1051
0.2395 21.32 0.1121
0.2697 9.18 0.2045
0.1854 33.77 0.0885
0.1047 35.70 0.1168
0.2355 28.93 0.0925
0.1601 40.05 0.0840
0.1103 76.04 0.0715
0.2425 22.54 0.1167
0.2704 14.31 0.1699
0.2405 14.08 0.1764
0.1523 43.22 0.0730
0.3181 21.49 0.1281
0.3361 10.94 0.1665
0.2541 21.25 0.1084
0.2030 26.89 0.1059
0.2159 26.27 0.0926
0.2183 18.30 0.1181
0.3243 11.11 0.1853
0.1091 57.89 0.0887
0.1658 16.00 0.1747
0.1433 51.60 0.0843
0.1684 42.31 0.0766
0.2357 10.53 0.1556
0.2731 19.14 0.1217
0.2944 18.45 0.1405
0.2690 11.78 0.1375
0.3771 12.20 0.1472
0.1293 54.05 0.0729
0.1766 25.00 0.1021
0.1490 44.48 0.0896
0.2042 32.64 0.1013
0.1144 47.51 0.0724
0.2551 15.85 0.1293
0.1568 38.15 0.0734
0.2427 10.77 0.1128
0.1151 71.17 0.0688
0.2797 6.08 0.2140
0.2514 12.92 0.1369
0.2708 20.12 0.1139
0.1501 41.99 0.0715
0.2223 8.80 0.1825
0.0838 69.32 0.0861
0.1991 24.82 0.0937
0.1708 43.45 0.0972
0.2736 22.01 0.1221
0.1543 50.77 0.0746
0.2340 26.49 0.0936
0.2441 12.27 0.1660
0.2511 17.56 0.1150
0.1713 31.65 0.0914
0.1374 50.09 0.0994
0.1484 40.47 0.1129
0.2423 7.96 0.1757
0.1395 32.61 0.0809
0.0941 73.81 0.0806
0.2571 20.75 0.1128
0.2805 7.64 0.2237
0.1794 31.98 0.0965
0.2036 24.41 0.1251
0.2210 18.63 0.1199
0.2493 13.23 0.1249
0.2638 10.53 0.1996
0.1114 70.27 0.0919
0.1597 18.11 0.1152
0.0773 93.50 0.0738
0.1734 18.18 0.1199
0.2042 18.96 0.1226
0.0800 110.42 0.0866
0.2139 9.76 0.1661
0.2263 17.17 0.1444
0.1713 21.86 0.0893
0.1808 33.46 0.0767
0.1444 30.35 0.0821
0.2073 9.36 0.2728
0.2427 16.82 0.1420
0.1991 25.85 0.0945
0.2365 13.74 0.1253
0.0885 94.13 0.0755
0.2155 28.07 0.0859
0.1747 33.18 0.0955
0.1395 36.23 0.0715
0.1704 9.91 0.1488
0.3278 8.48 0.1946
0.3048 10.25 0.1751
0.1060 75.24 0.0794
0.2055 24.99 0.1218
0.2694 13.16 0.1404
0.1861 13.68 0.1404
0.2877 20.73 0.1388
0.2622 35.25 0.0995
0.3500 15.75 0.1355
0.3571 9.61 0.2133
0.1379 33.06 0.0904
0.2123 17.48 0.1435
0.2761 13.40 0.1486
0.1523 49.86 0.0724
0.1735 40.90 0.0875
0.2440 19.19 0.1143
0.1289 47.67 0.0776
0.2722 12.74 0.1359
0.3204 9.80 0.1824
0.2267 18.02 0.1264
0.3161 15.98 0.1359
0.1704 18.09 0.1246
0.2843 10.73 0.1887
0.0962 72.36 0.0720
0.2364 23.20 0.1534
0.1552 19.91 0.1261
0.3243 8.23 0.2092
0.1920 28.15 0.0870
0.1996 21.73 0.1070
0.1580 28.92 0.0835
0.1718 43.99 0.0820
0.1734 23.02 0.0812
0.1776 26.32 0.0933
0.2445 14.79 0.1352
0.2172 11.07 0.1476
0.2466 10.17 0.1427
0.0958 49.41 0.1018
0.2195 12.52 0.1339
0.1500 41.13 0.0830
0.2013 39.38 0.1049
0.0790 77.28 0.0737
0.1148 35.04 0.0952
0.2411 42.73 0.0892
0.2540 43.88 0.0896
0.2273 17.67 0.1274
0.2676 27.92 0.1003
0.3140 8.38 0.2385
0.2614 10.07 0.1326
0.2067 24.93 0.1035
0.1744 34.78 0.0933
0.1965 28.60 0.1126
0.2554 20.45 0.1362
0.2204 14.13 0.1153
0.1137 67.28 0.0919
0.1634 26.48 0.0913
0.1107 36.96 0.0829
0.2103 22.90 0.1111
0.1072 34.09 0.0914
0.1686 23.84 0.0889
0.2671 22.14 0.1277
0.2038 34.44 0.0958
0.2794 11.09 0.2308
0.2553 11.65 0.1676
0.2888 15.17 0.1255
0.0931 64.10 0.1154
0.2887 8.89 0.1876
0.2617 11.59 0.1511
0.2453 19.34 0.1307
0.2075 32.49 0.0985
0.2493 17.61 0.1420
0.2228 23.44 0.1041
0.2282 27.32 0.0897
0.1995 22.68 0.1488
0.2543 15.04 0.1470
0.2376 16.30 0.1474
0.0823 81.80 0.0788
0.2613 8.02 0.2386
0.1703 22.35 0.1107
0.1408 40.49 0.0848
0.3571 10.21 0.2103
0.1360 50.07 0.0687
0.1569 30.32 0.1005
0.1989 27.66 0.0898
0.1356 40.99 0.0819
0.3877 9.95 0.1825
0.1882 13.87 0.0965
0.2503 8.17 0.1727
0.2545 25.12 0.1149
0.1542 52.28 0.0713
0.1466 25.07 0.0869
0.3622 7.70 0.2432
0.2114 33.94 0.0865
0.1155 79.00 0.0788
0.2263 24.12 0.1007
0.2217 15.26 0.1414
0.2757 7.57 0.2208
0.2095 28.62 0.1081
0.3959 6.76 0.2257
0.1840 34.34 0.0850
0.2175 10.71 0.2197
0.2277 11.91 0.1540
0.1502 42.59 0.0843
0.2379 16.07 0.1136
0.1731 19.05 0.0865
0.1150 53.51 0.0714
0.1985 23.46 0.0931
0.1720 26.64 0.0934
0.2707 11.49 0.1311
0.3050 7.52 0.2033
0.1630 20.53 0.1177
0.1049 57.61 0.0729
0.2308 18.89 0.1198
0.1658 45.39 0.0942
0.2706 32.43 0.1114
0.2109 24.64 0.1264
0.1892 16.35 0.1072
0.2129 17.56 0.1639
0.2903 9.15 0.2334
0.1217 34.22 0.1103
0.1944 27.46 0.0850
0.0985 67.06 0.0765
0.2128 16.13 0.1663
0.2056 27.96 0.0804
0.1798 38.29 0.0838
0.1801 33.11 0.1244
0.0756 100.12 0.0772
0.1551 15.51 0.1272
0.1760 19.80 0.1089
0.1839 28.75 0.1046
0.1686 31.88 0.0845
0.2426 16.79 0.1437
0.2583 9.56 0.1621
0.1087 50.12 0.0748
0.2507 15.28 0.1318
0.1616 24.08 0.0927
0.2121 23.84 0.1010
0.1575 26.17 0.0878
0.2172 19.12 0.1139
0.2170 23.39 0.1092
0.3305 7.04 0.2648
0.1650 22.20 0.0942
0.1821 21.44 0.1036
0.1925 25.59 0.0888
0.2501 16.61 0.1032
0.3665 8.61 0.1898
0.2206 20.48 0.1158
0.1234 43.54 0.0764
0.2012 28.29 0.0839
0.2317 14.49 0.1285
0.2175 24.95 0.1163
0.2150 26.88 0.0965
0.2136 23.47 0.0942
0.1874 28.46 0.1099
0.1775 46.41 0.1056
0.0972 99.65 0.0729
0.2558 14.00 0.1423
0.2159 19.82 0.1097
0.1999 29.04 0.0994
0.2275 20.30 0.1172
0.2597 14.49 0.1710
0.2657 14.08 0.1446
0.1628 29.76 0.0880
0.2038 10.01 0.1784
0.2098 14.87 0.1308
0.1340 43.04 0.0803
0.1154 60.39 0.0705
0.2899 12.27 0.1737
0.1922 11.55 0.1233
0.2892 13.94 0.1664
0.1627 30.65 0.0824
0.1065 53.17 0.0747
0.1711 46.19 0.0871
0.1958 19.96 0.1043
0.2280 23.98 0.1080
0.2046 33.16 0.1118
0.1147 48.19 0.0859
0.2456 24.33 0.1053
0.2116 13.55 0.1019
0.2186 17.66 0.1130
0.1719 26.39 0.0924
0.2439 17.64 0.1194
0.2675 14.47 0.1329
0.1978 27.15 0.0861
0.2280 19.00 0.1089
0.2380 17.36 0.1590
0.1192 44.93 0.0770
0.1273 50.01 0.0720
0.2850 12.70 0.1505
0.2617 14.68 0.1421
0.2156 17.45 0.1049
0.1541 25.49 0.0968
0.2377 14.06 0.1575
0.2107 17.76 0.0994
0.2048 27.77 0.1100
0.2860 14.01 0.1630
0.1645 27.59 0.1267
0.0828 93.20 0.0741
0.2348 26.98 0.1056
0.2962 9.69 0.2198
0.1975 23.36 0.1077
0.1591 29.91 0.0801
0.2545 9.33 0.1741
0.1247 59.55 0.0771
0.1010 40.38 0.0868
0.1693 22.45 0.0946
0.2432 10.35 0.2132
0.2518 15.47 0.0991
0.1982 34.36 0.0917
0.1010 75.01 0.0721
0.1870 22.66 0.1160
0.1960 17.52 0.1319
0.1598 24.91 0.1031
0.0939 54.75 0.1019
0.1903 23.45 0.1245
0.2312 21.88 0.1322
0.1611 34.89 0.0747
0.3120 16.37 0.1939
0.2020 28.48 0.1090
0.2690 9.70 0.1961
0.2609 12.54 0.1416
0.1628 22.50 0.0829
0.1404 68.26 0.0720
0.1991 20.39 0.0868
0.2651 13.83 0.1533
0.1973 23.45 0.0951
0.3633 6.59 0.2832
0.2415 18.91 0.1174
0.2953 8.16 0.2173
0.2157 10.76 0.1549
0.1579 16.17 0.1468
0.1027 66.33 0.0897
0.2575 9.16 0.1859
0.2802 13.23 0.1535
0.2013 31.15 0.0933
0.3546 13.33 0.1432
0.0712 59.51 0.0981
0.2145 21.68 0.0992
0.2964 6.18 0.2745
0.3102 8.25 0.1903
0.2285 20.29 0.1022
0.3281 10.25 0.2122
0.1505 40.48 0.0769
0.2530 11.33 0.1438
0.2266 16.58 0.1253
0.1808 39.42 0.0936
0.1579 37.93 0.0860
0.3405 9.16 0.1807
0.2232 24.63 0.1261
0.1072 70.01 0.0737
0.1643 44.57 0.0693
0.2159 16.77 0.1313
0.1896 30.85 0.0864
0.2657 12.64 0.1450
0.2165 19.54 0.1618
0.3793 7.71 0.2851
0.2014 32.15 0.0901
0.1148 63.56 0.0802
0.2440 11.32 0.1424
0.2053 12.09 0.1549
0.1958 26.65 0.1016
0.1778 41.24 0.0871
0.2656 8.16 0.2193
0.2846 15.09 0.1824
0.2091 18.21 0.1043
0.2724 18.82 0.1418
0.2494 11.48 0.1307
0.1076 64.28 0.0721
0.2207 28.15 0.1121
0.2601 14.64 0.1097
0.3819 11.36 0.1614
0.2510 26.18 0.1133
0.3864 9.65 0.1884
0.2524 11.12 0.1839
0.1295 54.38 0.0795
0.1930 24.53 0.1159
0.1818 18.27 0.1485
0.2365 17.04 0.1420
0.2453 6.69 0.1532
0.2071 18.27 0.1153
0.1778 20.27 0.0981
0.1743 12.52 0.1318
0.2887 20.23 0.1267
0.2865 17.98 0.2067
0.2258 27.61 0.1692
0.2069 21.29 0.1148
0.2657 25.83 0.1151
0.1797 39.75 0.0775
0.1626 33.23 0.0907
0.2157 11.98 0.1366
0.1221 49.69 0.0684
0.3317 7.46 0.2132
0.2609 21.96 0.1154
0.2079 24.55 0.0971
0.3281 8.97 0.1886
0.1030 59.08 0.0722
0.2105 25.60 0.0984
0.1301 46.16 0.0874
0.2671 15.59 0.1381
0.3062 8.35 0.1827
0.1752 18.88 0.1044
0.1961 27.47 0.1283
0.2735 14.74 0.1432
0.1676 27.09 0.1232
0.1640 32.87 0.0803
0.2246 19.58 0.1040
0.1839 32.53 0.0964
0.2179 17.67 0.1353
0.2112 17.98 0.1239
0.1810 36.92 0.0929
0.1362 25.28 0.0888
0.2232 18.11 0.1253
0.2074 26.91 0.0796
0.1464 56.07 0.0743
0.1498 50.30 0.0930
0.1409 46.40 0.0735
0.2248 20.37 0.1268
0.2595 23.60 0.1111
0.1439 50.68 0.0792
0.1840 33.25 0.1030
0.1706 23.30 0.0960
0.2409 20.72 0.1209
0.2273 29.13 0.0936
0.2161 18.50 0.1034
0.1290 67.63 0.0663
0.2487 22.60 0.1095
0.0987 58.13 0.0760
0.2433 15.92 0.1259
0.1920 16.02 0.1057
0.0951 73.35 0.0689
0.3779 7.16 0.2164
0.3581 9.12 0.2168
0.3319 8.19 0.1871
0.0887 79.84 0.0727
0.0715 94.34 0.1028
0.2296 19.70 0.1094
0.2114 22.48 0.1306
0.2159 30.26 0.1037
0.0984 61.76 0.0956
0.3691 9.83 0.2050
0.1451 49.27 0.0781
0.2327 23.63 0.1213
0.1743 22.83 0.0939
0.1968 27.10 0.0937
0.1098 72.46 0.0726
0.1744 31.01 0.0871
0.1634 21.92 0.1254
0.1697 50.03 0.0749
0.2855 22.39 0.1300
0.3259 9.80 0.1896
0.2489 10.46 0.1890
0.1861 31.95 0.0975
0.2157 8.99 0.1713
0.1808 31.01 0.0828
0.1917 34.43 0.0868
0.3145 10.94 0.2493
0.2520 10.61 0.1538
0.1861 13.81 0.1362
0.3702 8.71 0.1698
0.2982 11.52 0.2247
0.3591 9.02 0.1998
0.1792 16.70 0.1153
0.1205 48.56 0.0867
0.1927 17.29 0.1142
0.2789 11.55 0.1576
0.3204 9.10 0.2088
0.1344 48.94 0.0741
0.2032 20.08 0.0995
0.2523 11.49 0.1239
0.2444 15.36 0.1192
0.1919 23.82 0.0929
0.1619 51.94 0.0739
0.3314 6.70 0.3117
0.2412 28.11 0.0821
0.2452 16.05 0.1579
0.2493 9.08 0.1921
0.1244 39.92 0.0735
0.2145 26.73 0.1070
0.2592 10.30 0.1450
0.1722 50.97 0.0820
0.1893 25.01 0.1111
0.1592 41.00 0.0863
0.2095 18.27 0.0981
0.1902 19.88 0.0904
0.2452 33.80 0.0921
0.1614 53.31 0.0803
0.1712 36.34 0.0834
0.3300 9.31 0.2459
0.2418 15.35 0.1349
0.1282 39.08 0.0858
0.2214 12.41 0.1685
0.2232 12.64 0.1601
0.2864 17.95 0.1514
0.2025 36.67 0.0928
0.2157 15.87 0.1281
0.2632 14.81 0.1007
0.1701 35.63 0.0912
0.1965 24.92 0.1117
0.2360 19.70 0.1272
0.2303 16.66 0.1164
0.1728 29.68 0.0915
0.2199 24.78 0.0960
0.1852 16.06 0.1108
0.2006 23.21 0.1195
0.2438 9.69 0.2087
0.0806 88.86 0.0750
0.2182 25.14 0.1123
0.2243 18.70 0.1063
0.1943 32.50 0.0807
0.1630 30.45 0.0867
0.1579 32.51 0.0758
0.2467 19.04 0.1151
0.2547 16.86 0.1187
0.0984 68.99 0.0768
0.3576 6.64 0.2382
0.2632 8.34 0.1886
0.1343 44.79 0.0760
0.2272 15.32 0.1596
0.2266 17.75 0.1199
0.1798 26.63 0.0918
0.2420 16.49 0.1207
0.2599 7.27 0.1938
0.2388 25.59 0.0832
0.1644 55.28 0.1093
0.1938 25.86 0.0975
0.1920 26.83 0.0888
0.3154 13.85 0.1700
0.1586 41.80 0.0897
0.2808 14.78 0.1443
0.2324 9.81 0.1983
0.2451 19.50 0.1147
0.2586 8.38 0.1882
0.1844 28.42 0.0799
0.1164 73.47 0.0683
0.2574 14.05 0.1070
0.0952 55.60 0.0738
0.2037 27.72 0.0978
0.1086 25.64 0.0799
0.2385 24.12 0.0987
0.1598 61.85 0.0675
0.2310 10.45 0.1382
0.2439 34.34 0.1072
0.0801 77.29 0.0737
0.3435 7.32 0.1946
0.2383 16.18 0.1324
0.1757 28.64 0.0938
0.3345 10.90 0.1870
0.3942 10.56 0.1561
0.1801 24.95 0.1572
0.1105 77.60 0.0776
0.2082 21.02 0.1314
0.2378 22.83 0.1045
0.3484 11.00 0.2601
0.2982 10.32 0.2054
0.2436 20.65 0.1152
0.2575 10.22 0.1646
0.3804 11.29 0.2155
0.2325 11.04 0.1846
0.1053 38.44 0.0731
0.1510 55.24 0.0754
0.2338 14.73 0.1379
0.1807 36.44 0.0830
0.1831 27.56 0.0907
0.1435 39.08 0.0807
0.1071 44.51 0.0847
0.2313 12.80 0.1638
0.2022 18.94 0.0973
0.2373 27.42 0.0997
0.1961 27.01 0.1154
0.2756 17.56 0.1525
0.2167 12.21 0.1391
0.2215 18.13 0.1239
0.2707 13.81 0.1491
0.2536 15.68 0.1397
0.1980 14.26 0.1201
0.2782 9.38 0.1629
0.2318 17.68 0.1016
0.2849 10.28 0.1919
0.2282 21.97 0.1123
0.1829 42.52 0.0794
0.2073 31.60 0.1016
0.1369 63.56 0.0791
0.1848 44.12 0.0953
0.3300 12.29 0.1654
0.3147 7.98 0.2008
0.1752 16.88 0.1138
0.1800 14.99 0.1522
0.2017 25.42 0.0902
0.1990 32.84 0.0966
0.2989 10.48 0.1717
0.2217 18.72 0.1261
0.2088 23.04 0.1353
0.1504 44.51 0.0807
0.2270 17.65 0.1329
0.2150 28.31 0.1065
0.2189 28.64 0.1229
0.1740 34.13 0.0780
0.1275 57.47 0.0671
0.2554 11.02 0.1693
0.1158 59.10 0.0802
0.1964 12.22 0.1442
0.2596 13.68 0.1661
0.2112 6.88 0.2094
0.1085 61.87 0.0745
0.0737 110.35 0.0804
0.3096 9.95 0.1939
0.1913 27.33 0.0951
0.2616 19.53 0.1172
0.2128 28.69 0.0884
0.2277 20.12 0.0897
0.2613 11.47 0.1647
0.1465 27.48 0.0896
0.0928 70.17 0.0791
0.2737 9.01 0.1866
0.2588 14.10 0.1629
0.1811 22.50 0.0926
0.2105 17.00 0.1093
0.3054 8.65 0.2181
0.1960 26.25 0.1008
0.3145 6.22 0.1868
0.2150 16.21 0.1411
0.2478 18.92 0.1149
0.1738 37.98 0.0787
0.1841 24.50 0.0955
0.1535 29.21 0.0839
0.1980 22.80 0.1243
0.1709 23.41 0.0845
0.2009 29.40 0.0822
0.2152 27.61 0.0990
0.1694 27.90 0.0900
0.1351 53.77 0.0917
0.2247 20.75 0.1158
0.1960 14.98 0.1069
0.1774 30.41 0.0913
0.1198 50.47 0.0723
0.1371 50.24 0.0737
0.3120 11.01 0.1461
0.0760 103.64 0.0796
0.1759 28.88 0.0905
0.0969 63.25 0.0950
0.3237 11.71 0.1297
0.2767 14.92 0.1365
0.2460 17.33 0.1134
0.1780 26.62 0.1017
0.1327 36.10 0.0850
0.1835 24.07 0.0946
0.3433 10.86 0.1628
0.2226 10.46 0.1425
0.1372 47.67 0.0687
0.1574 39.29 0.0814
0.1249 44.82 0.0786
0.3652 7.14 0.2410
0.1793 27.43 0.0947
0.2286 12.17 0.1509
0.1754 37.21 0.0884
0.1964 16.21 0.0900
0.1448 39.52 0.0797
0.0826 77.43 0.0765
0.2416 14.71 0.1159
0.1527 16.92 0.0863
0.1315 45.87 0.0880
0.2437 27.43 0.0880
0.1666 38.24 0.0808
0.2468 20.80 0.1097
0.3024 9.39 0.2842
0.1851 23.96 0.0979
0.2224 18.37 0.0932
0.1093 86.73 0.0718
0.2598 13.63 0.1486
0.2148 15.39 0.1252
0.1813 29.79 0.0982
0.2061 18.05 0.1380
0.1500 29.92 0.1110
0.3109 8.96 0.1888
0.2017 20.74 0.1093
0.1838 20.71 0.1018
0.1401 46.43 0.0777
0.2853 8.22 0.2141
0.2029 20.96 0.0911
0.3679 11.53 0.1859
0.2614 16.41 0.1540
0.2838 12.41 0.1419
0.1141 37.99 0.0705
0.2015 20.48 0.1238
0.2494 11.99 0.1528
0.2463 11.77 0.1560
0.1008 87.80 0.0736
0.2449 14.52 0.1222
0.2663 14.60 0.1431
0.1576 24.83 0.0950
0.2132 16.18 0.1447
0.2933 12.87 0.1865
0.2495 21.34 0.1357
0.1082 74.97 0.0731
0.1741 29.28 0.0784
0.2919 17.96 0.1516
0.1731 37.77 0.0822
0.2067 27.96 0.0964
0.2006 20.44 0.1540
0.2757 12.76 0.1626
0.2702 18.70 0.1586
0.1428 57.96 0.0771
0.2638 28.03 0.1110
0.2918 10.45 0.1834
0.1090 77.58 0.0763
0.2303 22.88 0.1308
0.1217 52.38 0.0716
0.1964 34.28 0.0931
0.2177 22.00 0.0998
0.2014 27.90 0.1046
0.1768 19.23 0.0906
0.2208 12.50 0.1493
0.2629 20.78 0.1414
0.1987 29.62 0.0886
0.1579 21.92 0.0841
0.2661 11.68 0.1604
0.1482 29.86 0.0787
0.0883 93.39 0.0724
0.2233 11.48 0.1370
0.4123 7.68 0.2069
0.2045 26.91 0.0976
0.1588 28.97 0.0922
0.1831 24.71 0.0878
0.2326 23.17 0.0858
0.1523 26.06 0.0808
0.2461 18.84 0.1180
0.2893 14.06 0.1624
0.1968 22.24 0.1395
0.2430 16.94 0.1526
0.1837 24.60 0.0899
0.3194 14.29 0.1946
0.1741 34.98 0.0854
0.2339 21.95 0.1187
0.1399 53.50 0.0766
0.2561 9.09 0.1518
0.1376 59.03 0.0809
0.2269 16.95 0.1327
0.2908 20.53 0.1055
0.2449 19.90 0.1222
0.2698 12.65 0.1212
0.1384 38.54 0.0809
0.2024 21.10 0.1114
0.1807 25.98 0.0745
0.1929 25.23 0.0964
0.1321 29.42 0.0822
0.2667 13.45 0.1404
0.1754 30.23 0.1132
0.2639 14.94 0.1424
0.2793 8.15 0.2111
0.1397 62.40 0.0684
0.1730 25.76 0.1242
0.1995 17.20 0.1095
0.3388 9.08 0.1621
0.2434 15.77 0.2113
0.2416 18.84 0.1224
0.1842 18.23 0.1185
0.1119 64.99 0.0688
0.2722 15.32 0.1347
0.3154 9.65 0.1930
0.3597 11.53 0.1493
0.1793 27.98 0.1057
0.1586 31.96 0.1130
0.1950 34.95 0.0722
0.1763 14.19 0.1358
0.1567 20.01 0.1299
0.3587 7.52 0.2074
0.1706 26.20 0.1046
0.2185 17.87 0.1072
0.2026 34.13 0.0911
0.1577 27.79 0.1062
0.1398 45.25 0.0747
0.2645 21.25 0.1163
0.1188 70.71 0.0674
0.2628 10.92 0.1543
0.2629 21.38 0.1112
0.3910 9.67 0.1992
0.1465 26.21 0.0904
0.2797 14.43 0.1363
0.1649 26.96 0.0940
0.2213 23.99 0.0937
0.3588 11.48 0.1916
0.1068 35.36 0.0847
0.2107 12.79 0.1096
0.2770 19.69 0.1116
0.1678 39.35 0.0784
0.1816 37.02 0.0829
0.2302 27.07 0.1005
0.2870 23.05 0.1242
0.1607 21.06 0.1127
0.0955 76.48 0.0726
0.2557 11.87 0.1494
0.1295 32.39 0.0815
0.2918 21.03 0.1562
0.3472 9.66 0.1897
0.2586 9.84 0.2043
0.3189 9.11 0.2211
0.1061 48.17 0.0704
0.3265 9.22 0.1894
0.2547 22.37 0.1186
0.3927 9.85 0.1755
0.2141 23.36 0.1510
0.3443 9.66 0.1824
0.2913 8.73 0.2050
0.1178 65.35 0.0747
0.1187 63.06 0.0787
0.2834 14.37 0.1303
0.1342 39.21 0.0960
0.1873 12.73 0.1400
0.2480 12.16 0.0994
0.2216 20.50 0.1195
0.2419 11.65 0.1287
0.1735 38.80 0.0836
0.2246 17.28 0.0972
0.3160 6.04 0.2547
0.0932 66.85 0.0749
0.2374 14.87 0.1294
0.2376 22.38 0.1132
0.1557 37.23 0.0794
0.1579 27.16 0.0997
0.2934 15.21 0.1397
0.1213 39.31 0.0809
0.2847 11.26 0.1625
0.1901 25.83 0.0858
0.1967 17.25 0.1271
0.1572 36.61 0.0814
0.0950 83.62 0.0720
0.1386 55.23 0.0689
0.2579 13.59 0.1467
0.1034 56.60 0.0816
0.1355 46.73 0.0734
0.2417 27.98 0.0901
0.1280 38.39 0.0737
0.1092 38.63 0.0945
0.2048 20.31 0.1013
0.1920 34.64 0.0812
0.1613 38.57 0.0799
0.1765 28.19 0.0877
0.2551 21.92 0.1145
0.1699 15.47 0.1230
0.3177 6.88 0.2508
0.2465 19.67 0.0974
0.1046 57.59 0.0737
0.2130 14.26 0.1621
0.2131 16.27 0.1258
0.1738 19.86 0.1238
0.1730 26.76 0.1273
0.1544 21.24 0.1177
0.1833 23.15 0.1047
0.3349 8.47 0.1947
0.1048 56.48 0.0785
0.1476 33.41 0.1028
0.1165 56.08 0.0717
0.2104 35.91 0.0858
0.2086 31.51 0.0848
0.1875 33.32 0.1252
0.1239 50.24 0.0698
0.2491 14.71 0.1348
0.2052 27.32 0.0909
0.2778 12.64 0.1475
0.1304 72.06 0.0713
0.1508 47.34 0.0732
0.2657 16.58 0.1297
0.1146 68.04 0.0812
0.2155 19.34 0.0907
0.3039 15.52 0.1582
0.3057 16.90 0.1638
0.1946 16.60 0.1112
0.3110 9.84 0.1803
0.1923 32.55 0.0918
0.1259 55.50 0.0710
0.2003 33.54 0.1056
0.2417 16.49 0.0852
0.1751 34.59 0.0712
0.1496 29.13 0.0895
0.2029 29.41 0.0930
0.1729 22.79 0.0921
0.1881 24.14 0.1041
0.2103 16.05 0.1415
0.3410 8.88 0.2023
0.2878 10.73 0.2481
0.1629 28.40 0.0899
0.1970 29.41 0.0796
0.2175 21.50 0.1444
0.1263 60.87 0.0717
0.1850 17.60 0.1121
0.1788 33.38 0.0873
0.1850 30.10 0.0927
0.2496 10.91 0.1402
0.1477 37.35 0.0926
0.0827 84.11 0.0708
0.2342 14.54 0.1385
0.2436 18.04 0.1215
0.3490 6.87 0.2023
0.2544 24.50 0.1150
0.2578 10.36 0.1610
0.3938 8.34 0.1865
0.1032 77.45 0.0743
0.1017 77.85 0.0742
0.2233 13.21 0.1278
0.1562 39.57 0.0681
0.1148 44.23 0.0835
0.1895 48.85 0.0764
0.1621 31.99 0.0981
0.2233 25.25 0.1160
0.1966 17.86 0.1236
0.2144 16.21 0.1076
0.1267 35.50 0.0727
0.2253 25.47 0.1071
0.1902 26.30 0.0791
0.1359 57.90 0.0826
0.3036 11.42 0.1893
0.2004 25.97 0.0883
0.2581 16.56 0.1230
0.2641 11.79 0.1891
0.1597 22.65 0.1040
0.1598 50.59 0.0800
0.0961 77.87 0.0782
0.1692 40.66 0.1092
0.1883 23.10 0.1100
0.1723 50.47 0.0843
0.2435 14.80 0.1554
0.2854 11.14 0.1574
0.3194 9.52 0.1837
0.2990 13.13 0.1831
0.3098 9.07 0.2182
0.0742 82.32 0.0751
0.1791 18.89 0.1063
0.3076 10.14 0.1859
0.3009 8.96 0.1738
0.1766 18.31 0.1037
0.2406 13.83 0.1255
0.1611 21.92 0.0970
0.2453 14.97 0.1066
0.1234 50.82 0.0867
0.1206 74.76 0.0720
0.1649 36.78 0.0954
0.2395 20.39 0.1208
0.1654 34.60 0.0920
0.2652 19.56 0.1289
0.1440 37.13 0.1066
0.1805 28.44 0.0902
0.1552 28.83 0.0864
0.1696 34.73 0.1069
0.2612 14.37 0.1242
0.2390 24.51 0.0970
0.2008 28.47 0.1110
0.1190 46.54 0.0747
0.2084 15.85 0.1753
0.0955 67.96 0.0724
0.2490 15.03 0.1422
0.2810 18.54 0.1345
0.2612 19.75 0.1105
0.3230 8.53 0.3373
0.2395 17.94 0.0991
0.2570 29.82 0.1124
0.0975 68.35 0.0750
0.1404 62.73 0.0838
0.2621 15.24 0.1151
0.2426 11.34 0.1897
0.1139 69.98 0.0692
0.1409 25.75 0.0757
0.1418 25.99 0.0872
0.1756 28.43 0.1047
0.2654 15.51 0.1203
0.1615 28.02 0.0888
0.1513 34.84 0.0745
0.3558 6.53 0.2791
0.1838 22.87 0.1053
0.1599 31.69 0.0978
0.2628 9.86 0.1474
0.2829 7.66 0.2471
0.1101 49.47 0.0755
0.2182 17.55 0.1375
0.1935 21.45 0.1026
0.1314 64.33 0.0836
0.1537 23.52 0.1027
0.2197 15.89 0.1282
0.2369 29.50 0.0948
0.0988 67.91 0.1122
0.2374 18.56 0.1414
0.2626 16.35 0.1171
0.1962 9.54 0.1180
0.1168 57.28 0.0702
0.1902 15.66 0.1399
0.2037 26.07 0.0992
0.1204 44.31 0.0707
0.1979 31.31 0.0840
0.1403 26.76 0.1369
0.2377 17.52 0.1352
0.1328 33.92 0.0836
0.2102 24.52 0.0991
0.3255 10.11 0.1897
0.2451 14.35 0.1148
0.2462 20.09 0.1281
0.2174 19.37 0.1149
0.1855 26.98 0.1013
0.2479 9.98 0.1782
0.2108 25.51 0.0793
0.2652 19.23 0.1359
0.1117 56.92 0.1076
0.1985 24.45 0.1326
0.3088 11.80 0.1627
0.2015 32.64 0.1063
0.1893 22.16 0.0978
0.3257 6.96 0.2779
0.2599 10.66 0.1911
0.1956 34.20 0.0804
0.1767 27.49 0.1065
0.2034 25.73 0.0949
0.3059 9.41 0.2019
0.2631 33.34 0.1011
0.3862 11.16 0.1518
0.2118 16.62 0.2039
0.1936 16.15 0.1180
0.2055 32.06 0.0898
0.0868 69.01 0.0746
0.1556 44.58 0.0814
0.2201 17.24 0.1557
0.1206 48.28 0.1129
0.2629 19.35 0.1289
0.2317 21.43 0.1171
0.1596 39.86 0.0817
0.2844 20.78 0.1590
0.2991 10.21 0.1568
0.1534 20.54 0.0999
0.1252 49.94 0.0798
0.2426 10.57 0.1643
0.1385 33.70 0.0948
0.1914 24.27 0.1007
0.2251 22.19 0.0888
0.1626 55.49 0.0753
0.1826 25.48 0.1061
0.2154 15.81 0.1511
0.1951 17.13 0.1455
0.2447 17.43 0.1329
0.2171 13.88 0.1407
0.2528 9.14 0.7538
0.1595 38.81 0.0773
0.2378 10.55 0.1705
0.2001 19.24 0.0924
0.2747 11.62 0.2168
0.3335 8.59 0.2354
0.1043 48.07 0.0878
0.1953 7.13 0.2103
0.2096 19.88 0.1122
0.1841 13.36 0.1196
0.2030 22.65 0.1087
0.2450 19.71 0.1468
0.2660 13.49 0.1292
0.1855 39.65 0.0831
0.2398 14.36 0.1243
0.3043 10.17 0.1782
0.2565 14.04 0.1660
0.1419 41.94 0.0765
0.2776 19.32 0.1211
0.1358 67.72 0.0895
0.2354 24.50 0.1039
0.2386 10.19 0.1845
0.3720 9.48 0.1757
0.1639 18.09 0.1050
0.2483 21.92 0.1221
0.3533 8.69 0.1789
0.1747 13.83 0.1604
0.2275 19.68 0.1249
0.1693 23.55 0.1094
0.1841 34.93 0.1087
0.2540 13.01 0.1865
0.3029 11.39 0.1944
0.2217 14.25 0.1544
0.3252 9.96 0.1885
0.4357 8.22 0.1929
0.1615 12.32 0.2008
0.2356 13.15 0.1443
0.1991 29.79 0.0920
0.2102 34.87 0.1291
0.1680 25.43 0.0900
0.2065 17.03 0.1116
0.2141 26.22 0.0914
0.1760 28.12 0.0934
0.2327 17.77 0.1012
0.1492 32.96 0.0812
0.1219 74.89 0.0857
0.3081 12.62 0.1239
0.2043 10.88 0.1221
0.2213 11.69 0.1696
0.2366 17.56 0.1286
0.3891 8.68 0.1976
0.2685 11.81 0.1864
0.2138 14.58 0.1216
0.1525 50.10 0.1179
0.2226 15.48 0.1160
0.2460 17.57 0.1101
0.2091 20.07 0.1031
0.1815 42.69 0.0851
0.0984 77.26 0.0697
0.1856 20.16 0.0955
0.2219 19.41 0.1188
0.1876 12.72 0.2135
0.2429 23.20 0.1125
0.2611 23.96 0.1116
0.3026 16.78 0.1518
0.2201 14.44 0.1314
0.3043 10.84 0.1611
0.2036 17.29 0.1386
0.0836 79.52 0.0772
0.0963 65.56 0.0746
0.1095 67.97 0.0688
0.2246 27.32 0.1142
0.2563 6.41 0.2065
0.1578 43.93 0.0806
0.1546 40.62 0.0857
0.2193 15.30 0.1364
0.1907 19.22 0.1134
0.1590 39.28 0.0847
0.2452 16.49 0.1171
0.1044 43.46 0.0839
0.2093 23.11 0.0927
0.2091 24.93 0.1075
0.2101 12.14 0.1516
0.2164 10.07 0.1393
0.2337 16.69 0.1236
0.2400 28.43 0.0928
0.1516 36.28 0.0790
0.1913 16.49 0.1086
0.1919 26.88 0.1028
0.0896 38.90 0.1345
0.2518 19.45 0.1067
0.1129 55.94 0.0688
0.0752 88.74 0.0757
0.3351 7.24 0.3036
0.2087 14.45 0.1159
0.3679 12.66 0.2521
0.2734 17.20 0.1492
0.2406 10.06 0.1896
0.1513 38.22 0.0834
0.2092 21.05 0.0966
0.2403 14.32 0.1250
0.1872 32.04 0.0938
0.2121 24.96 0.0957
0.2484 17.22 0.1600
0.2351 22.58 0.1158
0.3019 16.95 0.1280
0.1633 25.10 0.0914
0.1811 27.29 0.1051
0.1539 78.51 0.0678
0.1217 52.98 0.0765
0.2467 24.36 0.1060
0.1676 37.86 0.0805
0.2210 26.32 0.0908
0.1211 82.72 0.0666
0.2033 28.27 0.0995
0.1407 48.47 0.0781
0.1708 25.09 0.0818
0.2521 26.76 0.1090
0.1245 53.06 0.0807
0.1375 40.01 0.0712
0.1563 19.77 0.1122
0.1367 17.22 0.1348
0.3300 9.72 0.1833
0.2018 21.38 0.0932
0.2650 18.37 0.1045
0.2237 19.76 0.1441
0.2203 14.15 0.1093
0.1377 50.88 0.0710
0.2248 11.06 0.1754
0.2609 11.62 0.1726
0.1379 31.64 0.0834
0.2217 12.27 0.1864
0.2045 18.55 0.1090
0.2285 20.89 0.1248
0.1656 31.76 0.0914
0.2180 18.22 0.1157
0.2168 25.73 0.1197
0.1145 63.23 0.0676
0.1883 26.68 0.1035
0.1282 40.69 0.0975
0.0789 79.29 0.1550
0.1735 49.15 0.0723
0.2471 12.48 0.1536
0.2294 18.39 0.1153
0.3114 11.71 0.1726
0.2034 19.57 0.1052
0.1313 47.11 0.0878
0.2795 8.30 0.1747
0.2652 26.32 0.0934
0.0936 64.31 0.0975
0.2397 21.95 0.1043
0.1970 18.95 0.1229
0.2422 29.34 0.1119
0.2683 15.92 0.2102
0.0996 58.53 0.0750
0.1765 18.46 0.1084
0.1922 26.12 0.1083
0.2193 26.11 0.1050
0.1907 29.86 0.0922
0.0902 65.45 0.0818
0.1964 18.79 0.1716
0.1642 31.37 0.0823
0.2076 11.86 0.1432
0.1824 28.02 0.0869
0.2378 25.05 0.1085
0.1689 34.27 0.0764
0.2400 22.96 0.1223
0.3650 8.74 0.2013
0.0787 60.36 0.0787
0.2272 22.55 0.1412
0.2494 21.79 0.1198
0.1218 49.49 0.0813
0.1395 44.23 0.0978
0.2061 15.05 0.1216
0.1868 15.14 0.1260
0.2591 13.37 0.1686
0.1679 34.47 0.1110
0.3410 12.40 0.1470
0.1226 62.71 0.0713
0.2376 13.80 0.1362
0.1597 33.79 0.0749
0.1479 27.71 0.0786
0.2494 12.02 0.1432
0.1954 27.67 0.0826
0.1976 24.77 0.0868
0.2445 19.81 0.1482
0.1708 27.57 0.1236
0.3631 9.49 0.2072
0.1783 13.66 0.1450
0.2024 31.66 0.0903
0.1728 13.14 0.1304
0.2255 12.63 0.1355
0.1461 24.90 0.1406
0.1929 20.20 0.0987
0.3305 9.26 0.2129
0.1965 25.39 0.0945
0.1988 26.55 0.0896
0.3702 8.69 0.2508
0.2556 12.56 0.1381
0.1392 43.19 0.0705
0.2623 9.16 0.2069
0.2500 20.10 0.1131
0.1834 30.32 0.0817
0.1433 44.76 0.0751
0.2179 40.95 0.0830
0.2288 14.91 0.1265
0.3136 7.92 0.2104
0.3108 8.06 0.2562
0.1923 28.74 0.0867
0.0863 80.11 0.0714
0.2926 11.23 0.1588
0.1956 21.29 0.0982
0.2488 14.36 0.1269
0.1767 29.61 0.0912
0.2342 26.59 0.1085
0.1919 24.15 0.0954
0.2896 12.96 0.1493
0.2722 10.97 0.1391
0.1558 42.36 0.0829
0.1622 45.92 0.0763
0.0999 67.84 0.0772
0.1711 27.64 0.0784
0.2412 34.94 0.0967
0.0933 60.04 0.1046
0.1096 53.55 0.0789
0.1124 50.81 0.0752
0.2068 30.86 0.0911
0.2300 16.56 0.1396
0.1712 26.48 0.0958
0.1187 47.17 0.0937
0.2489 23.12 0.1269
0.2263 10.56 0.1249
0.2404 16.10 0.0989
0.1980 24.11 0.1024
0.2572 27.76 0.0925
0.1683 28.39 0.1096
0.2570 6.50 0.2393
0.3312 10.58 0.2249
0.1274 39.43 0.0749
0.1850 34.48 0.0959
0.1305 60.19 0.0705
0.2374 19.98 0.1065
0.2401 18.07 0.1255
0.1654 26.84 0.0973
0.1553 55.28 0.0768
0.2591 8.27 0.1677
0.1436 29.49 0.0870
0.1526 36.87 0.0846
0.0715 89.73 0.0816
0.1142 78.38 0.0749
0.2249 27.53 0.1035
0.1562 31.79 0.0856
0.2200 19.86 0.1061
0.2964 9.27 0.2023
0.2364 9.91 0.1488
0.2290 12.16 0.1419
0.1900 17.09 0.1131
0.0844 80.51 0.0878
0.2566 16.49 0.1466
0.2188 28.61 0.0898
0.2257 27.78 0.0941
0.2537 15.17 0.1578
0.1492 49.68 0.0856
0.2821 10.19 0.1709
0.1720 44.13 0.0850
0.1846 39.77 0.0851
0.1878 35.52 0.0905
0.1442 34.59 0.0826
0.1594 29.26 0.0942
0.1555 29.44 0.0908
0.1693 24.29 0.0958
0.1319 60.64 0.0805
0.3451 9.94 0.1563
0.2274 10.27 0.1623
0.0893 84.20 0.0813
0.2065 20.74 0.0978
0.1559 54.06 0.0813
0.1556 38.33 0.0781
0.1230 59.04 0.0723
0.1438 57.11 0.0732
0.2231 21.31 0.0997
0.1555 27.09 0.0759
0.2182 11.68 0.1264
0.2030 30.16 0.0851
0.1641 63.98 0.0763
0.2634 16.10 0.1226
0.2163 13.67 0.1294
0.2370 20.88 0.1034
0.2133 22.05 0.1246
0.2450 24.52 0.0942
0.3585 6.50 0.2907
0.1707 24.42 0.0997
0.1965 31.68 0.1003
0.1813 16.21 0.1261
0.2436 20.09 0.1041
0.1529 27.10 0.0842
0.2061 17.32 0.1201
0.2635 13.65 0.1429
0.2102 17.46 0.1662
0.1657 35.43 0.0806
0.1159 58.40 0.0839
0.2015 19.34 0.1151
0.1949 13.06 0.1193
0.2114 29.99 0.1088
0.1788 38.52 0.0751
0.1440 23.40 0.0983
0.2052 22.51 0.1018
0.1091 76.07 0.0727
0.1045 47.07 0.0889
0.2323 15.85 0.1401
0.2622 16.54 0.1345
0.2255 13.19 0.1149
0.2724 21.29 0.1071
0.2403 9.90 0.1901
0.1933 20.78 0.1001
0.2824 18.29 0.1364
0.2702 14.73 0.1291
0.2908 21.80 0.1311
0.1842 32.14 0.0959
0.2462 11.30 0.2174
0.1837 20.96 0.1045
0.2251 30.28 0.0947
0.2007 37.79 0.0822
0.1807 17.52 0.0602
0.2014 22.60 0.1107
0.2445 13.76 0.1024
0.2440 10.50 0.1972
0.2098 12.48 0.2058
0.2451 18.49 0.1161
0.1225 62.87 0.0681
0.1066 73.31 0.0722
0.2107 25.88 0.0914
0.1525 36.26 0.0808
0.2072 24.16 0.1042
0.1628 13.96 0.1349
0.0844 77.67 0.0768
0.1543 30.67 0.0822
0.1606 18.93 0.1145
0.2105 13.74 0.1169
0.2243 16.45 0.1015
0.1902 15.50 0.1298
0.1860 25.32 0.0887
0.1811 19.10 0.1018
0.1976 28.90 0.0918
0.1381 55.50 0.0798
0.1028 62.90 0.0845
0.2371 15.20 0.1143
0.2325 22.88 0.0907
0.2831 9.67 0.1605
0.1850 21.12 0.1054
0.3016 12.67 0.1424
0.2882 15.35 0.1702
0.1862 26.66 0.1085
0.1429 39.05 0.0729
0.3382 9.85 0.2129
0.3308 8.41 0.1753
0.1881 31.94 0.0936
0.2229 16.14 0.1479
0.2579 8.70 0.2187
0.2525 16.64 0.1756
0.2325 14.16 0.1348
0.2918 7.99 0.2066
0.3131 13.68 0.2036
0.1811 18.86 0.1107
0.0959 40.17 0.0878
0.2054 14.68 0.1611
0.3561 8.98 0.2097
0.1374 42.99 0.0760
0.2746 22.66 0.1212
0.2348 26.50 0.1159
0.2509 13.75 0.1600
0.2687 15.55 0.1343
0.2244 22.64 0.1236
0.2276 14.37 0.1252
0.1325 39.80 0.0854
0.1996 33.24 0.0863
0.2527 8.92 0.1714
0.3105 18.34 0.1483
0.1839 32.26 0.0875
0.1587 50.12 0.0783
0.2973 12.23 0.1798
0.1379 24.88 0.1022
0.2329 9.93 0.1900
0.1722 37.67 0.0793
0.2159 29.83 0.1011
0.2727 31.41 0.0923
0.1528 26.08 0.1004
0.1456 47.28 0.0735
0.2264 10.65 0.1583
0.3406 7.92 0.1774
0.2229 42.90 0.0935
0.1579 27.94 0.1556
0.2925 15.19 0.1323
0.2435 12.20 0.1558
0.1483 27.17 0.0842
0.2669 9.89 0.1950
0.1459 43.82 0.1074
0.1092 59.44 0.0749
0.2358 27.84 0.1154
0.2001 16.80 0.1139
0.2185 16.57 0.1315
0.2460 17.01 0.1476
0.2346 13.38 0.1531
0.1786 24.72 0.0905
0.2858 8.35 0.2041
0.2583 22.75 0.1127
0.3023 26.40 0.1075
0.2194 24.34 0.1057
0.1469 54.61 0.0737
0.1808 40.59 0.0817
0.1549 29.14 0.0849
0.1489 43.64 0.0852
0.2309 22.06 0.1163
0.2564 20.04 0.1169
0.2291 31.63 0.0987
0.1460 45.46 0.0790
0.2985 14.41 0.1690
0.1978 18.15 0.1220
0.1981 24.22 0.0873
0.1831 53.87 0.0748
0.3267 6.43 0.3062
0.1623 58.38 0.0794
0.2831 14.32 0.1524
0.1945 17.00 0.1038
0.3007 9.18 0.1901
0.1356 52.33 0.0699
0.3597 9.52 0.2572
0.0922 64.89 0.0793
0.2706 17.23 0.1336
0.1841 33.99 0.0910
0.2555 10.73 0.1928
0.2023 41.62 0.0842
0.1749 25.40 0.0840
0.2483 10.19 0.2105
0.2242 21.38 0.1032
0.2141 13.52 0.1082
0.2752 13.74 0.2153
0.2730 17.24 0.1638
0.1180 50.22 0.0812
0.2705 13.29 0.1891
0.2002 26.72 0.0959
0.0975 95.61 0.0699
0.2274 17.25 0.1215
0.1641 43.51 0.0862
0.2609 9.70 0.1635
0.2386 26.82 0.1226
0.2096 19.54 0.1199
0.1810 24.68 0.1162
0.1359 43.25 0.0690
0.2039 23.11 0.1260
0.1940 28.39 0.0903
0.0744 69.47 0.0809
0.1899 26.62 0.0827
0.3570 7.05 0.2533
0.2394 23.01 0.0991
0.2838 8.31 0.2130
0.1834 47.87 0.0775
0.0884 54.93 0.0747
0.1680 18.21 0.1121
0.3070 13.16 0.1688
0.2154 18.69 0.1126
0.2733 17.31 0.1282
0.1870 13.61 0.1395
0.2773 16.21 0.1404
0.0997 52.74 0.0714
0.2021 33.96 0.0943
0.1593 32.97 0.1175
0.2420 15.23 0.1700
0.2589 10.16 0.1661
0.1131 37.16 0.0803
0.2526 19.37 0.1483
0.2276 31.07 0.1053
0.2055 21.82 0.1196
0.3140 7.89 0.2297
0.1881 44.79 0.0717
0.1333 38.47 0.0765
0.1102 59.36 0.0702
0.2469 24.88 0.1156
0.1815 32.55 0.1143
0.2493 17.92 0.1131
0.1434 34.02 0.0779
0.2194 26.68 0.0956
0.2715 9.93 0.1540
0.2204 21.05 0.1145
0.0955 74.07 0.0703
0.1969 16.34 0.1261
0.1443 48.39 0.0780
0.2043 17.32 0.0922
0.1775 36.95 0.0869
0.1682 21.00 0.0966
0.3411 12.74 0.1387
0.2279 22.88 0.1075
0.2373 13.18 0.1388
0.3088 25.99 0.1186
0.2264 33.06 0.0984
0.1007 81.78 0.0740
0.2371 16.06 0.0982
0.2161 23.82 0.1001
0.2068 15.49 0.1196
0.1389 45.43 0.0805
0.1300 68.87 0.0728
0.1869 21.56 0.1021
0.1688 24.48 0.1006
0.2630 14.46 0.1947
0.2041 25.47 0.0979
0.2064 26.12 0.1118
0.2724 9.17 0.2044
0.4004 6.50 0.2312
0.1218 57.99 0.0766
0.2038 16.44 0.1407
0.2501 13.95 0.1317
0.1600 37.72 0.0833
0.1872 24.13 0.1032
0.2155 15.11 0.1032
0.2571 10.06 0.1492
0.1396 51.56 0.0798
0.1723 36.56 0.0937
0.1304 47.72 0.0684
0.1528 51.36 0.0749
0.2703 22.11 0.1095
0.2463 17.30 0.1092
0.3208 10.00 0.2070
0.3326 12.62 0.1710
0.1956 24.84 0.0948
0.0732 100.05 0.0748
0.2447 23.94 0.1023
0.1786 35.98 0.1013
0.3762 8.96 0.1910
0.1817 32.57 0.1003
0.1148 74.62 0.0826
0.2091 24.39 0.1215
0.2949 9.98 0.1809
0.1302 31.81 0.0826
0.2658 18.68 0.1221
0.2311 13.49 0.1118
0.2393 11.11 0.1595
0.1430 53.99 0.0703
0.2416 17.15 0.1243
0.2518 22.85 0.1213
0.3094 9.34 0.1550
0.1836 29.60 0.0865
0.1324 66.44 0.0674
0.1787 28.42 0.0965
0.1845 13.70 0.1136
0.2669 17.29 0.1157
0.2875 15.72 0.1403
0.1448 25.91 0.1511
0.1646 16.99 0.1380
0.2552 15.72 0.1074
0.2946 7.54 0.1979
0.2996 18.48 0.1250
0.2429 11.62 0.1340
0.3151 9.81 0.2396
0.2807 11.04 0.1380
0.2353 26.47 0.1015
0.3232 15.16 0.1246
0.2335 19.84 0.1160
0.2885 16.35 0.1680
0.2017 35.17 0.0944
0.2967 14.98 0.1344
0.1583 23.40 0.1026
0.1169 43.48 0.0779
0.2192 14.84 0.1278
0.0735 102.84 0.0768
0.1575 35.65 0.1085
0.2533 16.12 0.1218
0.2085 26.36 0.0875
0.2005 15.26 0.1086
0.1338 63.90 0.0714
0.0774 102.50 0.0887
0.2573 7.42 0.2828
0.1799 35.51 0.0760
0.1413 35.64 0.0814
0.1644 39.91 0.0814
0.2444 16.70 0.1200
0.1853 25.22 0.1052
0.1838 27.29 0.1012
0.2334 9.74 0.1660
0.2386 33.39 0.0979
0.2017 14.04 0.1430
0.1901 17.59 0.1073
0.2549 21.41 0.1303
0.2442 17.34 0.1556
0.0754 92.82 0.0809
0.2756 15.08 0.1137
0.2422 24.66 0.1057
0.2008 20.87 0.1041
0.1463 32.14 0.0789
0.1677 27.19 0.1269
0.2700 24.63 0.1283
0.3430 11.49 0.1441
0.1732 40.74 0.0829
0.2275 22.47 0.1108
0.2717 14.53 0.1389
0.2254 14.24 0.1105
0.1847 24.46 0.0893
0.2915 7.88 0.2258
0.2501 11.04 0.1669
0.1746 27.32 0.0915
0.2185 16.39 0.1103
0.1458 30.61 0.0805
0.2283 13.71 0.1331
0.2736 11.97 0.1499
0.1229 22.80 0.0965
0.3475 9.89 0.1884
0.1513 30.83 0.0829
0.1943 17.26 0.0906
0.3962 9.99 0.2038
0.2507 21.45 0.1230
0.1462 63.69 0.0747
0.3408 9.62 0.1752
0.1321 36.78 0.1002
0.3174 7.63 0.1673
0.1753 25.62 0.1075
0.1875 27.95 0.0950
0.1584 23.45 0.1122
0.1683 36.11 0.0854
0.1110 28.77 0.0931
0.2490 21.90 0.1277
0.3226 11.88 0.1614
0.2410 16.75 0.1578
0.2360 11.27 0.1562
0.1546 23.54 0.1018
0.2644 19.40 0.1521
0.1922 27.22 0.0959
0.3102 7.18 0.2158
0.3098 10.38 0.1697
0.2137 23.76 0.1123
0.1661 36.05 0.0877
0.1729 24.72 0.1084
0.1931 26.47 0.0971
0.1908 21.31 0.1151
0.2039 26.01 0.0886
0.2939 13.41 0.1902
0.1571 24.03 0.1308
0.2183 12.83 0.1314
0.0853 90.18 0.0730
0.2499 10.16 0.1734
0.1897 16.46 0.1147
0.2632 14.73 0.1355
0.1148 62.91 0.0769
0.1761 28.88 0.0866
0.1987 18.78 0.1251
0.2917 9.28 0.1699
0.2020 24.60 0.1095
0.1312 55.65 0.0741
0.2677 8.95 0.1919
0.3109 11.13 0.1588
0.3389 8.33 0.1813
0.1510 27.93 0.0822
0.2175 12.21 0.1744
0.2185 23.68 0.1046
0.1673 40.19 0.0844
0.2923 18.81 0.1310
0.2615 20.42 0.1194
0.2397 26.30 0.1098
0.1864 30.45 0.0919
0.1592 43.52 0.0815
0.1245 33.62 0.0931
0.1739 28.07 0.1165
0.1576 45.93 0.0774
0.1507 33.65 0.0778
0.1947 21.87 0.1063
0.0773 81.18 0.0810
0.1446 43.04 0.0911
0.1730 13.78 0.1167
0.2933 10.65 0.2009
0.2384 23.20 0.1044
0.1021 52.12 0.0764
0.1577 38.06 0.1028
0.2535 21.17 0.1117
0.1258 45.66 0.0771
0.2513 21.82 0.0986
0.2164 43.60 0.0802
0.3273 7.51 0.2019
0.1565 34.49 0.0862
0.3645 10.20 0.1901
0.2641 10.43 0.1965
0.2438 26.20 0.0910
0.1785 32.96 0.0928
0.1602 27.79 0.0783
0.1882 24.77 0.0948
0.2789 26.56 0.1148
0.1994 32.08 0.1168
0.2621 17.51 0.1061
0.1041 68.61 0.0725
0.2124 14.95 0.1144
0.2491 10.16 0.1645
0.0814 71.53 0.0772
0.2595 15.26 0.1958
0.1416 43.89 0.0816
0.2146 27.19 0.1011
0.2020 20.39 0.1141
0.3054 10.28 0.1720
0.2703 21.70 0.1121
0.2649 9.40 0.1982
0.1482 23.75 0.0943
0.2279 18.83 0.1311
0.1570 23.65 0.1187
0.1635 20.93 0.0989
0.1836 45.86 0.0815
0.2256 17.74 0.1745
0.1835 25.83 0.0909
0.1983 30.52 0.1104
0.2759 10.68 0.1636
0.2024 29.46 0.1023
0.2439 21.33 0.1270
0.1157 60.06 0.1174
0.1257 36.81 0.0800
0.2329 17.82 0.1230
0.2529 11.35 0.1680
0.1472 43.15 0.0882
0.1635 44.70 0.1015
0.1505 33.88 0.0768
0.2448 20.87 0.1124
0.2271 21.57 0.0998
0.3073 9.45 0.1566
0.1368 34.41 0.0858
0.1868 19.76 0.1014
0.2223 30.72 0.1012
0.1546 47.66 0.0791
0.1414 27.92 0.0894
0.2437 11.84 0.1704
0.2726 10.05 0.1468
0.3026 11.26 0.1868
0.3109 16.14 0.1562
0.2135 16.13 0.1248
0.1697 40.96 0.0943
0.3510 8.64 0.2135
0.2817 8.96 0.2042
0.2658 20.60 0.1258
0.2407 20.47 0.1227
0.1618 15.77 0.1307
0.2302 14.60 0.1369
0.1181 63.54 0.0726
0.2350 19.32 0.1070
0.0939 89.65 0.0726
0.1866 20.97 0.0952
0.1234 51.18 0.0710
0.2317 20.87 0.1140
0.2389 11.46 0.1787
0.3431 10.07 0.1687
0.1403 34.36 0.0816
0.2606 24.38 0.1414
0.2189 13.47 0.1630
0.2031 11.26 0.1558
0.2300 23.07 0.1387
0.2456 25.41 0.0995
0.1080 48.30 0.1005
0.1957 20.66 0.1003
0.1820 28.24 0.0916
0.2712 10.26 0.2302
0.3026 7.08 0.2602
0.1890 16.09 0.1252
0.3554 10.88 0.1564
0.1614 38.67 0.0849
0.1874 27.37 0.1030
0.2403 18.25 0.1324
0.2040 20.05 0.1063
0.2328 11.20 0.1405
0.1729 36.16 0.1031
0.1581 41.70 0.0877
0.2400 16.93 0.1202
0.1806 24.61 0.0900
0.0869 56.54 0.0805
0.1453 44.43 0.0752
0.3780 11.86 0.1633
0.2289 20.54 0.1024
0.2004 20.74 0.1041
0.1941 41.10 0.0740
0.2094 42.03 0.0784
0.1371 63.29 0.0659
0.2595 11.69 0.1228
0.0895 63.49 0.0768
0.2459 14.58 0.1456
0.2225 14.67 0.1324
0.1569 24.09 0.1022
0.1678 45.99 0.0897
0.2700 8.86 0.1973
0.3328 11.12 0.1541
0.1673 15.39 0.0925
0.2351 14.92 0.1049
0.0808 79.86 0.0806
0.0850 71.49 0.0785
0.2181 6.50 0.1983
0.2058 16.83 0.1347
0.2969 25.82 0.1215
0.4029 10.39 0.2079
0.2313 12.30 0.1689
0.1450 49.67 0.0821
0.2928 13.71 0.1411
0.2763 14.56 0.1297
0.1833 53.39 0.0741
0.0795 87.93 0.0756
0.1472 42.69 0.0927
0.2360 22.47 0.1018
0.1572 47.10 0.0952
0.1157 49.99 0.0677
0.2296 19.51 0.1344
0.2556 9.77 0.2386
0.2087 15.23 0.1502
0.1799 28.00 0.0911
0.4327 9.29 0.2081
0.2174 19.37 0.1003
0.1157 53.47 0.0870
0.1768 19.42 0.1476
0.1866 21.55 0.1402
0.2269 14.05 0.1227
0.1698 24.63 0.0962
0.1411 39.79 0.0797
0.2812 12.63 0.1661
0.1312 67.85 0.0883
0.1614 32.44 0.0785
0.1658 35.41 0.0786
0.1497 43.83 0.0782
0.3022 11.07 0.1432
0.2198 32.51 0.0980
0.2118 14.48 0.1319
0.3538 9.93 0.2207
0.1770 10.98 0.1652
0.2468 15.93 0.1402
0.1306 59.71 0.0733
0.2276 17.92 0.1133
0.1596 42.86 0.0833
0.1124 53.38 0.0717
0.1620 55.45 0.0721
0.1344 66.81 0.0835
0.2065 23.70 0.1012
0.4050 11.35 0.1415
0.2049 21.65 0.1044
0.1017 86.07 0.0689
0.1594 31.62 0.0935
0.2499 21.28 0.1365
0.2367 13.20 0.1406
0.1444 64.33 0.0699
0.0821 75.92 0.0758
0.2616 18.25 0.1301
0.2498 23.26 0.1085
0.2422 26.89 0.1259
0.1804 27.75 0.0977
0.1347 47.00 0.0842
0.2571 15.38 0.1169
0.2320 10.69 0.1747
0.2969 13.38 0.1355
0.2170 20.36 0.1033
0.1739 19.72 0.1180
0.1698 58.17 0.0750
0.1843 26.50 0.0952
0.2096 31.75 0.0973
0.3824 7.64 0.2430
0.2106 11.39 0.1508
0.0849 69.21 0.0797
0.2346 9.62 0.2014
0.0735 94.89 0.0819
0.1757 20.70 0.1186
0.2611 12.88 0.1527
0.2243 10.09 0.1878
0.1912 22.13 0.0937
0.3249 10.32 0.2409
0.2134 25.24 0.1021
0.2529 22.89 0.0999
0.1562 44.88 0.0814
0.1336 28.16 0.0966
0.1680 47.09 0.0762
0.2048 18.52 0.1096
0.2848 14.03 0.1762
0.1952 18.93 0.1188
0.2331 11.25 0.1803
0.1901 14.67 0.1544
0.3209 8.06 0.2296
0.2071 20.29 0.1137
0.2110 22.82 0.0956
0.3564 7.26 0.2172
0.2101 25.81 0.1024
0.0710 83.39 0.0744
0.2181 17.59 0.1463
0.3144 11.22 0.1865
0.1364 24.35 0.1022
0.0989 77.48 0.0766
0.2681 15.62 0.1465
0.2289 26.86 0.1188
0.2229 22.39 0.1403
0.2998 7.89 0.1821
0.1692 27.30 0.0933
0.1761 22.30 0.1026
0.1786 25.71 0.0989
0.2316 17.88 0.1383
0.1260 48.32 0.0789
0.0963 65.56 0.1100
0.2151 26.24 0.0892
0.2460 13.27 0.1533
0.1560 30.21 0.0815
0.2411 10.57 0.1591
0.3421 9.43 0.2050
0.2774 16.60 0.1444
0.2188 15.86 0.1158
0.1843 31.68 0.0951
0.1802 49.61 0.0765
0.1761 20.25 0.0968
0.2637 20.92 0.1145
0.2538 13.96 0.1299
0.1531 35.92 0.0754
0.2274 23.90 0.1256
0.1978 12.91 0.1421
0.2257 12.86 0.1531
0.1686 15.60 0.1076
0.2595 27.09 0.1040
0.1062 71.54 0.0719
0.2733 15.07 0.1142
0.1378 60.55 0.0684
0.3003 15.77 0.1390
0.1336 49.12 0.0764
0.3059 7.32 0.2085
0.2510 18.40 0.1285
0.1084 63.43 0.0729
0.1970 27.31 0.0958
0.2327 14.79 0.1146
0.2674 18.72 0.1380
0.2216 15.93 0.1259
0.2638 17.05 0.1055
0.2922 8.04 0.2746
0.1734 41.45 0.0787
0.1417 39.18 0.0793
0.1296 55.03 0.0726
0.2269 28.38 0.0926
0.2241 13.88 0.1207
0.3291 9.68 0.1810
0.1275 68.31 0.0683
0.1210 68.34 0.0752
0.1956 20.25 0.0992
0.1028 44.45 0.1161
0.1474 58.68 0.1087
0.1530 22.26 0.1185
0.1123 43.04 0.0851
0.2790 17.25 0.1320
0.2675 13.56 0.1761
0.0761 72.89 0.0755
0.1459 58.52 0.0803
0.3476 7.64 0.2189
0.2112 14.84 0.1181
0.1408 38.48 0.0728
0.3100 10.48 0.2073
0.2428 18.49 0.1175
0.1570 35.64 0.0776
0.1624 32.59 0.0796
0.2121 18.92 0.1565
0.2435 24.66 0.0970
0.3207 15.84 0.1191
0.1644 25.89 0.1150
0.2464 19.26 0.1569
0.1282 37.57 0.0916
0.1304 41.49 0.0799
0.3224 8.37 0.2013
0.2220 19.09 0.1111
0.2274 8.47 0.2103
0.2410 14.40 0.1411
0.3452 10.96 0.1718
0.2899 25.82 0.1169
0.2495 20.18 0.1183
0.0955 95.02 0.0911
0.1041 72.99 0.0745
0.1892 20.83 0.1134
0.3582 13.96 0.1327
0.1762 41.64 0.0858
0.2019 18.43 0.1074
0.2389 8.64 0.1934
0.2921 7.61 0.2673
0.2288 16.20 0.1442
0.0741 67.25 0.0754
0.1611 28.73 0.0855
0.3583 8.85 0.1457
0.2315 11.95 0.1505
0.1859 18.88 0.1327
0.1171 50.49 0.0734
0.1898 16.75 0.1115
0.1189 18.87 0.0922
0.1784 33.77 0.0767
0.1922 25.19 0.0953
0.2536 15.02 0.1569
0.2465 15.01 0.1532
0.2703 21.89 0.1349
0.2277 20.02 0.1323
0.1126 45.93 0.0836
0.2085 14.75 0.1199
0.1770 23.63 0.0924
0.1856 34.39 0.0805
0.3928 11.98 0.1749
0.1889 15.29 0.1263
0.1793 29.49 0.0931
0.1872 19.42 0.1262
0.2211 11.71 0.1224
0.1859 22.91 0.1093
0.2045 24.97 0.1013
0.2065 17.38 0.1149
0.2900 10.91 0.1340
0.1137 51.22 0.0880
0.1694 26.15 0.1005
0.1747 53.06 0.0834
0.1679 51.70 0.0710
0.3083 8.85 0.1578
0.1120 57.38 0.0721
0.2370 18.20 0.1078
0.1920 23.86 0.1109
0.1437 31.33 0.0770
0.2101 15.51 0.1366
0.1927 28.38 0.0960
0.1474 62.34 0.0780
0.1708 51.64 0.0742
0.3063 11.38 0.1295
0.2251 11.08 0.1364
0.1976 19.32 0.1264
0.3798 7.10 0.1983
0.2091 32.19 0.0951
0.1580 37.31 0.0841
0.1547 24.95 0.0867
0.1197 40.58 0.0907
0.2337 21.16 0.1052
0.2263 18.91 0.1305
0.1301 31.17 0.0787
0.3531 9.80 0.2789
0.0737 110.30 0.0736
0.2061 35.63 0.1034
0.2948 7.28 0.2118
0.0901 76.53 0.0888
0.2596 12.26 0.1528
0.2316 17.54 0.1197
0.1927 31.25 0.0757
0.1985 15.28 0.1309
0.1544 44.54 0.0851
0.2229 31.19 0.0783
0.2709 14.56 0.1220
0.1826 32.16 0.0829
0.3537 6.33 0.2495
0.2871 23.32 0.1304
0.2472 24.89 0.1159
0.2891 8.36 0.1951
0.2328 16.43 0.1167
0.1811 16.64 0.1091
0.1517 29.07 0.0838
0.1820 23.02 0.0891
0.1250 56.43 0.0844
0.1642 21.14 0.1202
0.4037 10.55 0.1972
0.1957 17.15 0.1133
0.1855 23.50 0.1058
0.0961 66.51 0.0725
0.2000 21.66 0.0975
0.2009 24.90 0.1114
0.2654 7.60 0.2209
0.2999 11.36 0.1906
0.3005 12.67 0.1437
0.1507 30.97 0.0860
0.3550 8.79 0.3102
0.2491 34.44 0.0903
0.1658 23.61 0.0895
0.1952 14.63 0.1456
0.1957 15.56 0.1455
0.1956 34.83 0.1039
0.2477 8.85 0.1824
0.3171 10.69 0.1562
0.1999 15.45 0.1186
0.3181 9.53 0.2005
0.2151 23.40 0.0932
0.1111 40.57 0.0802
0.2561 16.63 0.1279
0.1102 51.63 0.0813
0.1462 43.09 0.0848
0.1799 19.36 0.1417
0.2774 10.23 0.1823
0.1577 43.74 0.0732
0.1750 23.19 0.0976
0.2796 14.67 0.1369
0.3926 7.22 0.2545
0.1849 27.13 0.1063
0.2771 14.01 0.1525
0.0759 76.81 0.0766
0.2207 18.99 0.1516
0.0880 66.73 0.0741
0.2142 14.11 0.1495
0.3490 8.97 0.2237
0.1761 26.48 0.0901
0.1468 29.93 0.0992
0.1681 10.62 0.1727
0.2827 9.87 0.1983
0.1998 22.80 0.1005
0.1194 30.45 0.0957
0.1678 34.72 0.0886
0.2143 23.53 0.1332
0.2071 30.88 0.0889
0.1861 17.00 0.1234
0.1275 59.53 0.0719
0.2273 23.81 0.1051
0.2378 22.47 0.1263
0.2337 15.20 0.1336
0.0831 82.24 0.0735
0.1033 43.67 0.0844
0.3317 8.67 0.1829
0.4101 8.92 0.2631
0.1855 23.49 0.0991
0.1996 28.60 0.0857
0.2718 10.67 0.2077
0.3082 13.43 0.2071
0.1610 33.10 0.0828
0.2115 15.23 0.1170
0.0889 54.33 0.0867
0.2576 15.34 0.1267
0.2197 26.24 0.0921
0.1453 48.63 0.0751
0.1522 25.41 0.1180
0.1064 49.56 0.0846
0.2355 22.66 0.1110
0.1532 50.44 0.0939
0.2935 13.31 0.1496
0.2474 18.48 0.1350
0.1472 28.34 0.0930
0.2679 16.22 0.1235
0.1284 59.09 0.0695
0.2897 20.18 0.1204
0.2153 12.69 0.1351
0.2507 13.02 0.1368
0.1761 38.83 0.0981
0.0893 54.24 0.0738
0.2544 11.54 0.1830
0.1666 15.83 0.1023
0.2738 14.27 0.1349
0.3094 7.11 0.2333
0.1117 37.10 0.0901
0.2995 16.12 0.1474
0.2096 18.39 0.1033
0.2555 19.46 0.1354
0.1735 56.69 0.0742
0.1904 30.61 0.0889
0.2361 15.87 0.1319
0.1380 40.41 0.0822
0.1079 31.22 0.1711
0.2414 14.70 0.1432
0.2561 24.69 0.1047
0.3681 9.06 0.2265
0.1760 17.95 0.0939
0.0990 50.43 0.0880
0.2418 15.03 0.1134
0.1314 39.97 0.0901
0.1497 47.96 0.0721
0.1885 18.85 0.1182
0.1603 40.55 0.0805
0.2083 14.01 0.1382
0.2493 18.57 0.1281
0.1457 31.20 0.0816
0.2502 14.00 0.1444
0.1890 23.54 0.0941
0.1925 14.04 0.1380
0.2979 7.04 0.2035
0.1463 37.60 0.0782
0.2727 20.86 0.1261
0.2379 14.56 0.1177
0.4021 9.68 0.1527
0.1793 27.97 0.1115
0.1997 21.15 0.1106
0.2461 14.50 0.1265
0.2995 9.11 0.1661
0.2518 10.45 0.1697
0.2051 18.90 0.1095
0.1428 43.99 0.0783
0.1327 38.59 0.0881
0.0822 66.61 0.0752
0.2625 14.37 0.1895
0.1558 53.21 0.0862
0.3846 7.42 0.2684
0.2006 14.10 0.1090
0.1794 32.34 0.0854
0.2765 12.85 0.2057
0.1517 31.93 0.0914
0.2217 21.63 0.1128
0.1351 42.72 0.0947
0.2362 18.63 0.1177
0.2955 10.02 0.1986
0.1762 9.00 0.2197
0.3292 13.03 0.1612
0.2202 23.76 0.1233
0.2404 7.37 0.2020
0.1373 54.40 0.0704
0.1659 25.62 0.0847
0.1911 19.27 0.1131
0.1863 34.94 0.0838
0.1247 32.91 0.0725
0.2260 10.93 0.1505
0.2528 17.86 0.1238
0.1443 21.07 0.0968
0.1963 28.47 0.0939
0.1983 21.42 0.0900
0.2676 17.00 0.1364
0.2557 19.86 0.1066
0.2134 22.66 0.1134
0.2255 18.83 0.1206
0.0825 74.72 0.0808
0.1446 45.17 0.0801
0.1960 23.47 0.1194
0.1911 31.22 0.0908
0.1716 30.62 0.0944
0.0768 86.66 0.0757
0.2149 15.07 0.1123
0.2281 24.23 0.1021
0.3938 7.89 0.2123
0.2908 14.57 0.1445
0.2340 20.33 0.0820
0.1126 45.49 0.0886
0.0889 83.47 0.1211
0.2491 17.32 0.1358
0.1742 24.98 0.1032
0.3048 11.05 0.1672
0.3102 12.07 0.1964
0.2076 27.57 0.1181
0.2324 25.64 0.0943
0.1639 36.95 0.0777
0.2219 17.99 0.0990
0.1325 71.64 0.0707
0.2529 22.50 0.0996
0.2362 20.47 0.1140
0.1778 29.74 0.0951
0.1042 50.88 0.0720
0.2056 26.17 0.0951
0.1956 26.28 0.0871
0.2060 15.91 0.0810
0.1287 45.28 0.0924
0.1233 24.18 0.1111
0.2663 9.52 0.1465
0.1503 27.95 0.0945
0.1837 35.43 0.0852
0.1588 68.68 0.0785
0.2312 18.89 0.1450
0.3027 16.74 0.1425
0.1348 65.02 0.0732
0.3882 7.70 0.2360
0.1886 21.11 0.1544
0.2236 28.19 0.1261
0.2192 16.59 0.1839
0.0891 40.87 0.0947
0.1810 31.08 0.0925
0.2110 31.05 0.0932
0.1735 31.41 0.0919
0.2832 6.81 0.2761
0.2031 26.45 0.0821
0.0843 90.57 0.0873
0.3245 10.94 0.1909
0.2396 14.70 0.1087
0.3736 12.07 0.1468
0.1423 26.16 0.0854
0.2411 15.44 0.1713
0.2974 21.85 0.1438
0.2186 43.53 0.0816
0.2210 21.84 0.1109
0.1835 33.52 0.0939
0.1614 24.71 0.1154
0.2634 9.74 0.1717
0.1385 59.54 0.0834
0.2422 34.22 0.1066
0.2407 11.89 0.1345
0.3946 7.17 0.1404
0.3300 6.87 0.2721
0.0908 92.82 0.0787
0.2428 16.53 0.1325
0.2566 8.36 0.1948
0.1976 20.33 0.1134
0.3699 5.98 0.4402
0.3245 15.71 0.1284
0.1288 29.26 0.0893
0.1160 47.90 0.0742
0.1681 17.90 0.1053
0.2713 17.89 0.1285
0.2500 15.72 0.1378
0.0780 91.47 0.0748
0.2456 21.77 0.1071
0.2432 22.28 0.0923
0.1075 41.36 0.1129
0.2208 27.21 0.0983
0.2133 43.17 0.0688
0.1184 55.54 0.0725
0.1588 27.68 0.1090
0.2616 29.56 0.1175
0.1539 45.03 0.0837
0.1514 50.96 0.0806
0.2644 21.26 0.1134
0.1070 63.90 0.0731
0.1512 34.88 0.0810
0.2235 25.72 0.1218
0.2066 19.51 0.0963
0.3185 7.47 0.2359
0.1583 27.55 0.0853
0.1695 42.03 0.0792
0.1779 34.60 0.0793
0.3115 6.35 0.2358
0.1811 10.60 0.1649
0.2094 17.76 0.1402
0.1467 28.78 0.0824
0.2519 9.47 0.1735
0.1843 33.79 0.0891
0.1278 64.69 0.0689
0.2085 23.38 0.0848
0.1462 23.76 0.1029
0.2235 26.09 0.1192
0.2609 22.21 0.1212
0.2459 16.79 0.1839
0.2747 24.30 0.1260
0.2127 25.75 0.1069
0.1810 42.19 0.0808
0.4046 9.81 0.1497
0.0745 75.94 0.0804
0.2003 27.60 0.0998
0.1101 50.91 0.0746
0.2318 23.45 0.1067
0.3207 8.94 0.1661
0.3095 13.70 0.1434
0.2252 16.75 0.1091
0.3416 13.36 0.1582
0.2122 14.91 0.1503
0.2052 38.04 0.0850
0.2621 12.90 0.1851
0.1333 40.15 0.0877
0.1861 16.38 0.1226
0.2798 7.32 0.1920
0.1873 19.89 0.1369
0.2463 14.20 0.1321
0.0998 85.68 0.0733
0.1022 71.93 0.0742
0.0834 86.00 0.0918
0.2141 20.56 0.1516
0.1930 27.89 0.0857
0.2717 19.88 0.1360
0.2529 20.36 0.1227
0.2347 17.99 0.1020
0.2287 18.00 0.1521
0.2697 12.92 0.1951
0.3518 7.95 0.0943
0.1727 28.76 0.1091
0.2311 16.03 0.1366
0.1685 26.13 0.0854
0.1949 19.65 0.1026
0.2302 17.91 0.1070
0.4109 8.90 0.1882
0.3479 8.57 0.2111
0.2241 14.00 0.1916
0.2540 10.62 0.1701
0.1047 55.74 0.0726
0.2483 13.40 0.1451
0.1310 30.72 0.1139
0.2522 12.68 0.1384
0.2436 27.12 0.1053
0.1648 39.64 0.1092
0.0785 48.67 0.0921
0.1818 18.48 0.1343
0.2218 19.53 0.1235
0.2104 11.35 0.1647
0.2508 17.80 0.1201
0.2213 17.59 0.1577
0.2866 8.44 0.2008
0.1360 41.65 0.0743
0.1385 48.77 0.0803
0.1532 54.02 0.0754
0.3276 13.71 0.1547
0.2301 16.87 0.1341
0.1501 41.57 0.0833
0.2507 24.48 0.1160
0.2848 12.59 0.1672
0.2316 19.38 0.1209
0.2182 17.35 0.0998
0.1109 52.13 0.0801
0.3942 6.02 0.3025
0.1489 53.17 0.1001
0.1506 20.07 0.0989
0.1124 67.53 0.0734
0.4359 10.05 0.2159
0.1582 30.63 0.0844
0.1946 18.80 0.1072
0.1231 69.53 0.0712
0.2999 13.07 0.1681
0.2525 15.15 0.1583
0.1936 52.90 0.0810
0.0993 85.44 0.0701
